<?xml version="1.0" encoding="UTF-8"?>
<testsuite name="com.uvanix.server.service.biz.impl.AccountBizServiceImplTest" time="0.901" tests="4" errors="1" skipped="1" failures="1">
  <properties>
[...]
</properties>
  <testcase name="test01_insert" classname="com.uvanix.server.service.biz.impl.AccountBizServiceImplTest" time="0.75">
    <error type="java.lang.NullPointerException:">java.lang.NullPointerException: null
	at com.uvanix.server.service.biz.impl.AccountBizServiceImplTest.test01_insert(AccountBizServiceImplTest.java:35)
</error>
    <system-out><![CDATA[20:43:55.420 [main] DEBUG org.springframework.test.context.junit4.SpringJUnit4ClassRunner - SpringJUnit4ClassRunner constructor called with [class com.uvanix.server.service.biz.impl.AccountBizServiceImplTest]
20:43:55.420 [main] DEBUG org.springframework.test.context.BootstrapUtils - Instantiating CacheAwareContextLoaderDelegate from class [org.springframework.test.context.cache.DefaultCacheAwareContextLoaderDelegate]
20:43:55.420 [main] DEBUG org.springframework.test.context.BootstrapUtils - Instantiating BootstrapContext using constructor [public org.springframework.test.context.support.DefaultBootstrapContext(java.lang.Class,org.springframework.test.context.CacheAwareContextLoaderDelegate)]
20:43:55.421 [main] DEBUG org.springframework.test.context.BootstrapUtils - Instantiating TestContextBootstrapper for test class [com.uvanix.server.service.biz.impl.AccountBizServiceImplTest] from class [org.springframework.boot.test.context.SpringBootTestContextBootstrapper]
20:43:55.421 [main] INFO org.springframework.boot.test.context.SpringBootTestContextBootstrapper - Neither @ContextConfiguration nor @ContextHierarchy found for test class [com.uvanix.server.service.biz.impl.AccountBizServiceImplTest], using SpringBootContextLoader
20:43:55.422 [main] DEBUG org.springframework.test.context.support.AbstractContextLoader - Did not detect default resource location for test class [com.uvanix.server.service.biz.impl.AccountBizServiceImplTest]: class path resource [com/uvanix/server/service/biz/impl/AccountBizServiceImplTest-context.xml] does not exist
20:43:55.422 [main] DEBUG org.springframework.test.context.support.AbstractContextLoader - Did not detect default resource location for test class [com.uvanix.server.service.biz.impl.AccountBizServiceImplTest]: class path resource [com/uvanix/server/service/biz/impl/AccountBizServiceImplTestContext.groovy] does not exist
20:43:55.422 [main] INFO org.springframework.test.context.support.AbstractContextLoader - Could not detect default resource locations for test class [com.uvanix.server.service.biz.impl.AccountBizServiceImplTest]: no resource found for suffixes {-context.xml, Context.groovy}.
20:43:55.422 [main] INFO org.springframework.test.context.support.AnnotationConfigContextLoaderUtils - Could not detect default configuration classes for test class [com.uvanix.server.service.biz.impl.AccountBizServiceImplTest]: AccountBizServiceImplTest does not declare any static, non-private, non-final, nested classes annotated with @Configuration.
20:43:55.435 [main] DEBUG org.springframework.test.context.support.ActiveProfilesUtils - Could not find an 'annotation declaring class' for annotation type [org.springframework.test.context.ActiveProfiles] and class [com.uvanix.server.service.biz.impl.AccountBizServiceImplTest]
20:43:55.435 [main] DEBUG org.springframework.core.env.StandardEnvironment - Adding PropertySource 'systemProperties' with lowest search precedence
20:43:55.435 [main] DEBUG org.springframework.core.env.StandardEnvironment - Adding PropertySource 'systemEnvironment' with lowest search precedence
20:43:55.435 [main] DEBUG org.springframework.core.env.StandardEnvironment - Initialized StandardEnvironment with PropertySources [MapPropertySource@1264213713 {name='systemProperties', properties={idea.version=2017.1.4, java.runtime.name=Java(TM) SE Runtime Environment, sun.boot.library.path=C:\develop\java\jre\bin, java.vm.version=25.121-b13, java.vm.vendor=Oracle Corporation, java.vendor.url=http://java.oracle.com/, path.separator=;, java.vm.name=Java HotSpot(TM) 64-Bit Server VM, file.encoding.pkg=sun.io, user.country=CN, user.script=, sun.java.launcher=SUN_STANDARD, sun.os.patch.level=, java.vm.specification.name=Java Virtual Machine Specification, user.dir=E:\github\spring-boot-dubbo-mybatis\spring-boot-dubbo-mybatis-server, java.runtime.version=1.8.0_121-b13, basedir=E:\github\spring-boot-dubbo-mybatis\spring-boot-dubbo-mybatis-server, java.awt.graphicsenv=sun.awt.Win32GraphicsEnvironment, java.endorsed.dirs=C:\develop\java\jre\lib\endorsed, os.arch=amd64, surefire.real.class.path=E:\github\spring-boot-dubbo-mybatis\spring-boot-dubbo-mybatis-server\target\surefire\surefirebooter4758770308799554804.jar, java.io.tmpdir=C:\Users\nice\AppData\Local\Temp\, line.separator=
, java.vm.specification.vendor=Oracle Corporation, user.variant=, os.name=Windows 10, sun.jnu.encoding=GBK, java.library.path=C:\develop\java\jre\bin;C:\WINDOWS\Sun\Java\bin;C:\WINDOWS\system32;C:\WINDOWS;C:\common\oracle\product\11.2.0\dbhome_1\bin;C:\develop\elasticsearch\elasticsearch-5.5.1\bin;E:\common\apache-maven-3.3.9-bin\apache-maven-3.3.9\bin;C:\develop\java\\bin;C:\ProgramData\Oracle\Java\javapath;C:\Program Files (x86)\Intel\iCLS Client\;C:\Program Files\Intel\iCLS Client\;C:\windows\system32;C:\windows;C:\windows\System32\Wbem;C:\windows\System32\WindowsPowerShell\v1.0\;C:\Program Files (x86)\Intel\Intel(R) Management Engine Components\DAL;C:\Program Files\Intel\Intel(R) Management Engine Components\DAL;C:\Program Files (x86)\Intel\Intel(R) Management Engine Components\IPT;C:\Program Files\Intel\Intel(R) Management Engine Components\IPT;C:\Program Files (x86)\NVIDIA Corporation\PhysX\Common;C:\Program Files\Intel\WiFi\bin\;C:\Program Files\Common Files\Intel\WirelessCommon\;C:\WINDOWS\system32;C:\WINDOWS;C:\WINDOWS\System32\Wbem;C:\WINDOWS\System32\WindowsPowerShell\v1.0\;C:\Program Files\MySQL\MySQL Utilities 1.6\;C:\Git\cmd;C:\Git\mingw64\bin;C:\Git\usr\bin;C:\Users\nice\AppData\Local\Microsoft\WindowsApps;;., surefire.test.class.path=E:\github\spring-boot-dubbo-mybatis\spring-boot-dubbo-mybatis-server\target\test-classes;E:\github\spring-boot-dubbo-mybatis\spring-boot-dubbo-mybatis-server\target\classes;E:\maven\localRepository\org\springframework\boot\spring-boot-starter-jdbc\1.5.7.RELEASE\spring-boot-starter-jdbc-1.5.7.RELEASE.jar;E:\maven\localRepository\org\springframework\boot\spring-boot-starter\1.5.7.RELEASE\spring-boot-starter-1.5.7.RELEASE.jar;E:\maven\localRepository\org\springframework\boot\spring-boot\1.5.7.RELEASE\spring-boot-1.5.7.RELEASE.jar;E:\maven\localRepository\org\springframework\boot\spring-boot-starter-logging\1.5.7.RELEASE\spring-boot-starter-logging-1.5.7.RELEASE.jar;E:\maven\localRepository\ch\qos\logback\logback-classic\1.1.11\logback-classic-1.1.11.jar;E:\maven\localRepository\ch\qos\logback\logback-core\1.1.11\logback-core-1.1.11.jar;E:\maven\localRepository\org\slf4j\jcl-over-slf4j\1.7.25\jcl-over-slf4j-1.7.25.jar;E:\maven\localRepository\org\slf4j\jul-to-slf4j\1.7.25\jul-to-slf4j-1.7.25.jar;E:\maven\localRepository\org\slf4j\log4j-over-slf4j\1.7.25\log4j-over-slf4j-1.7.25.jar;E:\maven\localRepository\org\yaml\snakeyaml\1.17\snakeyaml-1.17.jar;E:\maven\localRepository\org\apache\tomcat\tomcat-jdbc\8.5.20\tomcat-jdbc-8.5.20.jar;E:\maven\localRepository\org\apache\tomcat\tomcat-juli\8.5.20\tomcat-juli-8.5.20.jar;E:\maven\localRepository\org\springframework\spring-jdbc\4.3.11.RELEASE\spring-jdbc-4.3.11.RELEASE.jar;E:\maven\localRepository\org\springframework\spring-beans\4.3.11.RELEASE\spring-beans-4.3.11.RELEASE.jar;E:\maven\localRepository\org\springframework\spring-tx\4.3.11.RELEASE\spring-tx-4.3.11.RELEASE.jar;E:\maven\localRepository\org\springframework\boot\spring-boot-starter-web\1.5.7.RELEASE\spring-boot-starter-web-1.5.7.RELEASE.jar;E:\maven\localRepository\org\springframework\boot\spring-boot-starter-tomcat\1.5.7.RELEASE\spring-boot-starter-tomcat-1.5.7.RELEASE.jar;E:\maven\localRepository\org\apache\tomcat\embed\tomcat-embed-core\8.5.20\tomcat-embed-core-8.5.20.jar;E:\maven\localRepository\org\apache\tomcat\embed\tomcat-embed-el\8.5.20\tomcat-embed-el-8.5.20.jar;E:\maven\localRepository\org\apache\tomcat\embed\tomcat-embed-websocket\8.5.20\tomcat-embed-websocket-8.5.20.jar;E:\maven\localRepository\org\hibernate\hibernate-validator\5.3.5.Final\hibernate-validator-5.3.5.Final.jar;E:\maven\localRepository\javax\validation\validation-api\1.1.0.Final\validation-api-1.1.0.Final.jar;E:\maven\localRepository\org\jboss\logging\jboss-logging\3.3.1.Final\jboss-logging-3.3.1.Final.jar;E:\maven\localRepository\com\fasterxml\classmate\1.3.4\classmate-1.3.4.jar;E:\maven\localRepository\com\fasterxml\jackson\core\jackson-databind\2.8.10\jackson-databind-2.8.10.jar;E:\maven\localRepository\com\fasterxml\jackson\core\jackson-annotations\2.8.0\jackson-annotations-2.8.0.jar;E:\maven\localRepository\com\fasterxml\jackson\core\jackson-core\2.8.10\jackson-core-2.8.10.jar;E:\maven\localRepository\org\springframework\spring-web\4.3.11.RELEASE\spring-web-4.3.11.RELEASE.jar;E:\maven\localRepository\org\springframework\spring-aop\4.3.11.RELEASE\spring-aop-4.3.11.RELEASE.jar;E:\maven\localRepository\org\springframework\spring-context\4.3.11.RELEASE\spring-context-4.3.11.RELEASE.jar;E:\maven\localRepository\org\springframework\spring-webmvc\4.3.11.RELEASE\spring-webmvc-4.3.11.RELEASE.jar;E:\maven\localRepository\org\springframework\spring-expression\4.3.11.RELEASE\spring-expression-4.3.11.RELEASE.jar;E:\maven\localRepository\org\springframework\boot\spring-boot-starter-test\1.5.7.RELEASE\spring-boot-starter-test-1.5.7.RELEASE.jar;E:\maven\localRepository\org\springframework\boot\spring-boot-test\1.5.7.RELEASE\spring-boot-test-1.5.7.RELEASE.jar;E:\maven\localRepository\org\springframework\boot\spring-boot-test-autoconfigure\1.5.7.RELEASE\spring-boot-test-autoconfigure-1.5.7.RELEASE.jar;E:\maven\localRepository\com\jayway\jsonpath\json-path\2.2.0\json-path-2.2.0.jar;E:\maven\localRepository\net\minidev\json-smart\2.2.1\json-smart-2.2.1.jar;E:\maven\localRepository\net\minidev\accessors-smart\1.1\accessors-smart-1.1.jar;E:\maven\localRepository\org\ow2\asm\asm\5.0.3\asm-5.0.3.jar;E:\maven\localRepository\org\slf4j\slf4j-api\1.7.25\slf4j-api-1.7.25.jar;E:\maven\localRepository\junit\junit\4.12\junit-4.12.jar;E:\maven\localRepository\org\assertj\assertj-core\2.6.0\assertj-core-2.6.0.jar;E:\maven\localRepository\org\mockito\mockito-core\1.10.19\mockito-core-1.10.19.jar;E:\maven\localRepository\org\objenesis\objenesis\2.1\objenesis-2.1.jar;E:\maven\localRepository\org\hamcrest\hamcrest-core\1.3\hamcrest-core-1.3.jar;E:\maven\localRepository\org\hamcrest\hamcrest-library\1.3\hamcrest-library-1.3.jar;E:\maven\localRepository\org\skyscreamer\jsonassert\1.4.0\jsonassert-1.4.0.jar;E:\maven\localRepository\com\vaadin\external\google\android-json\0.0.20131108.vaadin1\android-json-0.0.20131108.vaadin1.jar;E:\maven\localRepository\org\springframework\spring-core\4.3.11.RELEASE\spring-core-4.3.11.RELEASE.jar;E:\maven\localRepository\org\springframework\spring-test\4.3.11.RELEASE\spring-test-4.3.11.RELEASE.jar;E:\maven\localRepository\mysql\mysql-connector-java\5.1.44\mysql-connector-java-5.1.44.jar;E:\maven\localRepository\com\alibaba\fastjson\1.2.39\fastjson-1.2.39.jar;E:\maven\localRepository\com\alibaba\druid-spring-boot-starter\1.1.4\druid-spring-boot-starter-1.1.4.jar;E:\maven\localRepository\com\alibaba\druid\1.1.4\druid-1.1.4.jar;C:\develop\java\jre\..\lib\jconsole.jar;C:\develop\java\jre\..\lib\tools.jar;E:\maven\localRepository\org\springframework\boot\spring-boot-autoconfigure\1.5.7.RELEASE\spring-boot-autoconfigure-1.5.7.RELEASE.jar;E:\maven\localRepository\com\github\pagehelper\pagehelper-spring-boot-starter\1.2.3\pagehelper-spring-boot-starter-1.2.3.jar;E:\maven\localRepository\org\mybatis\spring\boot\mybatis-spring-boot-starter\1.3.1\mybatis-spring-boot-starter-1.3.1.jar;E:\maven\localRepository\org\mybatis\spring\boot\mybatis-spring-boot-autoconfigure\1.3.1\mybatis-spring-boot-autoconfigure-1.3.1.jar;E:\maven\localRepository\org\mybatis\mybatis\3.4.5\mybatis-3.4.5.jar;E:\maven\localRepository\org\mybatis\mybatis-spring\1.3.1\mybatis-spring-1.3.1.jar;E:\maven\localRepository\com\github\pagehelper\pagehelper-spring-boot-autoconfigure\1.2.3\pagehelper-spring-boot-autoconfigure-1.2.3.jar;E:\maven\localRepository\com\github\pagehelper\pagehelper\5.1.2\pagehelper-5.1.2.jar;E:\maven\localRepository\com\github\jsqlparser\jsqlparser\1.0\jsqlparser-1.0.jar;E:\maven\localRepository\com\alibaba\dubbo\2.5.6\dubbo-2.5.6.jar;E:\maven\localRepository\org\javassist\javassist\3.21.0-GA\javassist-3.21.0-GA.jar;E:\maven\localRepository\org\jboss\netty\netty\3.2.5.Final\netty-3.2.5.Final.jar;E:\maven\localRepository\org\apache\zookeeper\zookeeper\3.4.10\zookeeper-3.4.10.jar;E:\maven\localRepository\jline\jline\0.9.94\jline-0.9.94.jar;E:\maven\localRepository\com\101tec\zkclient\0.10\zkclient-0.10.jar;E:\maven\localRepository\com\uvanix\spring-boot-dubbo-mybatis-api\1.0.0\spring-boot-dubbo-mybatis-api-1.0.0.jar;E:\maven\localRepository\com\uvanix\spring-boot-dubbo-mybatis-common\1.0.0\spring-boot-dubbo-mybatis-common-1.0.0.jar;E:\maven\localRepository\org\apache\commons\commons-lang3\3.4\commons-lang3-3.4.jar;E:\maven\localRepository\org\projectlombok\lombok\1.16.18\lombok-1.16.18.jar;, java.specification.name=Java Platform API Specification, java.class.version=52.0, sun.management.compiler=HotSpot 64-Bit Tiered Compilers, os.version=10.0, user.home=C:\Users\nice, user.timezone=GMT+08:00, java.awt.printerjob=sun.awt.windows.WPrinterJob, file.encoding=GBK, java.specification.version=1.8, java.class.path=E:\github\spring-boot-dubbo-mybatis\spring-boot-dubbo-mybatis-server\target\test-classes;E:\github\spring-boot-dubbo-mybatis\spring-boot-dubbo-mybatis-server\target\classes;E:\maven\localRepository\org\springframework\boot\spring-boot-starter-jdbc\1.5.7.RELEASE\spring-boot-starter-jdbc-1.5.7.RELEASE.jar;E:\maven\localRepository\org\springframework\boot\spring-boot-starter\1.5.7.RELEASE\spring-boot-starter-1.5.7.RELEASE.jar;E:\maven\localRepository\org\springframework\boot\spring-boot\1.5.7.RELEASE\spring-boot-1.5.7.RELEASE.jar;E:\maven\localRepository\org\springframework\boot\spring-boot-starter-logging\1.5.7.RELEASE\spring-boot-starter-logging-1.5.7.RELEASE.jar;E:\maven\localRepository\ch\qos\logback\logback-classic\1.1.11\logback-classic-1.1.11.jar;E:\maven\localRepository\ch\qos\logback\logback-core\1.1.11\logback-core-1.1.11.jar;E:\maven\localRepository\org\slf4j\jcl-over-slf4j\1.7.25\jcl-over-slf4j-1.7.25.jar;E:\maven\localRepository\org\slf4j\jul-to-slf4j\1.7.25\jul-to-slf4j-1.7.25.jar;E:\maven\localRepository\org\slf4j\log4j-over-slf4j\1.7.25\log4j-over-slf4j-1.7.25.jar;E:\maven\localRepository\org\yaml\snakeyaml\1.17\snakeyaml-1.17.jar;E:\maven\localRepository\org\apache\tomcat\tomcat-jdbc\8.5.20\tomcat-jdbc-8.5.20.jar;E:\maven\localRepository\org\apache\tomcat\tomcat-juli\8.5.20\tomcat-juli-8.5.20.jar;E:\maven\localRepository\org\springframework\spring-jdbc\4.3.11.RELEASE\spring-jdbc-4.3.11.RELEASE.jar;E:\maven\localRepository\org\springframework\spring-beans\4.3.11.RELEASE\spring-beans-4.3.11.RELEASE.jar;E:\maven\localRepository\org\springframework\spring-tx\4.3.11.RELEASE\spring-tx-4.3.11.RELEASE.jar;E:\maven\localRepository\org\springframework\boot\spring-boot-starter-web\1.5.7.RELEASE\spring-boot-starter-web-1.5.7.RELEASE.jar;E:\maven\localRepository\org\springframework\boot\spring-boot-starter-tomcat\1.5.7.RELEASE\spring-boot-starter-tomcat-1.5.7.RELEASE.jar;E:\maven\localRepository\org\apache\tomcat\embed\tomcat-embed-core\8.5.20\tomcat-embed-core-8.5.20.jar;E:\maven\localRepository\org\apache\tomcat\embed\tomcat-embed-el\8.5.20\tomcat-embed-el-8.5.20.jar;E:\maven\localRepository\org\apache\tomcat\embed\tomcat-embed-websocket\8.5.20\tomcat-embed-websocket-8.5.20.jar;E:\maven\localRepository\org\hibernate\hibernate-validator\5.3.5.Final\hibernate-validator-5.3.5.Final.jar;E:\maven\localRepository\javax\validation\validation-api\1.1.0.Final\validation-api-1.1.0.Final.jar;E:\maven\localRepository\org\jboss\logging\jboss-logging\3.3.1.Final\jboss-logging-3.3.1.Final.jar;E:\maven\localRepository\com\fasterxml\classmate\1.3.4\classmate-1.3.4.jar;E:\maven\localRepository\com\fasterxml\jackson\core\jackson-databind\2.8.10\jackson-databind-2.8.10.jar;E:\maven\localRepository\com\fasterxml\jackson\core\jackson-annotations\2.8.0\jackson-annotations-2.8.0.jar;E:\maven\localRepository\com\fasterxml\jackson\core\jackson-core\2.8.10\jackson-core-2.8.10.jar;E:\maven\localRepository\org\springframework\spring-web\4.3.11.RELEASE\spring-web-4.3.11.RELEASE.jar;E:\maven\localRepository\org\springframework\spring-aop\4.3.11.RELEASE\spring-aop-4.3.11.RELEASE.jar;E:\maven\localRepository\org\springframework\spring-context\4.3.11.RELEASE\spring-context-4.3.11.RELEASE.jar;E:\maven\localRepository\org\springframework\spring-webmvc\4.3.11.RELEASE\spring-webmvc-4.3.11.RELEASE.jar;E:\maven\localRepository\org\springframework\spring-expression\4.3.11.RELEASE\spring-expression-4.3.11.RELEASE.jar;E:\maven\localRepository\org\springframework\boot\spring-boot-starter-test\1.5.7.RELEASE\spring-boot-starter-test-1.5.7.RELEASE.jar;E:\maven\localRepository\org\springframework\boot\spring-boot-test\1.5.7.RELEASE\spring-boot-test-1.5.7.RELEASE.jar;E:\maven\localRepository\org\springframework\boot\spring-boot-test-autoconfigure\1.5.7.RELEASE\spring-boot-test-autoconfigure-1.5.7.RELEASE.jar;E:\maven\localRepository\com\jayway\jsonpath\json-path\2.2.0\json-path-2.2.0.jar;E:\maven\localRepository\net\minidev\json-smart\2.2.1\json-smart-2.2.1.jar;E:\maven\localRepository\net\minidev\accessors-smart\1.1\accessors-smart-1.1.jar;E:\maven\localRepository\org\ow2\asm\asm\5.0.3\asm-5.0.3.jar;E:\maven\localRepository\org\slf4j\slf4j-api\1.7.25\slf4j-api-1.7.25.jar;E:\maven\localRepository\junit\junit\4.12\junit-4.12.jar;E:\maven\localRepository\org\assertj\assertj-core\2.6.0\assertj-core-2.6.0.jar;E:\maven\localRepository\org\mockito\mockito-core\1.10.19\mockito-core-1.10.19.jar;E:\maven\localRepository\org\objenesis\objenesis\2.1\objenesis-2.1.jar;E:\maven\localRepository\org\hamcrest\hamcrest-core\1.3\hamcrest-core-1.3.jar;E:\maven\localRepository\org\hamcrest\hamcrest-library\1.3\hamcrest-library-1.3.jar;E:\maven\localRepository\org\skyscreamer\jsonassert\1.4.0\jsonassert-1.4.0.jar;E:\maven\localRepository\com\vaadin\external\google\android-json\0.0.20131108.vaadin1\android-json-0.0.20131108.vaadin1.jar;E:\maven\localRepository\org\springframework\spring-core\4.3.11.RELEASE\spring-core-4.3.11.RELEASE.jar;E:\maven\localRepository\org\springframework\spring-test\4.3.11.RELEASE\spring-test-4.3.11.RELEASE.jar;E:\maven\localRepository\mysql\mysql-connector-java\5.1.44\mysql-connector-java-5.1.44.jar;E:\maven\localRepository\com\alibaba\fastjson\1.2.39\fastjson-1.2.39.jar;E:\maven\localRepository\com\alibaba\druid-spring-boot-starter\1.1.4\druid-spring-boot-starter-1.1.4.jar;E:\maven\localRepository\com\alibaba\druid\1.1.4\druid-1.1.4.jar;C:\develop\java\jre\..\lib\jconsole.jar;C:\develop\java\jre\..\lib\tools.jar;E:\maven\localRepository\org\springframework\boot\spring-boot-autoconfigure\1.5.7.RELEASE\spring-boot-autoconfigure-1.5.7.RELEASE.jar;E:\maven\localRepository\com\github\pagehelper\pagehelper-spring-boot-starter\1.2.3\pagehelper-spring-boot-starter-1.2.3.jar;E:\maven\localRepository\org\mybatis\spring\boot\mybatis-spring-boot-starter\1.3.1\mybatis-spring-boot-starter-1.3.1.jar;E:\maven\localRepository\org\mybatis\spring\boot\mybatis-spring-boot-autoconfigure\1.3.1\mybatis-spring-boot-autoconfigure-1.3.1.jar;E:\maven\localRepository\org\mybatis\mybatis\3.4.5\mybatis-3.4.5.jar;E:\maven\localRepository\org\mybatis\mybatis-spring\1.3.1\mybatis-spring-1.3.1.jar;E:\maven\localRepository\com\github\pagehelper\pagehelper-spring-boot-autoconfigure\1.2.3\pagehelper-spring-boot-autoconfigure-1.2.3.jar;E:\maven\localRepository\com\github\pagehelper\pagehelper\5.1.2\pagehelper-5.1.2.jar;E:\maven\localRepository\com\github\jsqlparser\jsqlparser\1.0\jsqlparser-1.0.jar;E:\maven\localRepository\com\alibaba\dubbo\2.5.6\dubbo-2.5.6.jar;E:\maven\localRepository\org\javassist\javassist\3.21.0-GA\javassist-3.21.0-GA.jar;E:\maven\localRepository\org\jboss\netty\netty\3.2.5.Final\netty-3.2.5.Final.jar;E:\maven\localRepository\org\apache\zookeeper\zookeeper\3.4.10\zookeeper-3.4.10.jar;E:\maven\localRepository\jline\jline\0.9.94\jline-0.9.94.jar;E:\maven\localRepository\com\101tec\zkclient\0.10\zkclient-0.10.jar;E:\maven\localRepository\com\uvanix\spring-boot-dubbo-mybatis-api\1.0.0\spring-boot-dubbo-mybatis-api-1.0.0.jar;E:\maven\localRepository\com\uvanix\spring-boot-dubbo-mybatis-common\1.0.0\spring-boot-dubbo-mybatis-common-1.0.0.jar;E:\maven\localRepository\org\apache\commons\commons-lang3\3.4\commons-lang3-3.4.jar;E:\maven\localRepository\org\projectlombok\lombok\1.16.18\lombok-1.16.18.jar;, user.name=nice, java.vm.specification.version=1.8, sun.java.command=E:\github\spring-boot-dubbo-mybatis\spring-boot-dubbo-mybatis-server\target\surefire\surefirebooter4758770308799554804.jar E:\github\spring-boot-dubbo-mybatis\spring-boot-dubbo-mybatis-server\target\surefire\surefire2540976833491004111tmp E:\github\spring-boot-dubbo-mybatis\spring-boot-dubbo-mybatis-server\target\surefire\surefire_02527991700931127552tmp, java.home=C:\develop\java\jre, sun.arch.data.model=64, user.language=zh, java.specification.vendor=Oracle Corporation, awt.toolkit=sun.awt.windows.WToolkit, java.vm.info=mixed mode, java.version=1.8.0_121, java.ext.dirs=C:\develop\java\jre\lib\ext;C:\WINDOWS\Sun\Java\lib\ext, sun.boot.class.path=C:\develop\java\jre\lib\resources.jar;C:\develop\java\jre\lib\rt.jar;C:\develop\java\jre\lib\sunrsasign.jar;C:\develop\java\jre\lib\jsse.jar;C:\develop\java\jre\lib\jce.jar;C:\develop\java\jre\lib\charsets.jar;C:\develop\java\jre\lib\jfr.jar;C:\develop\java\jre\classes, java.vendor=Oracle Corporation, localRepository=E:\maven\localRepository, file.separator=\, java.vendor.url.bug=http://bugreport.sun.com/bugreport/, sun.io.unicode.encoding=UnicodeLittle, sun.cpu.endian=little, sun.desktop=windows, sun.cpu.isalist=amd64}}, SystemEnvironmentPropertySource@1506809545 {name='systemEnvironment', properties={PATH=C:\common\oracle\product\11.2.0\dbhome_1\bin;C:\develop\elasticsearch\elasticsearch-5.5.1\bin;E:\common\apache-maven-3.3.9-bin\apache-maven-3.3.9\bin;C:\develop\java\\bin;C:\ProgramData\Oracle\Java\javapath;C:\Program Files (x86)\Intel\iCLS Client\;C:\Program Files\Intel\iCLS Client\;C:\windows\system32;C:\windows;C:\windows\System32\Wbem;C:\windows\System32\WindowsPowerShell\v1.0\;C:\Program Files (x86)\Intel\Intel(R) Management Engine Components\DAL;C:\Program Files\Intel\Intel(R) Management Engine Components\DAL;C:\Program Files (x86)\Intel\Intel(R) Management Engine Components\IPT;C:\Program Files\Intel\Intel(R) Management Engine Components\IPT;C:\Program Files (x86)\NVIDIA Corporation\PhysX\Common;C:\Program Files\Intel\WiFi\bin\;C:\Program Files\Common Files\Intel\WirelessCommon\;C:\WINDOWS\system32;C:\WINDOWS;C:\WINDOWS\System32\Wbem;C:\WINDOWS\System32\WindowsPowerShell\v1.0\;C:\Program Files\MySQL\MySQL Utilities 1.6\;C:\Git\cmd;C:\Git\mingw64\bin;C:\Git\usr\bin;C:\Users\nice\AppData\Local\Microsoft\WindowsApps;, USERDOMAIN_ROAMINGPROFILE=LAPTOP-HKMAU7E3, PROCESSOR_LEVEL=6, SYSTEMDRIVE=C:, BUILD=local, SESSIONNAME=Console, ALLUSERSPROFILE=C:\ProgramData, PLATFORMCODE=KV, PROCESSOR_ARCHITECTURE=AMD64, =E:=E:\github\spring-boot-dubbo-mybatis\spring-boot-dubbo-mybatis-server, MAVEN_HOME=E:\common\apache-maven-3.3.9-bin\apache-maven-3.3.9, PROGRAMFILES=C:\Program Files, MOZ_PLUGIN_PATH=C:\common\FoxitReader\plugins\, PSMODULEPATH=C:\Program Files\WindowsPowerShell\Modules;C:\WINDOWS\system32\WindowsPowerShell\v1.0\Modules, PROGRAMDATA=C:\ProgramData, USERNAME=nice, FPS_BROWSER_USER_PROFILE_STRING=Default, ONEDRIVE=C:\Users\nice\OneDrive, PATHEXT=.COM;.EXE;.BAT;.CMD;.VBS;.VBE;.JS;.JSE;.WSF;.WSH;.MSC, REGIONCODE=APJ, WINDIR=C:\WINDOWS, HOMEPATH=\Users\nice, PROCESSOR_IDENTIFIER=Intel64 Family 6 Model 94 Stepping 3, GenuineIntel, PUBLIC=C:\Users\Public, =::=::\, LOCALAPPDATA=C:\Users\nice\AppData\Local, COMMONPROGRAMFILES(X86)=C:\Program Files (x86)\Common Files, USERDOMAIN=LAPTOP-HKMAU7E3, FPS_BROWSER_APP_PROFILE_STRING=Internet Explorer, LOGONSERVER=\\LAPTOP-HKMAU7E3, SPRING_PROFILES_ACTIVE=local, JAVA_HOME=C:\develop\java\, PROMPT=$P$G, PROGRAMFILES(X86)=C:\Program Files (x86), ONLINESERVICES=Online Services, APPDATA=C:\Users\nice\AppData\Roaming, PROGRAMW6432=C:\Program Files, SYSTEMROOT=C:\WINDOWS, ES_HOME=C:\develop\elasticsearch\elasticsearch-5.5.1, OS=Windows_NT, COMMONPROGRAMW6432=C:\Program Files\Common Files, COMPUTERNAME=LAPTOP-HKMAU7E3, COMMONPROGRAMFILES=C:\Program Files\Common Files, COMSPEC=C:\WINDOWS\system32\cmd.exe, PROCESSOR_REVISION=5e03, TEMP=C:\Users\nice\AppData\Local\Temp, HOMEDRIVE=C:, USERPROFILE=C:\Users\nice, TMP=C:\Users\nice\AppData\Local\Temp, NUMBER_OF_PROCESSORS=4}}]
20:43:55.437 [main] INFO org.springframework.boot.test.context.SpringBootTestContextBootstrapper - Found @SpringBootConfiguration com.uvanix.server.Application for test class com.uvanix.server.service.biz.impl.AccountBizServiceImplTest
20:43:55.437 [main] DEBUG org.springframework.boot.test.context.SpringBootTestContextBootstrapper - @TestExecutionListeners is not present for class [com.uvanix.server.service.biz.impl.AccountBizServiceImplTest]: using defaults.
20:43:55.440 [main] INFO org.springframework.boot.test.context.SpringBootTestContextBootstrapper - Loaded default TestExecutionListener class names from location [META-INF/spring.factories]: [org.springframework.boot.test.mock.mockito.MockitoTestExecutionListener, org.springframework.boot.test.mock.mockito.ResetMocksTestExecutionListener, org.springframework.boot.test.autoconfigure.restdocs.RestDocsTestExecutionListener, org.springframework.boot.test.autoconfigure.web.client.MockRestServiceServerResetTestExecutionListener, org.springframework.boot.test.autoconfigure.web.servlet.MockMvcPrintOnlyOnFailureTestExecutionListener, org.springframework.boot.test.autoconfigure.web.servlet.WebDriverTestExecutionListener, org.springframework.test.context.web.ServletTestExecutionListener, org.springframework.test.context.support.DirtiesContextBeforeModesTestExecutionListener, org.springframework.test.context.support.DependencyInjectionTestExecutionListener, org.springframework.test.context.support.DirtiesContextTestExecutionListener, org.springframework.test.context.transaction.TransactionalTestExecutionListener, org.springframework.test.context.jdbc.SqlScriptsTestExecutionListener]
20:43:55.445 [main] INFO org.springframework.boot.test.context.SpringBootTestContextBootstrapper - Using TestExecutionListeners: [org.springframework.test.context.web.ServletTestExecutionListener@6f96c77, org.springframework.test.context.support.DirtiesContextBeforeModesTestExecutionListener@be64738, org.springframework.boot.test.autoconfigure.SpringBootDependencyInjectionTestExecutionListener@3ba9ad43, org.springframework.test.context.support.DirtiesContextTestExecutionListener@49d904ec, org.springframework.test.context.transaction.TransactionalTestExecutionListener@48e4374, org.springframework.test.context.jdbc.SqlScriptsTestExecutionListener@3d680b5a, org.springframework.boot.test.mock.mockito.ResetMocksTestExecutionListener@4b5d6a01, org.springframework.boot.test.autoconfigure.restdocs.RestDocsTestExecutionListener@4a22f9e2, org.springframework.boot.test.mock.mockito.MockitoTestExecutionListener@3c419631, org.springframework.boot.test.autoconfigure.web.servlet.MockMvcPrintOnlyOnFailureTestExecutionListener@418e7838, org.springframework.boot.test.autoconfigure.web.servlet.WebDriverTestExecutionListener@61230f6a, org.springframework.boot.test.autoconfigure.web.client.MockRestServiceServerResetTestExecutionListener@3c130745]
20:43:55.445 [main] DEBUG org.springframework.test.annotation.ProfileValueUtils - Retrieved @ProfileValueSourceConfiguration [null] for test class [com.uvanix.server.service.biz.impl.AccountBizServiceImplTest]
20:43:55.445 [main] DEBUG org.springframework.test.annotation.ProfileValueUtils - Retrieved ProfileValueSource type [class org.springframework.test.annotation.SystemProfileValueSource] for class [com.uvanix.server.service.biz.impl.AccountBizServiceImplTest]
20:43:55.445 [main] DEBUG org.springframework.test.annotation.ProfileValueUtils - Retrieved @ProfileValueSourceConfiguration [null] for test class [com.uvanix.server.service.biz.impl.AccountBizServiceImplTest]
20:43:55.445 [main] DEBUG org.springframework.test.annotation.ProfileValueUtils - Retrieved ProfileValueSource type [class org.springframework.test.annotation.SystemProfileValueSource] for class [com.uvanix.server.service.biz.impl.AccountBizServiceImplTest]
20:43:55.450 [main] DEBUG org.springframework.test.context.support.AbstractDirtiesContextTestExecutionListener - Before test class: context [DefaultTestContext@19bb07ed testClass = AccountBizServiceImplTest, testInstance = [null], testMethod = [null], testException = [null], mergedContextConfiguration = [WebMergedContextConfiguration@10e41621 testClass = AccountBizServiceImplTest, locations = '{}', classes = '{class com.uvanix.server.Application}', contextInitializerClasses = '[]', activeProfiles = '{}', propertySourceLocations = '{}', propertySourceProperties = '{org.springframework.boot.test.context.SpringBootTestContextBootstrapper=true}', contextCustomizers = set[org.springframework.boot.test.context.SpringBootTestContextCustomizer@887af79, org.springframework.boot.test.context.filter.ExcludeFilterContextCustomizer@6e0e048a, org.springframework.boot.test.json.DuplicateJsonObjectContextCustomizerFactory$DuplicateJsonObjectContextCustomizer@23e028a9, org.springframework.boot.test.mock.mockito.MockitoContextCustomizer@0, org.springframework.boot.test.autoconfigure.properties.PropertyMappingContextCustomizer@0, org.springframework.boot.test.autoconfigure.web.servlet.WebDriverContextCustomizerFactory$Customizer@7d0587f1], resourceBasePath = 'src/main/webapp', contextLoader = 'org.springframework.boot.test.context.SpringBootContextLoader', parent = [null]]], class annotated with @DirtiesContext [false] with mode [null].
20:43:55.450 [main] DEBUG org.springframework.test.annotation.ProfileValueUtils - Retrieved @ProfileValueSourceConfiguration [null] for test class [com.uvanix.server.service.biz.impl.AccountBizServiceImplTest]
20:43:55.451 [main] DEBUG org.springframework.test.annotation.ProfileValueUtils - Retrieved ProfileValueSource type [class org.springframework.test.annotation.SystemProfileValueSource] for class [com.uvanix.server.service.biz.impl.AccountBizServiceImplTest]
20:43:55.528 [main] DEBUG org.springframework.core.env.StandardEnvironment - Adding PropertySource 'systemProperties' with lowest search precedence
20:43:55.528 [main] DEBUG org.springframework.core.env.StandardEnvironment - Adding PropertySource 'systemEnvironment' with lowest search precedence
20:43:55.529 [main] DEBUG org.springframework.core.env.StandardEnvironment - Initialized StandardEnvironment with PropertySources [MapPropertySource@887750041 {name='systemProperties', properties={idea.version=2017.1.4, java.runtime.name=Java(TM) SE Runtime Environment, sun.boot.library.path=C:\develop\java\jre\bin, java.vm.version=25.121-b13, java.vm.vendor=Oracle Corporation, java.vendor.url=http://java.oracle.com/, path.separator=;, java.vm.name=Java HotSpot(TM) 64-Bit Server VM, file.encoding.pkg=sun.io, user.country=CN, user.script=, sun.java.launcher=SUN_STANDARD, sun.os.patch.level=, java.vm.specification.name=Java Virtual Machine Specification, user.dir=E:\github\spring-boot-dubbo-mybatis\spring-boot-dubbo-mybatis-server, java.runtime.version=1.8.0_121-b13, basedir=E:\github\spring-boot-dubbo-mybatis\spring-boot-dubbo-mybatis-server, java.awt.graphicsenv=sun.awt.Win32GraphicsEnvironment, java.endorsed.dirs=C:\develop\java\jre\lib\endorsed, os.arch=amd64, surefire.real.class.path=E:\github\spring-boot-dubbo-mybatis\spring-boot-dubbo-mybatis-server\target\surefire\surefirebooter4758770308799554804.jar, java.io.tmpdir=C:\Users\nice\AppData\Local\Temp\, line.separator=
, java.vm.specification.vendor=Oracle Corporation, user.variant=, os.name=Windows 10, sun.jnu.encoding=GBK, java.library.path=C:\develop\java\jre\bin;C:\WINDOWS\Sun\Java\bin;C:\WINDOWS\system32;C:\WINDOWS;C:\common\oracle\product\11.2.0\dbhome_1\bin;C:\develop\elasticsearch\elasticsearch-5.5.1\bin;E:\common\apache-maven-3.3.9-bin\apache-maven-3.3.9\bin;C:\develop\java\\bin;C:\ProgramData\Oracle\Java\javapath;C:\Program Files (x86)\Intel\iCLS Client\;C:\Program Files\Intel\iCLS Client\;C:\windows\system32;C:\windows;C:\windows\System32\Wbem;C:\windows\System32\WindowsPowerShell\v1.0\;C:\Program Files (x86)\Intel\Intel(R) Management Engine Components\DAL;C:\Program Files\Intel\Intel(R) Management Engine Components\DAL;C:\Program Files (x86)\Intel\Intel(R) Management Engine Components\IPT;C:\Program Files\Intel\Intel(R) Management Engine Components\IPT;C:\Program Files (x86)\NVIDIA Corporation\PhysX\Common;C:\Program Files\Intel\WiFi\bin\;C:\Program Files\Common Files\Intel\WirelessCommon\;C:\WINDOWS\system32;C:\WINDOWS;C:\WINDOWS\System32\Wbem;C:\WINDOWS\System32\WindowsPowerShell\v1.0\;C:\Program Files\MySQL\MySQL Utilities 1.6\;C:\Git\cmd;C:\Git\mingw64\bin;C:\Git\usr\bin;C:\Users\nice\AppData\Local\Microsoft\WindowsApps;;., surefire.test.class.path=E:\github\spring-boot-dubbo-mybatis\spring-boot-dubbo-mybatis-server\target\test-classes;E:\github\spring-boot-dubbo-mybatis\spring-boot-dubbo-mybatis-server\target\classes;E:\maven\localRepository\org\springframework\boot\spring-boot-starter-jdbc\1.5.7.RELEASE\spring-boot-starter-jdbc-1.5.7.RELEASE.jar;E:\maven\localRepository\org\springframework\boot\spring-boot-starter\1.5.7.RELEASE\spring-boot-starter-1.5.7.RELEASE.jar;E:\maven\localRepository\org\springframework\boot\spring-boot\1.5.7.RELEASE\spring-boot-1.5.7.RELEASE.jar;E:\maven\localRepository\org\springframework\boot\spring-boot-starter-logging\1.5.7.RELEASE\spring-boot-starter-logging-1.5.7.RELEASE.jar;E:\maven\localRepository\ch\qos\logback\logback-classic\1.1.11\logback-classic-1.1.11.jar;E:\maven\localRepository\ch\qos\logback\logback-core\1.1.11\logback-core-1.1.11.jar;E:\maven\localRepository\org\slf4j\jcl-over-slf4j\1.7.25\jcl-over-slf4j-1.7.25.jar;E:\maven\localRepository\org\slf4j\jul-to-slf4j\1.7.25\jul-to-slf4j-1.7.25.jar;E:\maven\localRepository\org\slf4j\log4j-over-slf4j\1.7.25\log4j-over-slf4j-1.7.25.jar;E:\maven\localRepository\org\yaml\snakeyaml\1.17\snakeyaml-1.17.jar;E:\maven\localRepository\org\apache\tomcat\tomcat-jdbc\8.5.20\tomcat-jdbc-8.5.20.jar;E:\maven\localRepository\org\apache\tomcat\tomcat-juli\8.5.20\tomcat-juli-8.5.20.jar;E:\maven\localRepository\org\springframework\spring-jdbc\4.3.11.RELEASE\spring-jdbc-4.3.11.RELEASE.jar;E:\maven\localRepository\org\springframework\spring-beans\4.3.11.RELEASE\spring-beans-4.3.11.RELEASE.jar;E:\maven\localRepository\org\springframework\spring-tx\4.3.11.RELEASE\spring-tx-4.3.11.RELEASE.jar;E:\maven\localRepository\org\springframework\boot\spring-boot-starter-web\1.5.7.RELEASE\spring-boot-starter-web-1.5.7.RELEASE.jar;E:\maven\localRepository\org\springframework\boot\spring-boot-starter-tomcat\1.5.7.RELEASE\spring-boot-starter-tomcat-1.5.7.RELEASE.jar;E:\maven\localRepository\org\apache\tomcat\embed\tomcat-embed-core\8.5.20\tomcat-embed-core-8.5.20.jar;E:\maven\localRepository\org\apache\tomcat\embed\tomcat-embed-el\8.5.20\tomcat-embed-el-8.5.20.jar;E:\maven\localRepository\org\apache\tomcat\embed\tomcat-embed-websocket\8.5.20\tomcat-embed-websocket-8.5.20.jar;E:\maven\localRepository\org\hibernate\hibernate-validator\5.3.5.Final\hibernate-validator-5.3.5.Final.jar;E:\maven\localRepository\javax\validation\validation-api\1.1.0.Final\validation-api-1.1.0.Final.jar;E:\maven\localRepository\org\jboss\logging\jboss-logging\3.3.1.Final\jboss-logging-3.3.1.Final.jar;E:\maven\localRepository\com\fasterxml\classmate\1.3.4\classmate-1.3.4.jar;E:\maven\localRepository\com\fasterxml\jackson\core\jackson-databind\2.8.10\jackson-databind-2.8.10.jar;E:\maven\localRepository\com\fasterxml\jackson\core\jackson-annotations\2.8.0\jackson-annotations-2.8.0.jar;E:\maven\localRepository\com\fasterxml\jackson\core\jackson-core\2.8.10\jackson-core-2.8.10.jar;E:\maven\localRepository\org\springframework\spring-web\4.3.11.RELEASE\spring-web-4.3.11.RELEASE.jar;E:\maven\localRepository\org\springframework\spring-aop\4.3.11.RELEASE\spring-aop-4.3.11.RELEASE.jar;E:\maven\localRepository\org\springframework\spring-context\4.3.11.RELEASE\spring-context-4.3.11.RELEASE.jar;E:\maven\localRepository\org\springframework\spring-webmvc\4.3.11.RELEASE\spring-webmvc-4.3.11.RELEASE.jar;E:\maven\localRepository\org\springframework\spring-expression\4.3.11.RELEASE\spring-expression-4.3.11.RELEASE.jar;E:\maven\localRepository\org\springframework\boot\spring-boot-starter-test\1.5.7.RELEASE\spring-boot-starter-test-1.5.7.RELEASE.jar;E:\maven\localRepository\org\springframework\boot\spring-boot-test\1.5.7.RELEASE\spring-boot-test-1.5.7.RELEASE.jar;E:\maven\localRepository\org\springframework\boot\spring-boot-test-autoconfigure\1.5.7.RELEASE\spring-boot-test-autoconfigure-1.5.7.RELEASE.jar;E:\maven\localRepository\com\jayway\jsonpath\json-path\2.2.0\json-path-2.2.0.jar;E:\maven\localRepository\net\minidev\json-smart\2.2.1\json-smart-2.2.1.jar;E:\maven\localRepository\net\minidev\accessors-smart\1.1\accessors-smart-1.1.jar;E:\maven\localRepository\org\ow2\asm\asm\5.0.3\asm-5.0.3.jar;E:\maven\localRepository\org\slf4j\slf4j-api\1.7.25\slf4j-api-1.7.25.jar;E:\maven\localRepository\junit\junit\4.12\junit-4.12.jar;E:\maven\localRepository\org\assertj\assertj-core\2.6.0\assertj-core-2.6.0.jar;E:\maven\localRepository\org\mockito\mockito-core\1.10.19\mockito-core-1.10.19.jar;E:\maven\localRepository\org\objenesis\objenesis\2.1\objenesis-2.1.jar;E:\maven\localRepository\org\hamcrest\hamcrest-core\1.3\hamcrest-core-1.3.jar;E:\maven\localRepository\org\hamcrest\hamcrest-library\1.3\hamcrest-library-1.3.jar;E:\maven\localRepository\org\skyscreamer\jsonassert\1.4.0\jsonassert-1.4.0.jar;E:\maven\localRepository\com\vaadin\external\google\android-json\0.0.20131108.vaadin1\android-json-0.0.20131108.vaadin1.jar;E:\maven\localRepository\org\springframework\spring-core\4.3.11.RELEASE\spring-core-4.3.11.RELEASE.jar;E:\maven\localRepository\org\springframework\spring-test\4.3.11.RELEASE\spring-test-4.3.11.RELEASE.jar;E:\maven\localRepository\mysql\mysql-connector-java\5.1.44\mysql-connector-java-5.1.44.jar;E:\maven\localRepository\com\alibaba\fastjson\1.2.39\fastjson-1.2.39.jar;E:\maven\localRepository\com\alibaba\druid-spring-boot-starter\1.1.4\druid-spring-boot-starter-1.1.4.jar;E:\maven\localRepository\com\alibaba\druid\1.1.4\druid-1.1.4.jar;C:\develop\java\jre\..\lib\jconsole.jar;C:\develop\java\jre\..\lib\tools.jar;E:\maven\localRepository\org\springframework\boot\spring-boot-autoconfigure\1.5.7.RELEASE\spring-boot-autoconfigure-1.5.7.RELEASE.jar;E:\maven\localRepository\com\github\pagehelper\pagehelper-spring-boot-starter\1.2.3\pagehelper-spring-boot-starter-1.2.3.jar;E:\maven\localRepository\org\mybatis\spring\boot\mybatis-spring-boot-starter\1.3.1\mybatis-spring-boot-starter-1.3.1.jar;E:\maven\localRepository\org\mybatis\spring\boot\mybatis-spring-boot-autoconfigure\1.3.1\mybatis-spring-boot-autoconfigure-1.3.1.jar;E:\maven\localRepository\org\mybatis\mybatis\3.4.5\mybatis-3.4.5.jar;E:\maven\localRepository\org\mybatis\mybatis-spring\1.3.1\mybatis-spring-1.3.1.jar;E:\maven\localRepository\com\github\pagehelper\pagehelper-spring-boot-autoconfigure\1.2.3\pagehelper-spring-boot-autoconfigure-1.2.3.jar;E:\maven\localRepository\com\github\pagehelper\pagehelper\5.1.2\pagehelper-5.1.2.jar;E:\maven\localRepository\com\github\jsqlparser\jsqlparser\1.0\jsqlparser-1.0.jar;E:\maven\localRepository\com\alibaba\dubbo\2.5.6\dubbo-2.5.6.jar;E:\maven\localRepository\org\javassist\javassist\3.21.0-GA\javassist-3.21.0-GA.jar;E:\maven\localRepository\org\jboss\netty\netty\3.2.5.Final\netty-3.2.5.Final.jar;E:\maven\localRepository\org\apache\zookeeper\zookeeper\3.4.10\zookeeper-3.4.10.jar;E:\maven\localRepository\jline\jline\0.9.94\jline-0.9.94.jar;E:\maven\localRepository\com\101tec\zkclient\0.10\zkclient-0.10.jar;E:\maven\localRepository\com\uvanix\spring-boot-dubbo-mybatis-api\1.0.0\spring-boot-dubbo-mybatis-api-1.0.0.jar;E:\maven\localRepository\com\uvanix\spring-boot-dubbo-mybatis-common\1.0.0\spring-boot-dubbo-mybatis-common-1.0.0.jar;E:\maven\localRepository\org\apache\commons\commons-lang3\3.4\commons-lang3-3.4.jar;E:\maven\localRepository\org\projectlombok\lombok\1.16.18\lombok-1.16.18.jar;, java.specification.name=Java Platform API Specification, java.class.version=52.0, sun.management.compiler=HotSpot 64-Bit Tiered Compilers, os.version=10.0, user.home=C:\Users\nice, user.timezone=GMT+08:00, java.awt.printerjob=sun.awt.windows.WPrinterJob, file.encoding=GBK, java.specification.version=1.8, java.class.path=E:\github\spring-boot-dubbo-mybatis\spring-boot-dubbo-mybatis-server\target\test-classes;E:\github\spring-boot-dubbo-mybatis\spring-boot-dubbo-mybatis-server\target\classes;E:\maven\localRepository\org\springframework\boot\spring-boot-starter-jdbc\1.5.7.RELEASE\spring-boot-starter-jdbc-1.5.7.RELEASE.jar;E:\maven\localRepository\org\springframework\boot\spring-boot-starter\1.5.7.RELEASE\spring-boot-starter-1.5.7.RELEASE.jar;E:\maven\localRepository\org\springframework\boot\spring-boot\1.5.7.RELEASE\spring-boot-1.5.7.RELEASE.jar;E:\maven\localRepository\org\springframework\boot\spring-boot-starter-logging\1.5.7.RELEASE\spring-boot-starter-logging-1.5.7.RELEASE.jar;E:\maven\localRepository\ch\qos\logback\logback-classic\1.1.11\logback-classic-1.1.11.jar;E:\maven\localRepository\ch\qos\logback\logback-core\1.1.11\logback-core-1.1.11.jar;E:\maven\localRepository\org\slf4j\jcl-over-slf4j\1.7.25\jcl-over-slf4j-1.7.25.jar;E:\maven\localRepository\org\slf4j\jul-to-slf4j\1.7.25\jul-to-slf4j-1.7.25.jar;E:\maven\localRepository\org\slf4j\log4j-over-slf4j\1.7.25\log4j-over-slf4j-1.7.25.jar;E:\maven\localRepository\org\yaml\snakeyaml\1.17\snakeyaml-1.17.jar;E:\maven\localRepository\org\apache\tomcat\tomcat-jdbc\8.5.20\tomcat-jdbc-8.5.20.jar;E:\maven\localRepository\org\apache\tomcat\tomcat-juli\8.5.20\tomcat-juli-8.5.20.jar;E:\maven\localRepository\org\springframework\spring-jdbc\4.3.11.RELEASE\spring-jdbc-4.3.11.RELEASE.jar;E:\maven\localRepository\org\springframework\spring-beans\4.3.11.RELEASE\spring-beans-4.3.11.RELEASE.jar;E:\maven\localRepository\org\springframework\spring-tx\4.3.11.RELEASE\spring-tx-4.3.11.RELEASE.jar;E:\maven\localRepository\org\springframework\boot\spring-boot-starter-web\1.5.7.RELEASE\spring-boot-starter-web-1.5.7.RELEASE.jar;E:\maven\localRepository\org\springframework\boot\spring-boot-starter-tomcat\1.5.7.RELEASE\spring-boot-starter-tomcat-1.5.7.RELEASE.jar;E:\maven\localRepository\org\apache\tomcat\embed\tomcat-embed-core\8.5.20\tomcat-embed-core-8.5.20.jar;E:\maven\localRepository\org\apache\tomcat\embed\tomcat-embed-el\8.5.20\tomcat-embed-el-8.5.20.jar;E:\maven\localRepository\org\apache\tomcat\embed\tomcat-embed-websocket\8.5.20\tomcat-embed-websocket-8.5.20.jar;E:\maven\localRepository\org\hibernate\hibernate-validator\5.3.5.Final\hibernate-validator-5.3.5.Final.jar;E:\maven\localRepository\javax\validation\validation-api\1.1.0.Final\validation-api-1.1.0.Final.jar;E:\maven\localRepository\org\jboss\logging\jboss-logging\3.3.1.Final\jboss-logging-3.3.1.Final.jar;E:\maven\localRepository\com\fasterxml\classmate\1.3.4\classmate-1.3.4.jar;E:\maven\localRepository\com\fasterxml\jackson\core\jackson-databind\2.8.10\jackson-databind-2.8.10.jar;E:\maven\localRepository\com\fasterxml\jackson\core\jackson-annotations\2.8.0\jackson-annotations-2.8.0.jar;E:\maven\localRepository\com\fasterxml\jackson\core\jackson-core\2.8.10\jackson-core-2.8.10.jar;E:\maven\localRepository\org\springframework\spring-web\4.3.11.RELEASE\spring-web-4.3.11.RELEASE.jar;E:\maven\localRepository\org\springframework\spring-aop\4.3.11.RELEASE\spring-aop-4.3.11.RELEASE.jar;E:\maven\localRepository\org\springframework\spring-context\4.3.11.RELEASE\spring-context-4.3.11.RELEASE.jar;E:\maven\localRepository\org\springframework\spring-webmvc\4.3.11.RELEASE\spring-webmvc-4.3.11.RELEASE.jar;E:\maven\localRepository\org\springframework\spring-expression\4.3.11.RELEASE\spring-expression-4.3.11.RELEASE.jar;E:\maven\localRepository\org\springframework\boot\spring-boot-starter-test\1.5.7.RELEASE\spring-boot-starter-test-1.5.7.RELEASE.jar;E:\maven\localRepository\org\springframework\boot\spring-boot-test\1.5.7.RELEASE\spring-boot-test-1.5.7.RELEASE.jar;E:\maven\localRepository\org\springframework\boot\spring-boot-test-autoconfigure\1.5.7.RELEASE\spring-boot-test-autoconfigure-1.5.7.RELEASE.jar;E:\maven\localRepository\com\jayway\jsonpath\json-path\2.2.0\json-path-2.2.0.jar;E:\maven\localRepository\net\minidev\json-smart\2.2.1\json-smart-2.2.1.jar;E:\maven\localRepository\net\minidev\accessors-smart\1.1\accessors-smart-1.1.jar;E:\maven\localRepository\org\ow2\asm\asm\5.0.3\asm-5.0.3.jar;E:\maven\localRepository\org\slf4j\slf4j-api\1.7.25\slf4j-api-1.7.25.jar;E:\maven\localRepository\junit\junit\4.12\junit-4.12.jar;E:\maven\localRepository\org\assertj\assertj-core\2.6.0\assertj-core-2.6.0.jar;E:\maven\localRepository\org\mockito\mockito-core\1.10.19\mockito-core-1.10.19.jar;E:\maven\localRepository\org\objenesis\objenesis\2.1\objenesis-2.1.jar;E:\maven\localRepository\org\hamcrest\hamcrest-core\1.3\hamcrest-core-1.3.jar;E:\maven\localRepository\org\hamcrest\hamcrest-library\1.3\hamcrest-library-1.3.jar;E:\maven\localRepository\org\skyscreamer\jsonassert\1.4.0\jsonassert-1.4.0.jar;E:\maven\localRepository\com\vaadin\external\google\android-json\0.0.20131108.vaadin1\android-json-0.0.20131108.vaadin1.jar;E:\maven\localRepository\org\springframework\spring-core\4.3.11.RELEASE\spring-core-4.3.11.RELEASE.jar;E:\maven\localRepository\org\springframework\spring-test\4.3.11.RELEASE\spring-test-4.3.11.RELEASE.jar;E:\maven\localRepository\mysql\mysql-connector-java\5.1.44\mysql-connector-java-5.1.44.jar;E:\maven\localRepository\com\alibaba\fastjson\1.2.39\fastjson-1.2.39.jar;E:\maven\localRepository\com\alibaba\druid-spring-boot-starter\1.1.4\druid-spring-boot-starter-1.1.4.jar;E:\maven\localRepository\com\alibaba\druid\1.1.4\druid-1.1.4.jar;C:\develop\java\jre\..\lib\jconsole.jar;C:\develop\java\jre\..\lib\tools.jar;E:\maven\localRepository\org\springframework\boot\spring-boot-autoconfigure\1.5.7.RELEASE\spring-boot-autoconfigure-1.5.7.RELEASE.jar;E:\maven\localRepository\com\github\pagehelper\pagehelper-spring-boot-starter\1.2.3\pagehelper-spring-boot-starter-1.2.3.jar;E:\maven\localRepository\org\mybatis\spring\boot\mybatis-spring-boot-starter\1.3.1\mybatis-spring-boot-starter-1.3.1.jar;E:\maven\localRepository\org\mybatis\spring\boot\mybatis-spring-boot-autoconfigure\1.3.1\mybatis-spring-boot-autoconfigure-1.3.1.jar;E:\maven\localRepository\org\mybatis\mybatis\3.4.5\mybatis-3.4.5.jar;E:\maven\localRepository\org\mybatis\mybatis-spring\1.3.1\mybatis-spring-1.3.1.jar;E:\maven\localRepository\com\github\pagehelper\pagehelper-spring-boot-autoconfigure\1.2.3\pagehelper-spring-boot-autoconfigure-1.2.3.jar;E:\maven\localRepository\com\github\pagehelper\pagehelper\5.1.2\pagehelper-5.1.2.jar;E:\maven\localRepository\com\github\jsqlparser\jsqlparser\1.0\jsqlparser-1.0.jar;E:\maven\localRepository\com\alibaba\dubbo\2.5.6\dubbo-2.5.6.jar;E:\maven\localRepository\org\javassist\javassist\3.21.0-GA\javassist-3.21.0-GA.jar;E:\maven\localRepository\org\jboss\netty\netty\3.2.5.Final\netty-3.2.5.Final.jar;E:\maven\localRepository\org\apache\zookeeper\zookeeper\3.4.10\zookeeper-3.4.10.jar;E:\maven\localRepository\jline\jline\0.9.94\jline-0.9.94.jar;E:\maven\localRepository\com\101tec\zkclient\0.10\zkclient-0.10.jar;E:\maven\localRepository\com\uvanix\spring-boot-dubbo-mybatis-api\1.0.0\spring-boot-dubbo-mybatis-api-1.0.0.jar;E:\maven\localRepository\com\uvanix\spring-boot-dubbo-mybatis-common\1.0.0\spring-boot-dubbo-mybatis-common-1.0.0.jar;E:\maven\localRepository\org\apache\commons\commons-lang3\3.4\commons-lang3-3.4.jar;E:\maven\localRepository\org\projectlombok\lombok\1.16.18\lombok-1.16.18.jar;, user.name=nice, java.vm.specification.version=1.8, sun.java.command=E:\github\spring-boot-dubbo-mybatis\spring-boot-dubbo-mybatis-server\target\surefire\surefirebooter4758770308799554804.jar E:\github\spring-boot-dubbo-mybatis\spring-boot-dubbo-mybatis-server\target\surefire\surefire2540976833491004111tmp E:\github\spring-boot-dubbo-mybatis\spring-boot-dubbo-mybatis-server\target\surefire\surefire_02527991700931127552tmp, java.home=C:\develop\java\jre, sun.arch.data.model=64, user.language=zh, java.specification.vendor=Oracle Corporation, awt.toolkit=sun.awt.windows.WToolkit, java.vm.info=mixed mode, java.version=1.8.0_121, java.ext.dirs=C:\develop\java\jre\lib\ext;C:\WINDOWS\Sun\Java\lib\ext, sun.boot.class.path=C:\develop\java\jre\lib\resources.jar;C:\develop\java\jre\lib\rt.jar;C:\develop\java\jre\lib\sunrsasign.jar;C:\develop\java\jre\lib\jsse.jar;C:\develop\java\jre\lib\jce.jar;C:\develop\java\jre\lib\charsets.jar;C:\develop\java\jre\lib\jfr.jar;C:\develop\java\jre\classes, java.vendor=Oracle Corporation, localRepository=E:\maven\localRepository, file.separator=\, java.vendor.url.bug=http://bugreport.sun.com/bugreport/, sun.io.unicode.encoding=UnicodeLittle, sun.cpu.endian=little, sun.desktop=windows, sun.cpu.isalist=amd64}}, SystemEnvironmentPropertySource@1010953501 {name='systemEnvironment', properties={PATH=C:\common\oracle\product\11.2.0\dbhome_1\bin;C:\develop\elasticsearch\elasticsearch-5.5.1\bin;E:\common\apache-maven-3.3.9-bin\apache-maven-3.3.9\bin;C:\develop\java\\bin;C:\ProgramData\Oracle\Java\javapath;C:\Program Files (x86)\Intel\iCLS Client\;C:\Program Files\Intel\iCLS Client\;C:\windows\system32;C:\windows;C:\windows\System32\Wbem;C:\windows\System32\WindowsPowerShell\v1.0\;C:\Program Files (x86)\Intel\Intel(R) Management Engine Components\DAL;C:\Program Files\Intel\Intel(R) Management Engine Components\DAL;C:\Program Files (x86)\Intel\Intel(R) Management Engine Components\IPT;C:\Program Files\Intel\Intel(R) Management Engine Components\IPT;C:\Program Files (x86)\NVIDIA Corporation\PhysX\Common;C:\Program Files\Intel\WiFi\bin\;C:\Program Files\Common Files\Intel\WirelessCommon\;C:\WINDOWS\system32;C:\WINDOWS;C:\WINDOWS\System32\Wbem;C:\WINDOWS\System32\WindowsPowerShell\v1.0\;C:\Program Files\MySQL\MySQL Utilities 1.6\;C:\Git\cmd;C:\Git\mingw64\bin;C:\Git\usr\bin;C:\Users\nice\AppData\Local\Microsoft\WindowsApps;, USERDOMAIN_ROAMINGPROFILE=LAPTOP-HKMAU7E3, PROCESSOR_LEVEL=6, SYSTEMDRIVE=C:, BUILD=local, SESSIONNAME=Console, ALLUSERSPROFILE=C:\ProgramData, PLATFORMCODE=KV, PROCESSOR_ARCHITECTURE=AMD64, =E:=E:\github\spring-boot-dubbo-mybatis\spring-boot-dubbo-mybatis-server, MAVEN_HOME=E:\common\apache-maven-3.3.9-bin\apache-maven-3.3.9, PROGRAMFILES=C:\Program Files, MOZ_PLUGIN_PATH=C:\common\FoxitReader\plugins\, PSMODULEPATH=C:\Program Files\WindowsPowerShell\Modules;C:\WINDOWS\system32\WindowsPowerShell\v1.0\Modules, PROGRAMDATA=C:\ProgramData, USERNAME=nice, FPS_BROWSER_USER_PROFILE_STRING=Default, ONEDRIVE=C:\Users\nice\OneDrive, PATHEXT=.COM;.EXE;.BAT;.CMD;.VBS;.VBE;.JS;.JSE;.WSF;.WSH;.MSC, REGIONCODE=APJ, WINDIR=C:\WINDOWS, HOMEPATH=\Users\nice, PROCESSOR_IDENTIFIER=Intel64 Family 6 Model 94 Stepping 3, GenuineIntel, PUBLIC=C:\Users\Public, =::=::\, LOCALAPPDATA=C:\Users\nice\AppData\Local, COMMONPROGRAMFILES(X86)=C:\Program Files (x86)\Common Files, USERDOMAIN=LAPTOP-HKMAU7E3, FPS_BROWSER_APP_PROFILE_STRING=Internet Explorer, LOGONSERVER=\\LAPTOP-HKMAU7E3, SPRING_PROFILES_ACTIVE=local, JAVA_HOME=C:\develop\java\, PROMPT=$P$G, PROGRAMFILES(X86)=C:\Program Files (x86), ONLINESERVICES=Online Services, APPDATA=C:\Users\nice\AppData\Roaming, PROGRAMW6432=C:\Program Files, SYSTEMROOT=C:\WINDOWS, ES_HOME=C:\develop\elasticsearch\elasticsearch-5.5.1, OS=Windows_NT, COMMONPROGRAMW6432=C:\Program Files\Common Files, COMPUTERNAME=LAPTOP-HKMAU7E3, COMMONPROGRAMFILES=C:\Program Files\Common Files, COMSPEC=C:\WINDOWS\system32\cmd.exe, PROCESSOR_REVISION=5e03, TEMP=C:\Users\nice\AppData\Local\Temp, HOMEDRIVE=C:, USERPROFILE=C:\Users\nice, TMP=C:\Users\nice\AppData\Local\Temp, NUMBER_OF_PROCESSORS=4}}]
20:43:55.530 [main] DEBUG org.springframework.core.env.MutablePropertySources - Adding PropertySource 'inline' with highest search precedence
20:43:55.533 [main] DEBUG org.springframework.test.context.support.TestPropertySourceUtils - Adding inlined properties to environment: {spring.jmx.enabled=false, org.springframework.boot.test.context.SpringBootTestContextBootstrapper=true, server.port=-1}
20:43:55.534 [main] DEBUG org.springframework.core.env.StandardEnvironment - Adding PropertySource 'Inlined Test Properties' with highest search precedence

:: cd :: uvanix


////////////////////////////////////////////////////////////////////
//                          _ooOoo_                               //
//                         o8888888o                              //
//                         88" . "88                              //
//                         (| ^_^ |)                              //
//                         O\  =  /O                              //
//                      ____/`---'\____                           //
//                    .'  \\|     |//  `.                         //
//                   /  \\|||  :  |||//  \                        //
//                  /  _||||| -:- |||||-  \                       //
//                  |   | \\\  -  /// |   |                       //
//                  | \_|  ''\---/''  |   |                       //
//                  \  .-\__  `-`  ___/-. /                       //
//                ___`. .'  /--.--\  `. . ___                     //
//              ."" '<  `.___\_<|>_/___.'  >'"".                  //
//            | | :  `- \`.;`\ _ /`;.`/ - ` : | |                 //
//            \  \ `-.   \_ __\ /__ _/   .-` /  /                 //
//      ========`-.____`-.___\_____/___.-`____.-'========         //
//                           `=---='                              //
//      ^^^^^^^^^^^^^^^^^^^^^^^^^^^^^^^^^^^^^^^^^^^^^^^^^^        //
//            ∑◊Ê±£””       ”¿≤ªÂ¥ª˙     ”¿ŒﬁBUG                    //
////////////////////////////////////////////////////////////////////


:: Spring Boot :: 1.5.7.RELEASE

2017-11-07 20:43:55.850  INFO 11220 --- [           main] c.u.s.s.b.i.AccountBizServiceImplTest    : Starting AccountBizServiceImplTest on LAPTOP-HKMAU7E3 with PID 11220 (started by nice in E:\github\spring-boot-dubbo-mybatis\spring-boot-dubbo-mybatis-server)
2017-11-07 20:43:55.851  INFO 11220 --- [           main] c.u.s.s.b.i.AccountBizServiceImplTest    : The following profiles are active: local
2017-11-07 20:43:55.891  INFO 11220 --- [           main] o.s.w.c.s.GenericWebApplicationContext   : Refreshing org.springframework.web.context.support.GenericWebApplicationContext@402c4085: startup date [Tue Nov 07 20:43:55 GMT+08:00 2017]; root of context hierarchy
2017-11-07 20:43:56.953  INFO 11220 --- [           main] c.a.dubbo.common.logger.LoggerFactory    : using logger: com.alibaba.dubbo.common.logger.log4j.Log4jLoggerAdapter
2017-11-07 20:43:58.945  INFO 11220 --- [           main] s.w.s.m.m.a.RequestMappingHandlerAdapter : Looking for @ControllerAdvice: org.springframework.web.context.support.GenericWebApplicationContext@402c4085: startup date [Tue Nov 07 20:43:55 GMT+08:00 2017]; root of context hierarchy
2017-11-07 20:43:59.028  INFO 11220 --- [           main] s.w.s.m.m.a.RequestMappingHandlerMapping : Mapped "{[/state]}" onto public void com.uvanix.server.web.ServerStatusHandler.handleRequest(javax.servlet.http.HttpServletRequest,javax.servlet.http.HttpServletResponse) throws javax.servlet.ServletException,java.io.IOException
2017-11-07 20:43:59.030  INFO 11220 --- [           main] s.w.s.m.m.a.RequestMappingHandlerMapping : Mapped "{[/error]}" onto public org.springframework.http.ResponseEntity<java.util.Map<java.lang.String, java.lang.Object>> org.springframework.boot.autoconfigure.web.BasicErrorController.error(javax.servlet.http.HttpServletRequest)
2017-11-07 20:43:59.031  INFO 11220 --- [           main] s.w.s.m.m.a.RequestMappingHandlerMapping : Mapped "{[/error],produces=[text/html]}" onto public org.springframework.web.servlet.ModelAndView org.springframework.boot.autoconfigure.web.BasicErrorController.errorHtml(javax.servlet.http.HttpServletRequest,javax.servlet.http.HttpServletResponse)
2017-11-07 20:43:59.057  INFO 11220 --- [           main] o.s.w.s.handler.SimpleUrlHandlerMapping  : Mapped URL path [/webjars/**] onto handler of type [class org.springframework.web.servlet.resource.ResourceHttpRequestHandler]
2017-11-07 20:43:59.057  INFO 11220 --- [           main] o.s.w.s.handler.SimpleUrlHandlerMapping  : Mapped URL path [/**] onto handler of type [class org.springframework.web.servlet.resource.ResourceHttpRequestHandler]
2017-11-07 20:43:59.103  INFO 11220 --- [           main] o.s.w.s.handler.SimpleUrlHandlerMapping  : Mapped URL path [/**/favicon.ico] onto handler of type [class org.springframework.web.servlet.resource.ResourceHttpRequestHandler]
2017-11-07 20:43:59.546  INFO 11220 --- [           main] c.u.s.s.b.i.AccountBizServiceImplTest    : Started AccountBizServiceImplTest in 4.002 seconds (JVM running for 4.852)
2017-11-07 20:44:00.260  INFO 11220 --- [           main] com.alibaba.druid.pool.DruidDataSource   : {dataSource-1} inited
]]></system-out>
    <system-err><![CDATA[Tue Nov 07 20:44:00 GMT+08:00 2017 WARN: Establishing SSL connection without server's identity verification is not recommended. According to MySQL 5.5.45+, 5.6.26+ and 5.7.6+ requirements SSL connection must be established by default if explicit option isn't set. For compliance with existing applications not using SSL the verifyServerCertificate property is set to 'false'. You need either to explicitly disable SSL by setting useSSL=false, or set useSSL=true and provide truststore for server certificate verification.
Tue Nov 07 20:44:00 GMT+08:00 2017 WARN: Establishing SSL connection without server's identity verification is not recommended. According to MySQL 5.5.45+, 5.6.26+ and 5.7.6+ requirements SSL connection must be established by default if explicit option isn't set. For compliance with existing applications not using SSL the verifyServerCertificate property is set to 'false'. You need either to explicitly disable SSL by setting useSSL=false, or set useSSL=true and provide truststore for server certificate verification.
Tue Nov 07 20:44:00 GMT+08:00 2017 WARN: Establishing SSL connection without server's identity verification is not recommended. According to MySQL 5.5.45+, 5.6.26+ and 5.7.6+ requirements SSL connection must be established by default if explicit option isn't set. For compliance with existing applications not using SSL the verifyServerCertificate property is set to 'false'. You need either to explicitly disable SSL by setting useSSL=false, or set useSSL=true and provide truststore for server certificate verification.
Tue Nov 07 20:44:00 GMT+08:00 2017 WARN: Establishing SSL connection without server's identity verification is not recommended. According to MySQL 5.5.45+, 5.6.26+ and 5.7.6+ requirements SSL connection must be established by default if explicit option isn't set. For compliance with existing applications not using SSL the verifyServerCertificate property is set to 'false'. You need either to explicitly disable SSL by setting useSSL=false, or set useSSL=true and provide truststore for server certificate verification.
Tue Nov 07 20:44:00 GMT+08:00 2017 WARN: Establishing SSL connection without server's identity verification is not recommended. According to MySQL 5.5.45+, 5.6.26+ and 5.7.6+ requirements SSL connection must be established by default if explicit option isn't set. For compliance with existing applications not using SSL the verifyServerCertificate property is set to 'false'. You need either to explicitly disable SSL by setting useSSL=false, or set useSSL=true and provide truststore for server certificate verification.
]]></system-err>
  </testcase>
  <testcase name="test02_queryNameById" classname="com.uvanix.server.service.biz.impl.AccountBizServiceImplTest" time="0.014">
    <failure message="Êï∞ÊçÆ‰∏çÂ≠òÂú®" type="java.lang.AssertionError">java.lang.AssertionError: Êï∞ÊçÆ‰∏çÂ≠òÂú®
	at org.junit.Assert.fail(Assert.java:88)
	at org.junit.Assert.assertTrue(Assert.java:41)
	at com.uvanix.server.service.biz.impl.AccountBizServiceImplTest.test02_queryNameById(AccountBizServiceImplTest.java:45)
</failure>
  </testcase>
  <testcase name="test03_queryNamesPaging" classname="com.uvanix.server.service.biz.impl.AccountBizServiceImplTest" time="0.137"/>
  <testcase name="contextLoads" classname="com.uvanix.server.service.biz.impl.AccountBizServiceImplTest" time="0">
    <skipped/>
  </testcase>
</testsuite>