<?xml version="1.0" encoding="UTF-8"?>
<testsuite name="com.uvanix.server.ApplicationTests" time="0" tests="1" errors="0" skipped="1" failures="0">
  <properties>
[...]
</properties>
  <testcase name="contextLoads" classname="com.uvanix.server.ApplicationTests" time="0">
    <skipped/>
    <system-out><![CDATA[09:46:24.670 [main] DEBUG org.springframework.test.context.junit4.SpringJUnit4ClassRunner - SpringJUnit4ClassRunner constructor called with [class com.uvanix.server.ApplicationTests]
09:46:24.683 [main] DEBUG org.springframework.test.context.BootstrapUtils - Instantiating CacheAwareContextLoaderDelegate from class [org.springframework.test.context.cache.DefaultCacheAwareContextLoaderDelegate]
09:46:24.726 [main] DEBUG org.springframework.test.context.BootstrapUtils - Instantiating BootstrapContext using constructor [public org.springframework.test.context.support.DefaultBootstrapContext(java.lang.Class,org.springframework.test.context.CacheAwareContextLoaderDelegate)]
09:46:24.749 [main] DEBUG org.springframework.test.context.BootstrapUtils - Instantiating TestContextBootstrapper for test class [com.uvanix.server.ApplicationTests] from class [org.springframework.boot.test.context.SpringBootTestContextBootstrapper]
09:46:24.793 [main] INFO org.springframework.boot.test.context.SpringBootTestContextBootstrapper - Neither @ContextConfiguration nor @ContextHierarchy found for test class [com.uvanix.server.ApplicationTests], using SpringBootContextLoader
09:46:24.798 [main] DEBUG org.springframework.test.context.support.AbstractContextLoader - Did not detect default resource location for test class [com.uvanix.server.ApplicationTests]: class path resource [com/uvanix/server/ApplicationTests-context.xml] does not exist
09:46:24.798 [main] DEBUG org.springframework.test.context.support.AbstractContextLoader - Did not detect default resource location for test class [com.uvanix.server.ApplicationTests]: class path resource [com/uvanix/server/ApplicationTestsContext.groovy] does not exist
09:46:24.798 [main] INFO org.springframework.test.context.support.AbstractContextLoader - Could not detect default resource locations for test class [com.uvanix.server.ApplicationTests]: no resource found for suffixes {-context.xml, Context.groovy}.
09:46:24.799 [main] INFO org.springframework.test.context.support.AnnotationConfigContextLoaderUtils - Could not detect default configuration classes for test class [com.uvanix.server.ApplicationTests]: ApplicationTests does not declare any static, non-private, non-final, nested classes annotated with @Configuration.
09:46:24.861 [main] DEBUG org.springframework.test.context.support.ActiveProfilesUtils - Could not find an 'annotation declaring class' for annotation type [org.springframework.test.context.ActiveProfiles] and class [com.uvanix.server.ApplicationTests]
09:46:24.871 [main] DEBUG org.springframework.core.env.StandardEnvironment - Adding PropertySource 'systemProperties' with lowest search precedence
09:46:24.871 [main] DEBUG org.springframework.core.env.StandardEnvironment - Adding PropertySource 'systemEnvironment' with lowest search precedence
09:46:24.872 [main] DEBUG org.springframework.core.env.StandardEnvironment - Initialized StandardEnvironment with PropertySources [MapPropertySource@1860513229 {name='systemProperties', properties={idea.version=2017.1.4, java.runtime.name=Java(TM) SE Runtime Environment, sun.boot.library.path=C:\develop\java\jre\bin, java.vm.version=25.121-b13, java.vm.vendor=Oracle Corporation, java.vendor.url=http://java.oracle.com/, path.separator=;, java.vm.name=Java HotSpot(TM) 64-Bit Server VM, file.encoding.pkg=sun.io, user.country=CN, user.script=, sun.java.launcher=SUN_STANDARD, sun.os.patch.level=, java.vm.specification.name=Java Virtual Machine Specification, user.dir=E:\github\spring-boot-dubbo-mybatis\spring-boot-dubbo-mybatis-server, java.runtime.version=1.8.0_121-b13, basedir=E:\github\spring-boot-dubbo-mybatis\spring-boot-dubbo-mybatis-server, java.awt.graphicsenv=sun.awt.Win32GraphicsEnvironment, java.endorsed.dirs=C:\develop\java\jre\lib\endorsed, os.arch=amd64, surefire.real.class.path=E:\github\spring-boot-dubbo-mybatis\spring-boot-dubbo-mybatis-server\target\surefire\surefirebooter8430301195719827663.jar, java.io.tmpdir=C:\Users\nice\AppData\Local\Temp\, line.separator=
, java.vm.specification.vendor=Oracle Corporation, user.variant=, os.name=Windows 10, sun.jnu.encoding=GBK, java.library.path=C:\develop\java\jre\bin;C:\WINDOWS\Sun\Java\bin;C:\WINDOWS\system32;C:\WINDOWS;C:\common\oracle\product\11.2.0\dbhome_1\bin;C:\develop\elasticsearch\elasticsearch-5.5.1\bin;E:\common\apache-maven-3.3.9-bin\apache-maven-3.3.9\bin;C:\develop\java\\bin;C:\ProgramData\Oracle\Java\javapath;C:\Program Files (x86)\Intel\iCLS Client\;C:\Program Files\Intel\iCLS Client\;C:\windows\system32;C:\windows;C:\windows\System32\Wbem;C:\windows\System32\WindowsPowerShell\v1.0\;C:\Program Files (x86)\Intel\Intel(R) Management Engine Components\DAL;C:\Program Files\Intel\Intel(R) Management Engine Components\DAL;C:\Program Files (x86)\Intel\Intel(R) Management Engine Components\IPT;C:\Program Files\Intel\Intel(R) Management Engine Components\IPT;C:\Program Files (x86)\NVIDIA Corporation\PhysX\Common;C:\Program Files\Intel\WiFi\bin\;C:\Program Files\Common Files\Intel\WirelessCommon\;C:\WINDOWS\system32;C:\WINDOWS;C:\WINDOWS\System32\Wbem;C:\WINDOWS\System32\WindowsPowerShell\v1.0\;C:\Program Files\MySQL\MySQL Utilities 1.6\;C:\Git\cmd;C:\Git\mingw64\bin;C:\Git\usr\bin;C:\Users\nice\AppData\Local\Microsoft\WindowsApps;;., surefire.test.class.path=E:\github\spring-boot-dubbo-mybatis\spring-boot-dubbo-mybatis-server\target\test-classes;E:\github\spring-boot-dubbo-mybatis\spring-boot-dubbo-mybatis-server\target\classes;E:\maven\localRepository\org\springframework\boot\spring-boot-starter-jdbc\1.5.7.RELEASE\spring-boot-starter-jdbc-1.5.7.RELEASE.jar;E:\maven\localRepository\org\springframework\boot\spring-boot-starter\1.5.7.RELEASE\spring-boot-starter-1.5.7.RELEASE.jar;E:\maven\localRepository\org\springframework\boot\spring-boot\1.5.7.RELEASE\spring-boot-1.5.7.RELEASE.jar;E:\maven\localRepository\org\springframework\boot\spring-boot-starter-logging\1.5.7.RELEASE\spring-boot-starter-logging-1.5.7.RELEASE.jar;E:\maven\localRepository\ch\qos\logback\logback-classic\1.1.11\logback-classic-1.1.11.jar;E:\maven\localRepository\ch\qos\logback\logback-core\1.1.11\logback-core-1.1.11.jar;E:\maven\localRepository\org\slf4j\jcl-over-slf4j\1.7.25\jcl-over-slf4j-1.7.25.jar;E:\maven\localRepository\org\slf4j\jul-to-slf4j\1.7.25\jul-to-slf4j-1.7.25.jar;E:\maven\localRepository\org\slf4j\log4j-over-slf4j\1.7.25\log4j-over-slf4j-1.7.25.jar;E:\maven\localRepository\org\yaml\snakeyaml\1.17\snakeyaml-1.17.jar;E:\maven\localRepository\org\apache\tomcat\tomcat-jdbc\8.5.20\tomcat-jdbc-8.5.20.jar;E:\maven\localRepository\org\apache\tomcat\tomcat-juli\8.5.20\tomcat-juli-8.5.20.jar;E:\maven\localRepository\org\springframework\spring-jdbc\4.3.11.RELEASE\spring-jdbc-4.3.11.RELEASE.jar;E:\maven\localRepository\org\springframework\spring-beans\4.3.11.RELEASE\spring-beans-4.3.11.RELEASE.jar;E:\maven\localRepository\org\springframework\spring-tx\4.3.11.RELEASE\spring-tx-4.3.11.RELEASE.jar;E:\maven\localRepository\org\springframework\boot\spring-boot-starter-web\1.5.7.RELEASE\spring-boot-starter-web-1.5.7.RELEASE.jar;E:\maven\localRepository\org\springframework\boot\spring-boot-starter-tomcat\1.5.7.RELEASE\spring-boot-starter-tomcat-1.5.7.RELEASE.jar;E:\maven\localRepository\org\apache\tomcat\embed\tomcat-embed-core\8.5.20\tomcat-embed-core-8.5.20.jar;E:\maven\localRepository\org\apache\tomcat\embed\tomcat-embed-el\8.5.20\tomcat-embed-el-8.5.20.jar;E:\maven\localRepository\org\apache\tomcat\embed\tomcat-embed-websocket\8.5.20\tomcat-embed-websocket-8.5.20.jar;E:\maven\localRepository\org\hibernate\hibernate-validator\5.3.5.Final\hibernate-validator-5.3.5.Final.jar;E:\maven\localRepository\javax\validation\validation-api\1.1.0.Final\validation-api-1.1.0.Final.jar;E:\maven\localRepository\org\jboss\logging\jboss-logging\3.3.1.Final\jboss-logging-3.3.1.Final.jar;E:\maven\localRepository\com\fasterxml\classmate\1.3.4\classmate-1.3.4.jar;E:\maven\localRepository\com\fasterxml\jackson\core\jackson-databind\2.8.10\jackson-databind-2.8.10.jar;E:\maven\localRepository\com\fasterxml\jackson\core\jackson-annotations\2.8.0\jackson-annotations-2.8.0.jar;E:\maven\localRepository\com\fasterxml\jackson\core\jackson-core\2.8.10\jackson-core-2.8.10.jar;E:\maven\localRepository\org\springframework\spring-web\4.3.11.RELEASE\spring-web-4.3.11.RELEASE.jar;E:\maven\localRepository\org\springframework\spring-aop\4.3.11.RELEASE\spring-aop-4.3.11.RELEASE.jar;E:\maven\localRepository\org\springframework\spring-context\4.3.11.RELEASE\spring-context-4.3.11.RELEASE.jar;E:\maven\localRepository\org\springframework\spring-webmvc\4.3.11.RELEASE\spring-webmvc-4.3.11.RELEASE.jar;E:\maven\localRepository\org\springframework\spring-expression\4.3.11.RELEASE\spring-expression-4.3.11.RELEASE.jar;E:\maven\localRepository\org\springframework\boot\spring-boot-starter-test\1.5.7.RELEASE\spring-boot-starter-test-1.5.7.RELEASE.jar;E:\maven\localRepository\org\springframework\boot\spring-boot-test\1.5.7.RELEASE\spring-boot-test-1.5.7.RELEASE.jar;E:\maven\localRepository\org\springframework\boot\spring-boot-test-autoconfigure\1.5.7.RELEASE\spring-boot-test-autoconfigure-1.5.7.RELEASE.jar;E:\maven\localRepository\com\jayway\jsonpath\json-path\2.2.0\json-path-2.2.0.jar;E:\maven\localRepository\net\minidev\json-smart\2.2.1\json-smart-2.2.1.jar;E:\maven\localRepository\net\minidev\accessors-smart\1.1\accessors-smart-1.1.jar;E:\maven\localRepository\org\ow2\asm\asm\5.0.3\asm-5.0.3.jar;E:\maven\localRepository\org\slf4j\slf4j-api\1.7.25\slf4j-api-1.7.25.jar;E:\maven\localRepository\junit\junit\4.12\junit-4.12.jar;E:\maven\localRepository\org\assertj\assertj-core\2.6.0\assertj-core-2.6.0.jar;E:\maven\localRepository\org\mockito\mockito-core\1.10.19\mockito-core-1.10.19.jar;E:\maven\localRepository\org\objenesis\objenesis\2.1\objenesis-2.1.jar;E:\maven\localRepository\org\hamcrest\hamcrest-core\1.3\hamcrest-core-1.3.jar;E:\maven\localRepository\org\hamcrest\hamcrest-library\1.3\hamcrest-library-1.3.jar;E:\maven\localRepository\org\skyscreamer\jsonassert\1.4.0\jsonassert-1.4.0.jar;E:\maven\localRepository\com\vaadin\external\google\android-json\0.0.20131108.vaadin1\android-json-0.0.20131108.vaadin1.jar;E:\maven\localRepository\org\springframework\spring-core\4.3.11.RELEASE\spring-core-4.3.11.RELEASE.jar;E:\maven\localRepository\org\springframework\spring-test\4.3.11.RELEASE\spring-test-4.3.11.RELEASE.jar;E:\maven\localRepository\mysql\mysql-connector-java\5.1.44\mysql-connector-java-5.1.44.jar;E:\maven\localRepository\com\alibaba\fastjson\1.2.39\fastjson-1.2.39.jar;E:\maven\localRepository\com\alibaba\druid-spring-boot-starter\1.1.4\druid-spring-boot-starter-1.1.4.jar;E:\maven\localRepository\com\alibaba\druid\1.1.4\druid-1.1.4.jar;C:\develop\java\jre\..\lib\jconsole.jar;C:\develop\java\jre\..\lib\tools.jar;E:\maven\localRepository\org\springframework\boot\spring-boot-autoconfigure\1.5.7.RELEASE\spring-boot-autoconfigure-1.5.7.RELEASE.jar;E:\maven\localRepository\com\github\pagehelper\pagehelper-spring-boot-starter\1.2.3\pagehelper-spring-boot-starter-1.2.3.jar;E:\maven\localRepository\org\mybatis\spring\boot\mybatis-spring-boot-starter\1.3.1\mybatis-spring-boot-starter-1.3.1.jar;E:\maven\localRepository\org\mybatis\spring\boot\mybatis-spring-boot-autoconfigure\1.3.1\mybatis-spring-boot-autoconfigure-1.3.1.jar;E:\maven\localRepository\org\mybatis\mybatis\3.4.5\mybatis-3.4.5.jar;E:\maven\localRepository\org\mybatis\mybatis-spring\1.3.1\mybatis-spring-1.3.1.jar;E:\maven\localRepository\com\github\pagehelper\pagehelper-spring-boot-autoconfigure\1.2.3\pagehelper-spring-boot-autoconfigure-1.2.3.jar;E:\maven\localRepository\com\github\pagehelper\pagehelper\5.1.2\pagehelper-5.1.2.jar;E:\maven\localRepository\com\github\jsqlparser\jsqlparser\1.0\jsqlparser-1.0.jar;E:\maven\localRepository\com\alibaba\dubbo\2.5.6\dubbo-2.5.6.jar;E:\maven\localRepository\org\javassist\javassist\3.21.0-GA\javassist-3.21.0-GA.jar;E:\maven\localRepository\org\jboss\netty\netty\3.2.5.Final\netty-3.2.5.Final.jar;E:\maven\localRepository\org\apache\zookeeper\zookeeper\3.4.10\zookeeper-3.4.10.jar;E:\maven\localRepository\jline\jline\0.9.94\jline-0.9.94.jar;E:\maven\localRepository\com\101tec\zkclient\0.10\zkclient-0.10.jar;E:\github\spring-boot-dubbo-mybatis\spring-boot-dubbo-mybatis-api\target\spring-boot-dubbo-mybatis-api.jar;E:\github\spring-boot-dubbo-mybatis\spring-boot-dubbo-mybatis-common\target\spring-boot-dubbo-mybatis-common.jar;, java.specification.name=Java Platform API Specification, java.class.version=52.0, sun.management.compiler=HotSpot 64-Bit Tiered Compilers, os.version=10.0, user.home=C:\Users\nice, user.timezone=GMT+08:00, java.awt.printerjob=sun.awt.windows.WPrinterJob, file.encoding=GBK, java.specification.version=1.8, java.class.path=E:\github\spring-boot-dubbo-mybatis\spring-boot-dubbo-mybatis-server\target\test-classes;E:\github\spring-boot-dubbo-mybatis\spring-boot-dubbo-mybatis-server\target\classes;E:\maven\localRepository\org\springframework\boot\spring-boot-starter-jdbc\1.5.7.RELEASE\spring-boot-starter-jdbc-1.5.7.RELEASE.jar;E:\maven\localRepository\org\springframework\boot\spring-boot-starter\1.5.7.RELEASE\spring-boot-starter-1.5.7.RELEASE.jar;E:\maven\localRepository\org\springframework\boot\spring-boot\1.5.7.RELEASE\spring-boot-1.5.7.RELEASE.jar;E:\maven\localRepository\org\springframework\boot\spring-boot-starter-logging\1.5.7.RELEASE\spring-boot-starter-logging-1.5.7.RELEASE.jar;E:\maven\localRepository\ch\qos\logback\logback-classic\1.1.11\logback-classic-1.1.11.jar;E:\maven\localRepository\ch\qos\logback\logback-core\1.1.11\logback-core-1.1.11.jar;E:\maven\localRepository\org\slf4j\jcl-over-slf4j\1.7.25\jcl-over-slf4j-1.7.25.jar;E:\maven\localRepository\org\slf4j\jul-to-slf4j\1.7.25\jul-to-slf4j-1.7.25.jar;E:\maven\localRepository\org\slf4j\log4j-over-slf4j\1.7.25\log4j-over-slf4j-1.7.25.jar;E:\maven\localRepository\org\yaml\snakeyaml\1.17\snakeyaml-1.17.jar;E:\maven\localRepository\org\apache\tomcat\tomcat-jdbc\8.5.20\tomcat-jdbc-8.5.20.jar;E:\maven\localRepository\org\apache\tomcat\tomcat-juli\8.5.20\tomcat-juli-8.5.20.jar;E:\maven\localRepository\org\springframework\spring-jdbc\4.3.11.RELEASE\spring-jdbc-4.3.11.RELEASE.jar;E:\maven\localRepository\org\springframework\spring-beans\4.3.11.RELEASE\spring-beans-4.3.11.RELEASE.jar;E:\maven\localRepository\org\springframework\spring-tx\4.3.11.RELEASE\spring-tx-4.3.11.RELEASE.jar;E:\maven\localRepository\org\springframework\boot\spring-boot-starter-web\1.5.7.RELEASE\spring-boot-starter-web-1.5.7.RELEASE.jar;E:\maven\localRepository\org\springframework\boot\spring-boot-starter-tomcat\1.5.7.RELEASE\spring-boot-starter-tomcat-1.5.7.RELEASE.jar;E:\maven\localRepository\org\apache\tomcat\embed\tomcat-embed-core\8.5.20\tomcat-embed-core-8.5.20.jar;E:\maven\localRepository\org\apache\tomcat\embed\tomcat-embed-el\8.5.20\tomcat-embed-el-8.5.20.jar;E:\maven\localRepository\org\apache\tomcat\embed\tomcat-embed-websocket\8.5.20\tomcat-embed-websocket-8.5.20.jar;E:\maven\localRepository\org\hibernate\hibernate-validator\5.3.5.Final\hibernate-validator-5.3.5.Final.jar;E:\maven\localRepository\javax\validation\validation-api\1.1.0.Final\validation-api-1.1.0.Final.jar;E:\maven\localRepository\org\jboss\logging\jboss-logging\3.3.1.Final\jboss-logging-3.3.1.Final.jar;E:\maven\localRepository\com\fasterxml\classmate\1.3.4\classmate-1.3.4.jar;E:\maven\localRepository\com\fasterxml\jackson\core\jackson-databind\2.8.10\jackson-databind-2.8.10.jar;E:\maven\localRepository\com\fasterxml\jackson\core\jackson-annotations\2.8.0\jackson-annotations-2.8.0.jar;E:\maven\localRepository\com\fasterxml\jackson\core\jackson-core\2.8.10\jackson-core-2.8.10.jar;E:\maven\localRepository\org\springframework\spring-web\4.3.11.RELEASE\spring-web-4.3.11.RELEASE.jar;E:\maven\localRepository\org\springframework\spring-aop\4.3.11.RELEASE\spring-aop-4.3.11.RELEASE.jar;E:\maven\localRepository\org\springframework\spring-context\4.3.11.RELEASE\spring-context-4.3.11.RELEASE.jar;E:\maven\localRepository\org\springframework\spring-webmvc\4.3.11.RELEASE\spring-webmvc-4.3.11.RELEASE.jar;E:\maven\localRepository\org\springframework\spring-expression\4.3.11.RELEASE\spring-expression-4.3.11.RELEASE.jar;E:\maven\localRepository\org\springframework\boot\spring-boot-starter-test\1.5.7.RELEASE\spring-boot-starter-test-1.5.7.RELEASE.jar;E:\maven\localRepository\org\springframework\boot\spring-boot-test\1.5.7.RELEASE\spring-boot-test-1.5.7.RELEASE.jar;E:\maven\localRepository\org\springframework\boot\spring-boot-test-autoconfigure\1.5.7.RELEASE\spring-boot-test-autoconfigure-1.5.7.RELEASE.jar;E:\maven\localRepository\com\jayway\jsonpath\json-path\2.2.0\json-path-2.2.0.jar;E:\maven\localRepository\net\minidev\json-smart\2.2.1\json-smart-2.2.1.jar;E:\maven\localRepository\net\minidev\accessors-smart\1.1\accessors-smart-1.1.jar;E:\maven\localRepository\org\ow2\asm\asm\5.0.3\asm-5.0.3.jar;E:\maven\localRepository\org\slf4j\slf4j-api\1.7.25\slf4j-api-1.7.25.jar;E:\maven\localRepository\junit\junit\4.12\junit-4.12.jar;E:\maven\localRepository\org\assertj\assertj-core\2.6.0\assertj-core-2.6.0.jar;E:\maven\localRepository\org\mockito\mockito-core\1.10.19\mockito-core-1.10.19.jar;E:\maven\localRepository\org\objenesis\objenesis\2.1\objenesis-2.1.jar;E:\maven\localRepository\org\hamcrest\hamcrest-core\1.3\hamcrest-core-1.3.jar;E:\maven\localRepository\org\hamcrest\hamcrest-library\1.3\hamcrest-library-1.3.jar;E:\maven\localRepository\org\skyscreamer\jsonassert\1.4.0\jsonassert-1.4.0.jar;E:\maven\localRepository\com\vaadin\external\google\android-json\0.0.20131108.vaadin1\android-json-0.0.20131108.vaadin1.jar;E:\maven\localRepository\org\springframework\spring-core\4.3.11.RELEASE\spring-core-4.3.11.RELEASE.jar;E:\maven\localRepository\org\springframework\spring-test\4.3.11.RELEASE\spring-test-4.3.11.RELEASE.jar;E:\maven\localRepository\mysql\mysql-connector-java\5.1.44\mysql-connector-java-5.1.44.jar;E:\maven\localRepository\com\alibaba\fastjson\1.2.39\fastjson-1.2.39.jar;E:\maven\localRepository\com\alibaba\druid-spring-boot-starter\1.1.4\druid-spring-boot-starter-1.1.4.jar;E:\maven\localRepository\com\alibaba\druid\1.1.4\druid-1.1.4.jar;C:\develop\java\jre\..\lib\jconsole.jar;C:\develop\java\jre\..\lib\tools.jar;E:\maven\localRepository\org\springframework\boot\spring-boot-autoconfigure\1.5.7.RELEASE\spring-boot-autoconfigure-1.5.7.RELEASE.jar;E:\maven\localRepository\com\github\pagehelper\pagehelper-spring-boot-starter\1.2.3\pagehelper-spring-boot-starter-1.2.3.jar;E:\maven\localRepository\org\mybatis\spring\boot\mybatis-spring-boot-starter\1.3.1\mybatis-spring-boot-starter-1.3.1.jar;E:\maven\localRepository\org\mybatis\spring\boot\mybatis-spring-boot-autoconfigure\1.3.1\mybatis-spring-boot-autoconfigure-1.3.1.jar;E:\maven\localRepository\org\mybatis\mybatis\3.4.5\mybatis-3.4.5.jar;E:\maven\localRepository\org\mybatis\mybatis-spring\1.3.1\mybatis-spring-1.3.1.jar;E:\maven\localRepository\com\github\pagehelper\pagehelper-spring-boot-autoconfigure\1.2.3\pagehelper-spring-boot-autoconfigure-1.2.3.jar;E:\maven\localRepository\com\github\pagehelper\pagehelper\5.1.2\pagehelper-5.1.2.jar;E:\maven\localRepository\com\github\jsqlparser\jsqlparser\1.0\jsqlparser-1.0.jar;E:\maven\localRepository\com\alibaba\dubbo\2.5.6\dubbo-2.5.6.jar;E:\maven\localRepository\org\javassist\javassist\3.21.0-GA\javassist-3.21.0-GA.jar;E:\maven\localRepository\org\jboss\netty\netty\3.2.5.Final\netty-3.2.5.Final.jar;E:\maven\localRepository\org\apache\zookeeper\zookeeper\3.4.10\zookeeper-3.4.10.jar;E:\maven\localRepository\jline\jline\0.9.94\jline-0.9.94.jar;E:\maven\localRepository\com\101tec\zkclient\0.10\zkclient-0.10.jar;E:\github\spring-boot-dubbo-mybatis\spring-boot-dubbo-mybatis-api\target\spring-boot-dubbo-mybatis-api.jar;E:\github\spring-boot-dubbo-mybatis\spring-boot-dubbo-mybatis-common\target\spring-boot-dubbo-mybatis-common.jar;, user.name=nice, java.vm.specification.version=1.8, sun.java.command=E:\github\spring-boot-dubbo-mybatis\spring-boot-dubbo-mybatis-server\target\surefire\surefirebooter8430301195719827663.jar E:\github\spring-boot-dubbo-mybatis\spring-boot-dubbo-mybatis-server\target\surefire\surefire3557334270987822383tmp E:\github\spring-boot-dubbo-mybatis\spring-boot-dubbo-mybatis-server\target\surefire\surefire_01514959879478789225tmp, java.home=C:\develop\java\jre, sun.arch.data.model=64, user.language=zh, java.specification.vendor=Oracle Corporation, awt.toolkit=sun.awt.windows.WToolkit, java.vm.info=mixed mode, java.version=1.8.0_121, java.ext.dirs=C:\develop\java\jre\lib\ext;C:\WINDOWS\Sun\Java\lib\ext, sun.boot.class.path=C:\develop\java\jre\lib\resources.jar;C:\develop\java\jre\lib\rt.jar;C:\develop\java\jre\lib\sunrsasign.jar;C:\develop\java\jre\lib\jsse.jar;C:\develop\java\jre\lib\jce.jar;C:\develop\java\jre\lib\charsets.jar;C:\develop\java\jre\lib\jfr.jar;C:\develop\java\jre\classes, java.vendor=Oracle Corporation, localRepository=E:\maven\localRepository, file.separator=\, java.vendor.url.bug=http://bugreport.sun.com/bugreport/, sun.io.unicode.encoding=UnicodeLittle, sun.cpu.endian=little, sun.desktop=windows, sun.cpu.isalist=amd64}}, SystemEnvironmentPropertySource@1150538133 {name='systemEnvironment', properties={PATH=C:\common\oracle\product\11.2.0\dbhome_1\bin;C:\develop\elasticsearch\elasticsearch-5.5.1\bin;E:\common\apache-maven-3.3.9-bin\apache-maven-3.3.9\bin;C:\develop\java\\bin;C:\ProgramData\Oracle\Java\javapath;C:\Program Files (x86)\Intel\iCLS Client\;C:\Program Files\Intel\iCLS Client\;C:\windows\system32;C:\windows;C:\windows\System32\Wbem;C:\windows\System32\WindowsPowerShell\v1.0\;C:\Program Files (x86)\Intel\Intel(R) Management Engine Components\DAL;C:\Program Files\Intel\Intel(R) Management Engine Components\DAL;C:\Program Files (x86)\Intel\Intel(R) Management Engine Components\IPT;C:\Program Files\Intel\Intel(R) Management Engine Components\IPT;C:\Program Files (x86)\NVIDIA Corporation\PhysX\Common;C:\Program Files\Intel\WiFi\bin\;C:\Program Files\Common Files\Intel\WirelessCommon\;C:\WINDOWS\system32;C:\WINDOWS;C:\WINDOWS\System32\Wbem;C:\WINDOWS\System32\WindowsPowerShell\v1.0\;C:\Program Files\MySQL\MySQL Utilities 1.6\;C:\Git\cmd;C:\Git\mingw64\bin;C:\Git\usr\bin;C:\Users\nice\AppData\Local\Microsoft\WindowsApps;, USERDOMAIN_ROAMINGPROFILE=LAPTOP-HKMAU7E3, PROCESSOR_LEVEL=6, SYSTEMDRIVE=C:, BUILD=local, SESSIONNAME=Console, ALLUSERSPROFILE=C:\ProgramData, PLATFORMCODE=KV, PROCESSOR_ARCHITECTURE=AMD64, =E:=E:\github\spring-boot-dubbo-mybatis\spring-boot-dubbo-mybatis-server, MAVEN_HOME=E:\common\apache-maven-3.3.9-bin\apache-maven-3.3.9, PROGRAMFILES=C:\Program Files, MOZ_PLUGIN_PATH=C:\common\FoxitReader\plugins\, PSMODULEPATH=C:\Program Files\WindowsPowerShell\Modules;C:\WINDOWS\system32\WindowsPowerShell\v1.0\Modules, PROGRAMDATA=C:\ProgramData, USERNAME=nice, FPS_BROWSER_USER_PROFILE_STRING=Default, ONEDRIVE=C:\Users\nice\OneDrive, PATHEXT=.COM;.EXE;.BAT;.CMD;.VBS;.VBE;.JS;.JSE;.WSF;.WSH;.MSC, REGIONCODE=APJ, WINDIR=C:\WINDOWS, HOMEPATH=\Users\nice, PROCESSOR_IDENTIFIER=Intel64 Family 6 Model 94 Stepping 3, GenuineIntel, PUBLIC=C:\Users\Public, =::=::\, LOCALAPPDATA=C:\Users\nice\AppData\Local, COMMONPROGRAMFILES(X86)=C:\Program Files (x86)\Common Files, USERDOMAIN=LAPTOP-HKMAU7E3, FPS_BROWSER_APP_PROFILE_STRING=Internet Explorer, LOGONSERVER=\\LAPTOP-HKMAU7E3, SPRING_PROFILES_ACTIVE=local, JAVA_HOME=C:\develop\java\, PROMPT=$P$G, PROGRAMFILES(X86)=C:\Program Files (x86), ONLINESERVICES=Online Services, APPDATA=C:\Users\nice\AppData\Roaming, PROGRAMW6432=C:\Program Files, SYSTEMROOT=C:\WINDOWS, ES_HOME=C:\develop\elasticsearch\elasticsearch-5.5.1, OS=Windows_NT, COMMONPROGRAMW6432=C:\Program Files\Common Files, COMPUTERNAME=LAPTOP-HKMAU7E3, COMMONPROGRAMFILES=C:\Program Files\Common Files, COMSPEC=C:\WINDOWS\system32\cmd.exe, PROCESSOR_REVISION=5e03, TEMP=C:\Users\nice\AppData\Local\Temp, HOMEDRIVE=C:, USERPROFILE=C:\Users\nice, TMP=C:\Users\nice\AppData\Local\Temp, NUMBER_OF_PROCESSORS=4}}]
09:46:24.884 [main] DEBUG org.springframework.core.io.support.PathMatchingResourcePatternResolver - Resolved classpath location [com/uvanix/server/] to resources [URL [file:/E:/github/spring-boot-dubbo-mybatis/spring-boot-dubbo-mybatis-server/target/test-classes/com/uvanix/server/], URL [file:/E:/github/spring-boot-dubbo-mybatis/spring-boot-dubbo-mybatis-server/target/classes/com/uvanix/server/]]
09:46:24.885 [main] DEBUG org.springframework.core.io.support.PathMatchingResourcePatternResolver - Looking for matching resources in directory tree [E:\github\spring-boot-dubbo-mybatis\spring-boot-dubbo-mybatis-server\target\test-classes\com\uvanix\server]
09:46:24.885 [main] DEBUG org.springframework.core.io.support.PathMatchingResourcePatternResolver - Searching directory [E:\github\spring-boot-dubbo-mybatis\spring-boot-dubbo-mybatis-server\target\test-classes\com\uvanix\server] for files matching pattern [E:/github/spring-boot-dubbo-mybatis/spring-boot-dubbo-mybatis-server/target/test-classes/com/uvanix/server/*.class]
09:46:24.890 [main] DEBUG org.springframework.core.io.support.PathMatchingResourcePatternResolver - Looking for matching resources in directory tree [E:\github\spring-boot-dubbo-mybatis\spring-boot-dubbo-mybatis-server\target\classes\com\uvanix\server]
09:46:24.890 [main] DEBUG org.springframework.core.io.support.PathMatchingResourcePatternResolver - Searching directory [E:\github\spring-boot-dubbo-mybatis\spring-boot-dubbo-mybatis-server\target\classes\com\uvanix\server] for files matching pattern [E:/github/spring-boot-dubbo-mybatis/spring-boot-dubbo-mybatis-server/target/classes/com/uvanix/server/*.class]
09:46:24.907 [main] DEBUG org.springframework.core.io.support.PathMatchingResourcePatternResolver - Resolved location pattern [classpath*:com/uvanix/server/*.class] to resources [file [E:\github\spring-boot-dubbo-mybatis\spring-boot-dubbo-mybatis-server\target\test-classes\com\uvanix\server\ApplicationTests.class], file [E:\github\spring-boot-dubbo-mybatis\spring-boot-dubbo-mybatis-server\target\classes\com\uvanix\server\Application.class]]
09:46:25.022 [main] DEBUG org.springframework.context.annotation.ClassPathScanningCandidateComponentProvider - Identified candidate component class: file [E:\github\spring-boot-dubbo-mybatis\spring-boot-dubbo-mybatis-server\target\classes\com\uvanix\server\Application.class]
09:46:25.023 [main] INFO org.springframework.boot.test.context.SpringBootTestContextBootstrapper - Found @SpringBootConfiguration com.uvanix.server.Application for test class com.uvanix.server.ApplicationTests
09:46:25.043 [main] DEBUG org.springframework.boot.test.context.SpringBootTestContextBootstrapper - @TestExecutionListeners is not present for class [com.uvanix.server.ApplicationTests]: using defaults.
09:46:25.050 [main] INFO org.springframework.boot.test.context.SpringBootTestContextBootstrapper - Loaded default TestExecutionListener class names from location [META-INF/spring.factories]: [org.springframework.boot.test.mock.mockito.MockitoTestExecutionListener, org.springframework.boot.test.mock.mockito.ResetMocksTestExecutionListener, org.springframework.boot.test.autoconfigure.restdocs.RestDocsTestExecutionListener, org.springframework.boot.test.autoconfigure.web.client.MockRestServiceServerResetTestExecutionListener, org.springframework.boot.test.autoconfigure.web.servlet.MockMvcPrintOnlyOnFailureTestExecutionListener, org.springframework.boot.test.autoconfigure.web.servlet.WebDriverTestExecutionListener, org.springframework.test.context.web.ServletTestExecutionListener, org.springframework.test.context.support.DirtiesContextBeforeModesTestExecutionListener, org.springframework.test.context.support.DependencyInjectionTestExecutionListener, org.springframework.test.context.support.DirtiesContextTestExecutionListener, org.springframework.test.context.transaction.TransactionalTestExecutionListener, org.springframework.test.context.jdbc.SqlScriptsTestExecutionListener]
09:46:25.083 [main] INFO org.springframework.boot.test.context.SpringBootTestContextBootstrapper - Using TestExecutionListeners: [org.springframework.test.context.web.ServletTestExecutionListener@473b46c3, org.springframework.test.context.support.DirtiesContextBeforeModesTestExecutionListener@516be40f, org.springframework.boot.test.autoconfigure.SpringBootDependencyInjectionTestExecutionListener@3c0a50da, org.springframework.test.context.support.DirtiesContextTestExecutionListener@646be2c3, org.springframework.test.context.transaction.TransactionalTestExecutionListener@797badd3, org.springframework.test.context.jdbc.SqlScriptsTestExecutionListener@77be656f, org.springframework.boot.test.mock.mockito.MockitoTestExecutionListener@19dc67c2, org.springframework.boot.test.autoconfigure.restdocs.RestDocsTestExecutionListener@221af3c0, org.springframework.boot.test.autoconfigure.web.servlet.WebDriverTestExecutionListener@62bd765, org.springframework.boot.test.autoconfigure.web.servlet.MockMvcPrintOnlyOnFailureTestExecutionListener@23a5fd2, org.springframework.boot.test.autoconfigure.web.client.MockRestServiceServerResetTestExecutionListener@78a2da20, org.springframework.boot.test.mock.mockito.ResetMocksTestExecutionListener@dd3b207]
09:46:25.086 [main] DEBUG org.springframework.test.context.junit4.SpringJUnit4ClassRunner - SpringJUnit4ClassRunner constructor called with [class com.uvanix.server.service.biz.impl.AccountBizServiceImplTest]
09:46:25.087 [main] DEBUG org.springframework.test.context.BootstrapUtils - Instantiating CacheAwareContextLoaderDelegate from class [org.springframework.test.context.cache.DefaultCacheAwareContextLoaderDelegate]
09:46:25.087 [main] DEBUG org.springframework.test.context.BootstrapUtils - Instantiating BootstrapContext using constructor [public org.springframework.test.context.support.DefaultBootstrapContext(java.lang.Class,org.springframework.test.context.CacheAwareContextLoaderDelegate)]
09:46:25.087 [main] DEBUG org.springframework.test.context.BootstrapUtils - Instantiating TestContextBootstrapper for test class [com.uvanix.server.service.biz.impl.AccountBizServiceImplTest] from class [org.springframework.boot.test.context.SpringBootTestContextBootstrapper]
09:46:25.088 [main] INFO org.springframework.boot.test.context.SpringBootTestContextBootstrapper - Neither @ContextConfiguration nor @ContextHierarchy found for test class [com.uvanix.server.service.biz.impl.AccountBizServiceImplTest], using SpringBootContextLoader
09:46:25.088 [main] DEBUG org.springframework.test.context.support.AbstractContextLoader - Did not detect default resource location for test class [com.uvanix.server.service.biz.impl.AccountBizServiceImplTest]: class path resource [com/uvanix/server/service/biz/impl/AccountBizServiceImplTest-context.xml] does not exist
09:46:25.089 [main] DEBUG org.springframework.test.context.support.AbstractContextLoader - Did not detect default resource location for test class [com.uvanix.server.service.biz.impl.AccountBizServiceImplTest]: class path resource [com/uvanix/server/service/biz/impl/AccountBizServiceImplTestContext.groovy] does not exist
09:46:25.089 [main] INFO org.springframework.test.context.support.AbstractContextLoader - Could not detect default resource locations for test class [com.uvanix.server.service.biz.impl.AccountBizServiceImplTest]: no resource found for suffixes {-context.xml, Context.groovy}.
09:46:25.089 [main] INFO org.springframework.test.context.support.AnnotationConfigContextLoaderUtils - Could not detect default configuration classes for test class [com.uvanix.server.service.biz.impl.AccountBizServiceImplTest]: AccountBizServiceImplTest does not declare any static, non-private, non-final, nested classes annotated with @Configuration.
09:46:25.102 [main] DEBUG org.springframework.test.context.support.ActiveProfilesUtils - Could not find an 'annotation declaring class' for annotation type [org.springframework.test.context.ActiveProfiles] and class [com.uvanix.server.service.biz.impl.AccountBizServiceImplTest]
09:46:25.103 [main] DEBUG org.springframework.core.env.StandardEnvironment - Adding PropertySource 'systemProperties' with lowest search precedence
09:46:25.103 [main] DEBUG org.springframework.core.env.StandardEnvironment - Adding PropertySource 'systemEnvironment' with lowest search precedence
09:46:25.104 [main] DEBUG org.springframework.core.env.StandardEnvironment - Initialized StandardEnvironment with PropertySources [MapPropertySource@626742236 {name='systemProperties', properties={idea.version=2017.1.4, java.runtime.name=Java(TM) SE Runtime Environment, sun.boot.library.path=C:\develop\java\jre\bin, java.vm.version=25.121-b13, java.vm.vendor=Oracle Corporation, java.vendor.url=http://java.oracle.com/, path.separator=;, java.vm.name=Java HotSpot(TM) 64-Bit Server VM, file.encoding.pkg=sun.io, user.country=CN, user.script=, sun.java.launcher=SUN_STANDARD, sun.os.patch.level=, java.vm.specification.name=Java Virtual Machine Specification, user.dir=E:\github\spring-boot-dubbo-mybatis\spring-boot-dubbo-mybatis-server, java.runtime.version=1.8.0_121-b13, basedir=E:\github\spring-boot-dubbo-mybatis\spring-boot-dubbo-mybatis-server, java.awt.graphicsenv=sun.awt.Win32GraphicsEnvironment, java.endorsed.dirs=C:\develop\java\jre\lib\endorsed, os.arch=amd64, surefire.real.class.path=E:\github\spring-boot-dubbo-mybatis\spring-boot-dubbo-mybatis-server\target\surefire\surefirebooter8430301195719827663.jar, java.io.tmpdir=C:\Users\nice\AppData\Local\Temp\, line.separator=
, java.vm.specification.vendor=Oracle Corporation, user.variant=, os.name=Windows 10, sun.jnu.encoding=GBK, java.library.path=C:\develop\java\jre\bin;C:\WINDOWS\Sun\Java\bin;C:\WINDOWS\system32;C:\WINDOWS;C:\common\oracle\product\11.2.0\dbhome_1\bin;C:\develop\elasticsearch\elasticsearch-5.5.1\bin;E:\common\apache-maven-3.3.9-bin\apache-maven-3.3.9\bin;C:\develop\java\\bin;C:\ProgramData\Oracle\Java\javapath;C:\Program Files (x86)\Intel\iCLS Client\;C:\Program Files\Intel\iCLS Client\;C:\windows\system32;C:\windows;C:\windows\System32\Wbem;C:\windows\System32\WindowsPowerShell\v1.0\;C:\Program Files (x86)\Intel\Intel(R) Management Engine Components\DAL;C:\Program Files\Intel\Intel(R) Management Engine Components\DAL;C:\Program Files (x86)\Intel\Intel(R) Management Engine Components\IPT;C:\Program Files\Intel\Intel(R) Management Engine Components\IPT;C:\Program Files (x86)\NVIDIA Corporation\PhysX\Common;C:\Program Files\Intel\WiFi\bin\;C:\Program Files\Common Files\Intel\WirelessCommon\;C:\WINDOWS\system32;C:\WINDOWS;C:\WINDOWS\System32\Wbem;C:\WINDOWS\System32\WindowsPowerShell\v1.0\;C:\Program Files\MySQL\MySQL Utilities 1.6\;C:\Git\cmd;C:\Git\mingw64\bin;C:\Git\usr\bin;C:\Users\nice\AppData\Local\Microsoft\WindowsApps;;., surefire.test.class.path=E:\github\spring-boot-dubbo-mybatis\spring-boot-dubbo-mybatis-server\target\test-classes;E:\github\spring-boot-dubbo-mybatis\spring-boot-dubbo-mybatis-server\target\classes;E:\maven\localRepository\org\springframework\boot\spring-boot-starter-jdbc\1.5.7.RELEASE\spring-boot-starter-jdbc-1.5.7.RELEASE.jar;E:\maven\localRepository\org\springframework\boot\spring-boot-starter\1.5.7.RELEASE\spring-boot-starter-1.5.7.RELEASE.jar;E:\maven\localRepository\org\springframework\boot\spring-boot\1.5.7.RELEASE\spring-boot-1.5.7.RELEASE.jar;E:\maven\localRepository\org\springframework\boot\spring-boot-starter-logging\1.5.7.RELEASE\spring-boot-starter-logging-1.5.7.RELEASE.jar;E:\maven\localRepository\ch\qos\logback\logback-classic\1.1.11\logback-classic-1.1.11.jar;E:\maven\localRepository\ch\qos\logback\logback-core\1.1.11\logback-core-1.1.11.jar;E:\maven\localRepository\org\slf4j\jcl-over-slf4j\1.7.25\jcl-over-slf4j-1.7.25.jar;E:\maven\localRepository\org\slf4j\jul-to-slf4j\1.7.25\jul-to-slf4j-1.7.25.jar;E:\maven\localRepository\org\slf4j\log4j-over-slf4j\1.7.25\log4j-over-slf4j-1.7.25.jar;E:\maven\localRepository\org\yaml\snakeyaml\1.17\snakeyaml-1.17.jar;E:\maven\localRepository\org\apache\tomcat\tomcat-jdbc\8.5.20\tomcat-jdbc-8.5.20.jar;E:\maven\localRepository\org\apache\tomcat\tomcat-juli\8.5.20\tomcat-juli-8.5.20.jar;E:\maven\localRepository\org\springframework\spring-jdbc\4.3.11.RELEASE\spring-jdbc-4.3.11.RELEASE.jar;E:\maven\localRepository\org\springframework\spring-beans\4.3.11.RELEASE\spring-beans-4.3.11.RELEASE.jar;E:\maven\localRepository\org\springframework\spring-tx\4.3.11.RELEASE\spring-tx-4.3.11.RELEASE.jar;E:\maven\localRepository\org\springframework\boot\spring-boot-starter-web\1.5.7.RELEASE\spring-boot-starter-web-1.5.7.RELEASE.jar;E:\maven\localRepository\org\springframework\boot\spring-boot-starter-tomcat\1.5.7.RELEASE\spring-boot-starter-tomcat-1.5.7.RELEASE.jar;E:\maven\localRepository\org\apache\tomcat\embed\tomcat-embed-core\8.5.20\tomcat-embed-core-8.5.20.jar;E:\maven\localRepository\org\apache\tomcat\embed\tomcat-embed-el\8.5.20\tomcat-embed-el-8.5.20.jar;E:\maven\localRepository\org\apache\tomcat\embed\tomcat-embed-websocket\8.5.20\tomcat-embed-websocket-8.5.20.jar;E:\maven\localRepository\org\hibernate\hibernate-validator\5.3.5.Final\hibernate-validator-5.3.5.Final.jar;E:\maven\localRepository\javax\validation\validation-api\1.1.0.Final\validation-api-1.1.0.Final.jar;E:\maven\localRepository\org\jboss\logging\jboss-logging\3.3.1.Final\jboss-logging-3.3.1.Final.jar;E:\maven\localRepository\com\fasterxml\classmate\1.3.4\classmate-1.3.4.jar;E:\maven\localRepository\com\fasterxml\jackson\core\jackson-databind\2.8.10\jackson-databind-2.8.10.jar;E:\maven\localRepository\com\fasterxml\jackson\core\jackson-annotations\2.8.0\jackson-annotations-2.8.0.jar;E:\maven\localRepository\com\fasterxml\jackson\core\jackson-core\2.8.10\jackson-core-2.8.10.jar;E:\maven\localRepository\org\springframework\spring-web\4.3.11.RELEASE\spring-web-4.3.11.RELEASE.jar;E:\maven\localRepository\org\springframework\spring-aop\4.3.11.RELEASE\spring-aop-4.3.11.RELEASE.jar;E:\maven\localRepository\org\springframework\spring-context\4.3.11.RELEASE\spring-context-4.3.11.RELEASE.jar;E:\maven\localRepository\org\springframework\spring-webmvc\4.3.11.RELEASE\spring-webmvc-4.3.11.RELEASE.jar;E:\maven\localRepository\org\springframework\spring-expression\4.3.11.RELEASE\spring-expression-4.3.11.RELEASE.jar;E:\maven\localRepository\org\springframework\boot\spring-boot-starter-test\1.5.7.RELEASE\spring-boot-starter-test-1.5.7.RELEASE.jar;E:\maven\localRepository\org\springframework\boot\spring-boot-test\1.5.7.RELEASE\spring-boot-test-1.5.7.RELEASE.jar;E:\maven\localRepository\org\springframework\boot\spring-boot-test-autoconfigure\1.5.7.RELEASE\spring-boot-test-autoconfigure-1.5.7.RELEASE.jar;E:\maven\localRepository\com\jayway\jsonpath\json-path\2.2.0\json-path-2.2.0.jar;E:\maven\localRepository\net\minidev\json-smart\2.2.1\json-smart-2.2.1.jar;E:\maven\localRepository\net\minidev\accessors-smart\1.1\accessors-smart-1.1.jar;E:\maven\localRepository\org\ow2\asm\asm\5.0.3\asm-5.0.3.jar;E:\maven\localRepository\org\slf4j\slf4j-api\1.7.25\slf4j-api-1.7.25.jar;E:\maven\localRepository\junit\junit\4.12\junit-4.12.jar;E:\maven\localRepository\org\assertj\assertj-core\2.6.0\assertj-core-2.6.0.jar;E:\maven\localRepository\org\mockito\mockito-core\1.10.19\mockito-core-1.10.19.jar;E:\maven\localRepository\org\objenesis\objenesis\2.1\objenesis-2.1.jar;E:\maven\localRepository\org\hamcrest\hamcrest-core\1.3\hamcrest-core-1.3.jar;E:\maven\localRepository\org\hamcrest\hamcrest-library\1.3\hamcrest-library-1.3.jar;E:\maven\localRepository\org\skyscreamer\jsonassert\1.4.0\jsonassert-1.4.0.jar;E:\maven\localRepository\com\vaadin\external\google\android-json\0.0.20131108.vaadin1\android-json-0.0.20131108.vaadin1.jar;E:\maven\localRepository\org\springframework\spring-core\4.3.11.RELEASE\spring-core-4.3.11.RELEASE.jar;E:\maven\localRepository\org\springframework\spring-test\4.3.11.RELEASE\spring-test-4.3.11.RELEASE.jar;E:\maven\localRepository\mysql\mysql-connector-java\5.1.44\mysql-connector-java-5.1.44.jar;E:\maven\localRepository\com\alibaba\fastjson\1.2.39\fastjson-1.2.39.jar;E:\maven\localRepository\com\alibaba\druid-spring-boot-starter\1.1.4\druid-spring-boot-starter-1.1.4.jar;E:\maven\localRepository\com\alibaba\druid\1.1.4\druid-1.1.4.jar;C:\develop\java\jre\..\lib\jconsole.jar;C:\develop\java\jre\..\lib\tools.jar;E:\maven\localRepository\org\springframework\boot\spring-boot-autoconfigure\1.5.7.RELEASE\spring-boot-autoconfigure-1.5.7.RELEASE.jar;E:\maven\localRepository\com\github\pagehelper\pagehelper-spring-boot-starter\1.2.3\pagehelper-spring-boot-starter-1.2.3.jar;E:\maven\localRepository\org\mybatis\spring\boot\mybatis-spring-boot-starter\1.3.1\mybatis-spring-boot-starter-1.3.1.jar;E:\maven\localRepository\org\mybatis\spring\boot\mybatis-spring-boot-autoconfigure\1.3.1\mybatis-spring-boot-autoconfigure-1.3.1.jar;E:\maven\localRepository\org\mybatis\mybatis\3.4.5\mybatis-3.4.5.jar;E:\maven\localRepository\org\mybatis\mybatis-spring\1.3.1\mybatis-spring-1.3.1.jar;E:\maven\localRepository\com\github\pagehelper\pagehelper-spring-boot-autoconfigure\1.2.3\pagehelper-spring-boot-autoconfigure-1.2.3.jar;E:\maven\localRepository\com\github\pagehelper\pagehelper\5.1.2\pagehelper-5.1.2.jar;E:\maven\localRepository\com\github\jsqlparser\jsqlparser\1.0\jsqlparser-1.0.jar;E:\maven\localRepository\com\alibaba\dubbo\2.5.6\dubbo-2.5.6.jar;E:\maven\localRepository\org\javassist\javassist\3.21.0-GA\javassist-3.21.0-GA.jar;E:\maven\localRepository\org\jboss\netty\netty\3.2.5.Final\netty-3.2.5.Final.jar;E:\maven\localRepository\org\apache\zookeeper\zookeeper\3.4.10\zookeeper-3.4.10.jar;E:\maven\localRepository\jline\jline\0.9.94\jline-0.9.94.jar;E:\maven\localRepository\com\101tec\zkclient\0.10\zkclient-0.10.jar;E:\github\spring-boot-dubbo-mybatis\spring-boot-dubbo-mybatis-api\target\spring-boot-dubbo-mybatis-api.jar;E:\github\spring-boot-dubbo-mybatis\spring-boot-dubbo-mybatis-common\target\spring-boot-dubbo-mybatis-common.jar;, java.specification.name=Java Platform API Specification, java.class.version=52.0, sun.management.compiler=HotSpot 64-Bit Tiered Compilers, os.version=10.0, user.home=C:\Users\nice, user.timezone=GMT+08:00, java.awt.printerjob=sun.awt.windows.WPrinterJob, file.encoding=GBK, java.specification.version=1.8, java.class.path=E:\github\spring-boot-dubbo-mybatis\spring-boot-dubbo-mybatis-server\target\test-classes;E:\github\spring-boot-dubbo-mybatis\spring-boot-dubbo-mybatis-server\target\classes;E:\maven\localRepository\org\springframework\boot\spring-boot-starter-jdbc\1.5.7.RELEASE\spring-boot-starter-jdbc-1.5.7.RELEASE.jar;E:\maven\localRepository\org\springframework\boot\spring-boot-starter\1.5.7.RELEASE\spring-boot-starter-1.5.7.RELEASE.jar;E:\maven\localRepository\org\springframework\boot\spring-boot\1.5.7.RELEASE\spring-boot-1.5.7.RELEASE.jar;E:\maven\localRepository\org\springframework\boot\spring-boot-starter-logging\1.5.7.RELEASE\spring-boot-starter-logging-1.5.7.RELEASE.jar;E:\maven\localRepository\ch\qos\logback\logback-classic\1.1.11\logback-classic-1.1.11.jar;E:\maven\localRepository\ch\qos\logback\logback-core\1.1.11\logback-core-1.1.11.jar;E:\maven\localRepository\org\slf4j\jcl-over-slf4j\1.7.25\jcl-over-slf4j-1.7.25.jar;E:\maven\localRepository\org\slf4j\jul-to-slf4j\1.7.25\jul-to-slf4j-1.7.25.jar;E:\maven\localRepository\org\slf4j\log4j-over-slf4j\1.7.25\log4j-over-slf4j-1.7.25.jar;E:\maven\localRepository\org\yaml\snakeyaml\1.17\snakeyaml-1.17.jar;E:\maven\localRepository\org\apache\tomcat\tomcat-jdbc\8.5.20\tomcat-jdbc-8.5.20.jar;E:\maven\localRepository\org\apache\tomcat\tomcat-juli\8.5.20\tomcat-juli-8.5.20.jar;E:\maven\localRepository\org\springframework\spring-jdbc\4.3.11.RELEASE\spring-jdbc-4.3.11.RELEASE.jar;E:\maven\localRepository\org\springframework\spring-beans\4.3.11.RELEASE\spring-beans-4.3.11.RELEASE.jar;E:\maven\localRepository\org\springframework\spring-tx\4.3.11.RELEASE\spring-tx-4.3.11.RELEASE.jar;E:\maven\localRepository\org\springframework\boot\spring-boot-starter-web\1.5.7.RELEASE\spring-boot-starter-web-1.5.7.RELEASE.jar;E:\maven\localRepository\org\springframework\boot\spring-boot-starter-tomcat\1.5.7.RELEASE\spring-boot-starter-tomcat-1.5.7.RELEASE.jar;E:\maven\localRepository\org\apache\tomcat\embed\tomcat-embed-core\8.5.20\tomcat-embed-core-8.5.20.jar;E:\maven\localRepository\org\apache\tomcat\embed\tomcat-embed-el\8.5.20\tomcat-embed-el-8.5.20.jar;E:\maven\localRepository\org\apache\tomcat\embed\tomcat-embed-websocket\8.5.20\tomcat-embed-websocket-8.5.20.jar;E:\maven\localRepository\org\hibernate\hibernate-validator\5.3.5.Final\hibernate-validator-5.3.5.Final.jar;E:\maven\localRepository\javax\validation\validation-api\1.1.0.Final\validation-api-1.1.0.Final.jar;E:\maven\localRepository\org\jboss\logging\jboss-logging\3.3.1.Final\jboss-logging-3.3.1.Final.jar;E:\maven\localRepository\com\fasterxml\classmate\1.3.4\classmate-1.3.4.jar;E:\maven\localRepository\com\fasterxml\jackson\core\jackson-databind\2.8.10\jackson-databind-2.8.10.jar;E:\maven\localRepository\com\fasterxml\jackson\core\jackson-annotations\2.8.0\jackson-annotations-2.8.0.jar;E:\maven\localRepository\com\fasterxml\jackson\core\jackson-core\2.8.10\jackson-core-2.8.10.jar;E:\maven\localRepository\org\springframework\spring-web\4.3.11.RELEASE\spring-web-4.3.11.RELEASE.jar;E:\maven\localRepository\org\springframework\spring-aop\4.3.11.RELEASE\spring-aop-4.3.11.RELEASE.jar;E:\maven\localRepository\org\springframework\spring-context\4.3.11.RELEASE\spring-context-4.3.11.RELEASE.jar;E:\maven\localRepository\org\springframework\spring-webmvc\4.3.11.RELEASE\spring-webmvc-4.3.11.RELEASE.jar;E:\maven\localRepository\org\springframework\spring-expression\4.3.11.RELEASE\spring-expression-4.3.11.RELEASE.jar;E:\maven\localRepository\org\springframework\boot\spring-boot-starter-test\1.5.7.RELEASE\spring-boot-starter-test-1.5.7.RELEASE.jar;E:\maven\localRepository\org\springframework\boot\spring-boot-test\1.5.7.RELEASE\spring-boot-test-1.5.7.RELEASE.jar;E:\maven\localRepository\org\springframework\boot\spring-boot-test-autoconfigure\1.5.7.RELEASE\spring-boot-test-autoconfigure-1.5.7.RELEASE.jar;E:\maven\localRepository\com\jayway\jsonpath\json-path\2.2.0\json-path-2.2.0.jar;E:\maven\localRepository\net\minidev\json-smart\2.2.1\json-smart-2.2.1.jar;E:\maven\localRepository\net\minidev\accessors-smart\1.1\accessors-smart-1.1.jar;E:\maven\localRepository\org\ow2\asm\asm\5.0.3\asm-5.0.3.jar;E:\maven\localRepository\org\slf4j\slf4j-api\1.7.25\slf4j-api-1.7.25.jar;E:\maven\localRepository\junit\junit\4.12\junit-4.12.jar;E:\maven\localRepository\org\assertj\assertj-core\2.6.0\assertj-core-2.6.0.jar;E:\maven\localRepository\org\mockito\mockito-core\1.10.19\mockito-core-1.10.19.jar;E:\maven\localRepository\org\objenesis\objenesis\2.1\objenesis-2.1.jar;E:\maven\localRepository\org\hamcrest\hamcrest-core\1.3\hamcrest-core-1.3.jar;E:\maven\localRepository\org\hamcrest\hamcrest-library\1.3\hamcrest-library-1.3.jar;E:\maven\localRepository\org\skyscreamer\jsonassert\1.4.0\jsonassert-1.4.0.jar;E:\maven\localRepository\com\vaadin\external\google\android-json\0.0.20131108.vaadin1\android-json-0.0.20131108.vaadin1.jar;E:\maven\localRepository\org\springframework\spring-core\4.3.11.RELEASE\spring-core-4.3.11.RELEASE.jar;E:\maven\localRepository\org\springframework\spring-test\4.3.11.RELEASE\spring-test-4.3.11.RELEASE.jar;E:\maven\localRepository\mysql\mysql-connector-java\5.1.44\mysql-connector-java-5.1.44.jar;E:\maven\localRepository\com\alibaba\fastjson\1.2.39\fastjson-1.2.39.jar;E:\maven\localRepository\com\alibaba\druid-spring-boot-starter\1.1.4\druid-spring-boot-starter-1.1.4.jar;E:\maven\localRepository\com\alibaba\druid\1.1.4\druid-1.1.4.jar;C:\develop\java\jre\..\lib\jconsole.jar;C:\develop\java\jre\..\lib\tools.jar;E:\maven\localRepository\org\springframework\boot\spring-boot-autoconfigure\1.5.7.RELEASE\spring-boot-autoconfigure-1.5.7.RELEASE.jar;E:\maven\localRepository\com\github\pagehelper\pagehelper-spring-boot-starter\1.2.3\pagehelper-spring-boot-starter-1.2.3.jar;E:\maven\localRepository\org\mybatis\spring\boot\mybatis-spring-boot-starter\1.3.1\mybatis-spring-boot-starter-1.3.1.jar;E:\maven\localRepository\org\mybatis\spring\boot\mybatis-spring-boot-autoconfigure\1.3.1\mybatis-spring-boot-autoconfigure-1.3.1.jar;E:\maven\localRepository\org\mybatis\mybatis\3.4.5\mybatis-3.4.5.jar;E:\maven\localRepository\org\mybatis\mybatis-spring\1.3.1\mybatis-spring-1.3.1.jar;E:\maven\localRepository\com\github\pagehelper\pagehelper-spring-boot-autoconfigure\1.2.3\pagehelper-spring-boot-autoconfigure-1.2.3.jar;E:\maven\localRepository\com\github\pagehelper\pagehelper\5.1.2\pagehelper-5.1.2.jar;E:\maven\localRepository\com\github\jsqlparser\jsqlparser\1.0\jsqlparser-1.0.jar;E:\maven\localRepository\com\alibaba\dubbo\2.5.6\dubbo-2.5.6.jar;E:\maven\localRepository\org\javassist\javassist\3.21.0-GA\javassist-3.21.0-GA.jar;E:\maven\localRepository\org\jboss\netty\netty\3.2.5.Final\netty-3.2.5.Final.jar;E:\maven\localRepository\org\apache\zookeeper\zookeeper\3.4.10\zookeeper-3.4.10.jar;E:\maven\localRepository\jline\jline\0.9.94\jline-0.9.94.jar;E:\maven\localRepository\com\101tec\zkclient\0.10\zkclient-0.10.jar;E:\github\spring-boot-dubbo-mybatis\spring-boot-dubbo-mybatis-api\target\spring-boot-dubbo-mybatis-api.jar;E:\github\spring-boot-dubbo-mybatis\spring-boot-dubbo-mybatis-common\target\spring-boot-dubbo-mybatis-common.jar;, user.name=nice, java.vm.specification.version=1.8, sun.java.command=E:\github\spring-boot-dubbo-mybatis\spring-boot-dubbo-mybatis-server\target\surefire\surefirebooter8430301195719827663.jar E:\github\spring-boot-dubbo-mybatis\spring-boot-dubbo-mybatis-server\target\surefire\surefire3557334270987822383tmp E:\github\spring-boot-dubbo-mybatis\spring-boot-dubbo-mybatis-server\target\surefire\surefire_01514959879478789225tmp, java.home=C:\develop\java\jre, sun.arch.data.model=64, user.language=zh, java.specification.vendor=Oracle Corporation, awt.toolkit=sun.awt.windows.WToolkit, java.vm.info=mixed mode, java.version=1.8.0_121, java.ext.dirs=C:\develop\java\jre\lib\ext;C:\WINDOWS\Sun\Java\lib\ext, sun.boot.class.path=C:\develop\java\jre\lib\resources.jar;C:\develop\java\jre\lib\rt.jar;C:\develop\java\jre\lib\sunrsasign.jar;C:\develop\java\jre\lib\jsse.jar;C:\develop\java\jre\lib\jce.jar;C:\develop\java\jre\lib\charsets.jar;C:\develop\java\jre\lib\jfr.jar;C:\develop\java\jre\classes, java.vendor=Oracle Corporation, localRepository=E:\maven\localRepository, file.separator=\, java.vendor.url.bug=http://bugreport.sun.com/bugreport/, sun.io.unicode.encoding=UnicodeLittle, sun.cpu.endian=little, sun.desktop=windows, sun.cpu.isalist=amd64}}, SystemEnvironmentPropertySource@500772834 {name='systemEnvironment', properties={PATH=C:\common\oracle\product\11.2.0\dbhome_1\bin;C:\develop\elasticsearch\elasticsearch-5.5.1\bin;E:\common\apache-maven-3.3.9-bin\apache-maven-3.3.9\bin;C:\develop\java\\bin;C:\ProgramData\Oracle\Java\javapath;C:\Program Files (x86)\Intel\iCLS Client\;C:\Program Files\Intel\iCLS Client\;C:\windows\system32;C:\windows;C:\windows\System32\Wbem;C:\windows\System32\WindowsPowerShell\v1.0\;C:\Program Files (x86)\Intel\Intel(R) Management Engine Components\DAL;C:\Program Files\Intel\Intel(R) Management Engine Components\DAL;C:\Program Files (x86)\Intel\Intel(R) Management Engine Components\IPT;C:\Program Files\Intel\Intel(R) Management Engine Components\IPT;C:\Program Files (x86)\NVIDIA Corporation\PhysX\Common;C:\Program Files\Intel\WiFi\bin\;C:\Program Files\Common Files\Intel\WirelessCommon\;C:\WINDOWS\system32;C:\WINDOWS;C:\WINDOWS\System32\Wbem;C:\WINDOWS\System32\WindowsPowerShell\v1.0\;C:\Program Files\MySQL\MySQL Utilities 1.6\;C:\Git\cmd;C:\Git\mingw64\bin;C:\Git\usr\bin;C:\Users\nice\AppData\Local\Microsoft\WindowsApps;, USERDOMAIN_ROAMINGPROFILE=LAPTOP-HKMAU7E3, PROCESSOR_LEVEL=6, SYSTEMDRIVE=C:, BUILD=local, SESSIONNAME=Console, ALLUSERSPROFILE=C:\ProgramData, PLATFORMCODE=KV, PROCESSOR_ARCHITECTURE=AMD64, =E:=E:\github\spring-boot-dubbo-mybatis\spring-boot-dubbo-mybatis-server, MAVEN_HOME=E:\common\apache-maven-3.3.9-bin\apache-maven-3.3.9, PROGRAMFILES=C:\Program Files, MOZ_PLUGIN_PATH=C:\common\FoxitReader\plugins\, PSMODULEPATH=C:\Program Files\WindowsPowerShell\Modules;C:\WINDOWS\system32\WindowsPowerShell\v1.0\Modules, PROGRAMDATA=C:\ProgramData, USERNAME=nice, FPS_BROWSER_USER_PROFILE_STRING=Default, ONEDRIVE=C:\Users\nice\OneDrive, PATHEXT=.COM;.EXE;.BAT;.CMD;.VBS;.VBE;.JS;.JSE;.WSF;.WSH;.MSC, REGIONCODE=APJ, WINDIR=C:\WINDOWS, HOMEPATH=\Users\nice, PROCESSOR_IDENTIFIER=Intel64 Family 6 Model 94 Stepping 3, GenuineIntel, PUBLIC=C:\Users\Public, =::=::\, LOCALAPPDATA=C:\Users\nice\AppData\Local, COMMONPROGRAMFILES(X86)=C:\Program Files (x86)\Common Files, USERDOMAIN=LAPTOP-HKMAU7E3, FPS_BROWSER_APP_PROFILE_STRING=Internet Explorer, LOGONSERVER=\\LAPTOP-HKMAU7E3, SPRING_PROFILES_ACTIVE=local, JAVA_HOME=C:\develop\java\, PROMPT=$P$G, PROGRAMFILES(X86)=C:\Program Files (x86), ONLINESERVICES=Online Services, APPDATA=C:\Users\nice\AppData\Roaming, PROGRAMW6432=C:\Program Files, SYSTEMROOT=C:\WINDOWS, ES_HOME=C:\develop\elasticsearch\elasticsearch-5.5.1, OS=Windows_NT, COMMONPROGRAMW6432=C:\Program Files\Common Files, COMPUTERNAME=LAPTOP-HKMAU7E3, COMMONPROGRAMFILES=C:\Program Files\Common Files, COMSPEC=C:\WINDOWS\system32\cmd.exe, PROCESSOR_REVISION=5e03, TEMP=C:\Users\nice\AppData\Local\Temp, HOMEDRIVE=C:, USERPROFILE=C:\Users\nice, TMP=C:\Users\nice\AppData\Local\Temp, NUMBER_OF_PROCESSORS=4}}]
09:46:25.108 [main] DEBUG org.springframework.core.io.support.PathMatchingResourcePatternResolver - Resolved classpath location [com/uvanix/server/service/biz/impl/] to resources [URL [file:/E:/github/spring-boot-dubbo-mybatis/spring-boot-dubbo-mybatis-server/target/test-classes/com/uvanix/server/service/biz/impl/], URL [file:/E:/github/spring-boot-dubbo-mybatis/spring-boot-dubbo-mybatis-server/target/classes/com/uvanix/server/service/biz/impl/]]
09:46:25.109 [main] DEBUG org.springframework.core.io.support.PathMatchingResourcePatternResolver - Looking for matching resources in directory tree [E:\github\spring-boot-dubbo-mybatis\spring-boot-dubbo-mybatis-server\target\test-classes\com\uvanix\server\service\biz\impl]
09:46:25.109 [main] DEBUG org.springframework.core.io.support.PathMatchingResourcePatternResolver - Searching directory [E:\github\spring-boot-dubbo-mybatis\spring-boot-dubbo-mybatis-server\target\test-classes\com\uvanix\server\service\biz\impl] for files matching pattern [E:/github/spring-boot-dubbo-mybatis/spring-boot-dubbo-mybatis-server/target/test-classes/com/uvanix/server/service/biz/impl/*.class]
09:46:25.111 [main] DEBUG org.springframework.core.io.support.PathMatchingResourcePatternResolver - Looking for matching resources in directory tree [E:\github\spring-boot-dubbo-mybatis\spring-boot-dubbo-mybatis-server\target\classes\com\uvanix\server\service\biz\impl]
09:46:25.111 [main] DEBUG org.springframework.core.io.support.PathMatchingResourcePatternResolver - Searching directory [E:\github\spring-boot-dubbo-mybatis\spring-boot-dubbo-mybatis-server\target\classes\com\uvanix\server\service\biz\impl] for files matching pattern [E:/github/spring-boot-dubbo-mybatis/spring-boot-dubbo-mybatis-server/target/classes/com/uvanix/server/service/biz/impl/*.class]
09:46:25.112 [main] DEBUG org.springframework.core.io.support.PathMatchingResourcePatternResolver - Resolved location pattern [classpath*:com/uvanix/server/service/biz/impl/*.class] to resources [file [E:\github\spring-boot-dubbo-mybatis\spring-boot-dubbo-mybatis-server\target\test-classes\com\uvanix\server\service\biz\impl\AccountBizServiceImplTest.class], file [E:\github\spring-boot-dubbo-mybatis\spring-boot-dubbo-mybatis-server\target\test-classes\com\uvanix\server\service\biz\impl\DatabaseServiceImplTest.class], file [E:\github\spring-boot-dubbo-mybatis\spring-boot-dubbo-mybatis-server\target\classes\com\uvanix\server\service\biz\impl\AccountBizServiceImpl.class], file [E:\github\spring-boot-dubbo-mybatis\spring-boot-dubbo-mybatis-server\target\classes\com\uvanix\server\service\biz\impl\DatabaseServiceImpl.class]]
09:46:25.117 [main] DEBUG org.springframework.core.io.support.PathMatchingResourcePatternResolver - Resolved classpath location [com/uvanix/server/service/biz/] to resources [URL [file:/E:/github/spring-boot-dubbo-mybatis/spring-boot-dubbo-mybatis-server/target/test-classes/com/uvanix/server/service/biz/], URL [file:/E:/github/spring-boot-dubbo-mybatis/spring-boot-dubbo-mybatis-server/target/classes/com/uvanix/server/service/biz/]]
09:46:25.118 [main] DEBUG org.springframework.core.io.support.PathMatchingResourcePatternResolver - Looking for matching resources in directory tree [E:\github\spring-boot-dubbo-mybatis\spring-boot-dubbo-mybatis-server\target\test-classes\com\uvanix\server\service\biz]
09:46:25.118 [main] DEBUG org.springframework.core.io.support.PathMatchingResourcePatternResolver - Searching directory [E:\github\spring-boot-dubbo-mybatis\spring-boot-dubbo-mybatis-server\target\test-classes\com\uvanix\server\service\biz] for files matching pattern [E:/github/spring-boot-dubbo-mybatis/spring-boot-dubbo-mybatis-server/target/test-classes/com/uvanix/server/service/biz/*.class]
09:46:25.119 [main] DEBUG org.springframework.core.io.support.PathMatchingResourcePatternResolver - Looking for matching resources in directory tree [E:\github\spring-boot-dubbo-mybatis\spring-boot-dubbo-mybatis-server\target\classes\com\uvanix\server\service\biz]
09:46:25.119 [main] DEBUG org.springframework.core.io.support.PathMatchingResourcePatternResolver - Searching directory [E:\github\spring-boot-dubbo-mybatis\spring-boot-dubbo-mybatis-server\target\classes\com\uvanix\server\service\biz] for files matching pattern [E:/github/spring-boot-dubbo-mybatis/spring-boot-dubbo-mybatis-server/target/classes/com/uvanix/server/service/biz/*.class]
09:46:25.120 [main] DEBUG org.springframework.core.io.support.PathMatchingResourcePatternResolver - Resolved location pattern [classpath*:com/uvanix/server/service/biz/*.class] to resources [file [E:\github\spring-boot-dubbo-mybatis\spring-boot-dubbo-mybatis-server\target\classes\com\uvanix\server\service\biz\AccountBizService.class], file [E:\github\spring-boot-dubbo-mybatis\spring-boot-dubbo-mybatis-server\target\classes\com\uvanix\server\service\biz\DatabaseService.class]]
09:46:25.121 [main] DEBUG org.springframework.core.io.support.PathMatchingResourcePatternResolver - Resolved classpath location [com/uvanix/server/service/] to resources [URL [file:/E:/github/spring-boot-dubbo-mybatis/spring-boot-dubbo-mybatis-server/target/test-classes/com/uvanix/server/service/], URL [file:/E:/github/spring-boot-dubbo-mybatis/spring-boot-dubbo-mybatis-server/target/classes/com/uvanix/server/service/]]
09:46:25.122 [main] DEBUG org.springframework.core.io.support.PathMatchingResourcePatternResolver - Looking for matching resources in directory tree [E:\github\spring-boot-dubbo-mybatis\spring-boot-dubbo-mybatis-server\target\test-classes\com\uvanix\server\service]
09:46:25.122 [main] DEBUG org.springframework.core.io.support.PathMatchingResourcePatternResolver - Searching directory [E:\github\spring-boot-dubbo-mybatis\spring-boot-dubbo-mybatis-server\target\test-classes\com\uvanix\server\service] for files matching pattern [E:/github/spring-boot-dubbo-mybatis/spring-boot-dubbo-mybatis-server/target/test-classes/com/uvanix/server/service/*.class]
09:46:25.122 [main] DEBUG org.springframework.core.io.support.PathMatchingResourcePatternResolver - Looking for matching resources in directory tree [E:\github\spring-boot-dubbo-mybatis\spring-boot-dubbo-mybatis-server\target\classes\com\uvanix\server\service]
09:46:25.122 [main] DEBUG org.springframework.core.io.support.PathMatchingResourcePatternResolver - Searching directory [E:\github\spring-boot-dubbo-mybatis\spring-boot-dubbo-mybatis-server\target\classes\com\uvanix\server\service] for files matching pattern [E:/github/spring-boot-dubbo-mybatis/spring-boot-dubbo-mybatis-server/target/classes/com/uvanix/server/service/*.class]
09:46:25.123 [main] DEBUG org.springframework.core.io.support.PathMatchingResourcePatternResolver - Resolved location pattern [classpath*:com/uvanix/server/service/*.class] to resources []
09:46:25.123 [main] DEBUG org.springframework.core.io.support.PathMatchingResourcePatternResolver - Resolved classpath location [com/uvanix/server/] to resources [URL [file:/E:/github/spring-boot-dubbo-mybatis/spring-boot-dubbo-mybatis-server/target/test-classes/com/uvanix/server/], URL [file:/E:/github/spring-boot-dubbo-mybatis/spring-boot-dubbo-mybatis-server/target/classes/com/uvanix/server/]]
09:46:25.124 [main] DEBUG org.springframework.core.io.support.PathMatchingResourcePatternResolver - Looking for matching resources in directory tree [E:\github\spring-boot-dubbo-mybatis\spring-boot-dubbo-mybatis-server\target\test-classes\com\uvanix\server]
09:46:25.124 [main] DEBUG org.springframework.core.io.support.PathMatchingResourcePatternResolver - Searching directory [E:\github\spring-boot-dubbo-mybatis\spring-boot-dubbo-mybatis-server\target\test-classes\com\uvanix\server] for files matching pattern [E:/github/spring-boot-dubbo-mybatis/spring-boot-dubbo-mybatis-server/target/test-classes/com/uvanix/server/*.class]
09:46:25.125 [main] DEBUG org.springframework.core.io.support.PathMatchingResourcePatternResolver - Looking for matching resources in directory tree [E:\github\spring-boot-dubbo-mybatis\spring-boot-dubbo-mybatis-server\target\classes\com\uvanix\server]
09:46:25.126 [main] DEBUG org.springframework.core.io.support.PathMatchingResourcePatternResolver - Searching directory [E:\github\spring-boot-dubbo-mybatis\spring-boot-dubbo-mybatis-server\target\classes\com\uvanix\server] for files matching pattern [E:/github/spring-boot-dubbo-mybatis/spring-boot-dubbo-mybatis-server/target/classes/com/uvanix/server/*.class]
09:46:25.136 [main] DEBUG org.springframework.core.io.support.PathMatchingResourcePatternResolver - Resolved location pattern [classpath*:com/uvanix/server/*.class] to resources [file [E:\github\spring-boot-dubbo-mybatis\spring-boot-dubbo-mybatis-server\target\test-classes\com\uvanix\server\ApplicationTests.class], file [E:\github\spring-boot-dubbo-mybatis\spring-boot-dubbo-mybatis-server\target\classes\com\uvanix\server\Application.class]]
09:46:25.138 [main] DEBUG org.springframework.context.annotation.ClassPathScanningCandidateComponentProvider - Identified candidate component class: file [E:\github\spring-boot-dubbo-mybatis\spring-boot-dubbo-mybatis-server\target\classes\com\uvanix\server\Application.class]
09:46:25.138 [main] INFO org.springframework.boot.test.context.SpringBootTestContextBootstrapper - Found @SpringBootConfiguration com.uvanix.server.Application for test class com.uvanix.server.service.biz.impl.AccountBizServiceImplTest
09:46:25.141 [main] DEBUG org.springframework.boot.test.context.SpringBootTestContextBootstrapper - @TestExecutionListeners is not present for class [com.uvanix.server.service.biz.impl.AccountBizServiceImplTest]: using defaults.
09:46:25.145 [main] INFO org.springframework.boot.test.context.SpringBootTestContextBootstrapper - Loaded default TestExecutionListener class names from location [META-INF/spring.factories]: [org.springframework.boot.test.mock.mockito.MockitoTestExecutionListener, org.springframework.boot.test.mock.mockito.ResetMocksTestExecutionListener, org.springframework.boot.test.autoconfigure.restdocs.RestDocsTestExecutionListener, org.springframework.boot.test.autoconfigure.web.client.MockRestServiceServerResetTestExecutionListener, org.springframework.boot.test.autoconfigure.web.servlet.MockMvcPrintOnlyOnFailureTestExecutionListener, org.springframework.boot.test.autoconfigure.web.servlet.WebDriverTestExecutionListener, org.springframework.test.context.web.ServletTestExecutionListener, org.springframework.test.context.support.DirtiesContextBeforeModesTestExecutionListener, org.springframework.test.context.support.DependencyInjectionTestExecutionListener, org.springframework.test.context.support.DirtiesContextTestExecutionListener, org.springframework.test.context.transaction.TransactionalTestExecutionListener, org.springframework.test.context.jdbc.SqlScriptsTestExecutionListener]
09:46:25.157 [main] INFO org.springframework.boot.test.context.SpringBootTestContextBootstrapper - Using TestExecutionListeners: [org.springframework.test.context.web.ServletTestExecutionListener@55a1c291, org.springframework.test.context.support.DirtiesContextBeforeModesTestExecutionListener@2145433b, org.springframework.boot.test.autoconfigure.SpringBootDependencyInjectionTestExecutionListener@2890c451, org.springframework.test.context.support.DirtiesContextTestExecutionListener@40e6dfe1, org.springframework.test.context.transaction.TransactionalTestExecutionListener@1b083826, org.springframework.test.context.jdbc.SqlScriptsTestExecutionListener@105fece7, org.springframework.boot.test.mock.mockito.MockitoTestExecutionListener@3ec300f1, org.springframework.boot.test.autoconfigure.restdocs.RestDocsTestExecutionListener@482cd91f, org.springframework.boot.test.autoconfigure.web.servlet.WebDriverTestExecutionListener@123f1134, org.springframework.boot.test.autoconfigure.web.servlet.MockMvcPrintOnlyOnFailureTestExecutionListener@7d68ef40, org.springframework.boot.test.autoconfigure.web.client.MockRestServiceServerResetTestExecutionListener@5b0abc94, org.springframework.boot.test.mock.mockito.ResetMocksTestExecutionListener@75c072cb]
09:46:25.158 [main] DEBUG org.springframework.test.context.junit4.SpringJUnit4ClassRunner - SpringJUnit4ClassRunner constructor called with [class com.uvanix.server.service.biz.impl.DatabaseServiceImplTest]
09:46:25.159 [main] DEBUG org.springframework.test.context.BootstrapUtils - Instantiating CacheAwareContextLoaderDelegate from class [org.springframework.test.context.cache.DefaultCacheAwareContextLoaderDelegate]
09:46:25.159 [main] DEBUG org.springframework.test.context.BootstrapUtils - Instantiating BootstrapContext using constructor [public org.springframework.test.context.support.DefaultBootstrapContext(java.lang.Class,org.springframework.test.context.CacheAwareContextLoaderDelegate)]
09:46:25.159 [main] DEBUG org.springframework.test.context.BootstrapUtils - Instantiating TestContextBootstrapper for test class [com.uvanix.server.service.biz.impl.DatabaseServiceImplTest] from class [org.springframework.boot.test.context.SpringBootTestContextBootstrapper]
09:46:25.160 [main] INFO org.springframework.boot.test.context.SpringBootTestContextBootstrapper - Neither @ContextConfiguration nor @ContextHierarchy found for test class [com.uvanix.server.service.biz.impl.DatabaseServiceImplTest], using SpringBootContextLoader
09:46:25.160 [main] DEBUG org.springframework.test.context.support.AbstractContextLoader - Did not detect default resource location for test class [com.uvanix.server.service.biz.impl.DatabaseServiceImplTest]: class path resource [com/uvanix/server/service/biz/impl/DatabaseServiceImplTest-context.xml] does not exist
09:46:25.161 [main] DEBUG org.springframework.test.context.support.AbstractContextLoader - Did not detect default resource location for test class [com.uvanix.server.service.biz.impl.DatabaseServiceImplTest]: class path resource [com/uvanix/server/service/biz/impl/DatabaseServiceImplTestContext.groovy] does not exist
09:46:25.161 [main] INFO org.springframework.test.context.support.AbstractContextLoader - Could not detect default resource locations for test class [com.uvanix.server.service.biz.impl.DatabaseServiceImplTest]: no resource found for suffixes {-context.xml, Context.groovy}.
09:46:25.161 [main] INFO org.springframework.test.context.support.AnnotationConfigContextLoaderUtils - Could not detect default configuration classes for test class [com.uvanix.server.service.biz.impl.DatabaseServiceImplTest]: DatabaseServiceImplTest does not declare any static, non-private, non-final, nested classes annotated with @Configuration.
09:46:25.167 [main] DEBUG org.springframework.test.context.support.ActiveProfilesUtils - Could not find an 'annotation declaring class' for annotation type [org.springframework.test.context.ActiveProfiles] and class [com.uvanix.server.service.biz.impl.DatabaseServiceImplTest]
09:46:25.167 [main] DEBUG org.springframework.core.env.StandardEnvironment - Adding PropertySource 'systemProperties' with lowest search precedence
09:46:25.167 [main] DEBUG org.springframework.core.env.StandardEnvironment - Adding PropertySource 'systemEnvironment' with lowest search precedence
09:46:25.168 [main] DEBUG org.springframework.core.env.StandardEnvironment - Initialized StandardEnvironment with PropertySources [MapPropertySource@398572781 {name='systemProperties', properties={idea.version=2017.1.4, java.runtime.name=Java(TM) SE Runtime Environment, sun.boot.library.path=C:\develop\java\jre\bin, java.vm.version=25.121-b13, java.vm.vendor=Oracle Corporation, java.vendor.url=http://java.oracle.com/, path.separator=;, java.vm.name=Java HotSpot(TM) 64-Bit Server VM, file.encoding.pkg=sun.io, user.country=CN, user.script=, sun.java.launcher=SUN_STANDARD, sun.os.patch.level=, java.vm.specification.name=Java Virtual Machine Specification, user.dir=E:\github\spring-boot-dubbo-mybatis\spring-boot-dubbo-mybatis-server, java.runtime.version=1.8.0_121-b13, basedir=E:\github\spring-boot-dubbo-mybatis\spring-boot-dubbo-mybatis-server, java.awt.graphicsenv=sun.awt.Win32GraphicsEnvironment, java.endorsed.dirs=C:\develop\java\jre\lib\endorsed, os.arch=amd64, surefire.real.class.path=E:\github\spring-boot-dubbo-mybatis\spring-boot-dubbo-mybatis-server\target\surefire\surefirebooter8430301195719827663.jar, java.io.tmpdir=C:\Users\nice\AppData\Local\Temp\, line.separator=
, java.vm.specification.vendor=Oracle Corporation, user.variant=, os.name=Windows 10, sun.jnu.encoding=GBK, java.library.path=C:\develop\java\jre\bin;C:\WINDOWS\Sun\Java\bin;C:\WINDOWS\system32;C:\WINDOWS;C:\common\oracle\product\11.2.0\dbhome_1\bin;C:\develop\elasticsearch\elasticsearch-5.5.1\bin;E:\common\apache-maven-3.3.9-bin\apache-maven-3.3.9\bin;C:\develop\java\\bin;C:\ProgramData\Oracle\Java\javapath;C:\Program Files (x86)\Intel\iCLS Client\;C:\Program Files\Intel\iCLS Client\;C:\windows\system32;C:\windows;C:\windows\System32\Wbem;C:\windows\System32\WindowsPowerShell\v1.0\;C:\Program Files (x86)\Intel\Intel(R) Management Engine Components\DAL;C:\Program Files\Intel\Intel(R) Management Engine Components\DAL;C:\Program Files (x86)\Intel\Intel(R) Management Engine Components\IPT;C:\Program Files\Intel\Intel(R) Management Engine Components\IPT;C:\Program Files (x86)\NVIDIA Corporation\PhysX\Common;C:\Program Files\Intel\WiFi\bin\;C:\Program Files\Common Files\Intel\WirelessCommon\;C:\WINDOWS\system32;C:\WINDOWS;C:\WINDOWS\System32\Wbem;C:\WINDOWS\System32\WindowsPowerShell\v1.0\;C:\Program Files\MySQL\MySQL Utilities 1.6\;C:\Git\cmd;C:\Git\mingw64\bin;C:\Git\usr\bin;C:\Users\nice\AppData\Local\Microsoft\WindowsApps;;., surefire.test.class.path=E:\github\spring-boot-dubbo-mybatis\spring-boot-dubbo-mybatis-server\target\test-classes;E:\github\spring-boot-dubbo-mybatis\spring-boot-dubbo-mybatis-server\target\classes;E:\maven\localRepository\org\springframework\boot\spring-boot-starter-jdbc\1.5.7.RELEASE\spring-boot-starter-jdbc-1.5.7.RELEASE.jar;E:\maven\localRepository\org\springframework\boot\spring-boot-starter\1.5.7.RELEASE\spring-boot-starter-1.5.7.RELEASE.jar;E:\maven\localRepository\org\springframework\boot\spring-boot\1.5.7.RELEASE\spring-boot-1.5.7.RELEASE.jar;E:\maven\localRepository\org\springframework\boot\spring-boot-starter-logging\1.5.7.RELEASE\spring-boot-starter-logging-1.5.7.RELEASE.jar;E:\maven\localRepository\ch\qos\logback\logback-classic\1.1.11\logback-classic-1.1.11.jar;E:\maven\localRepository\ch\qos\logback\logback-core\1.1.11\logback-core-1.1.11.jar;E:\maven\localRepository\org\slf4j\jcl-over-slf4j\1.7.25\jcl-over-slf4j-1.7.25.jar;E:\maven\localRepository\org\slf4j\jul-to-slf4j\1.7.25\jul-to-slf4j-1.7.25.jar;E:\maven\localRepository\org\slf4j\log4j-over-slf4j\1.7.25\log4j-over-slf4j-1.7.25.jar;E:\maven\localRepository\org\yaml\snakeyaml\1.17\snakeyaml-1.17.jar;E:\maven\localRepository\org\apache\tomcat\tomcat-jdbc\8.5.20\tomcat-jdbc-8.5.20.jar;E:\maven\localRepository\org\apache\tomcat\tomcat-juli\8.5.20\tomcat-juli-8.5.20.jar;E:\maven\localRepository\org\springframework\spring-jdbc\4.3.11.RELEASE\spring-jdbc-4.3.11.RELEASE.jar;E:\maven\localRepository\org\springframework\spring-beans\4.3.11.RELEASE\spring-beans-4.3.11.RELEASE.jar;E:\maven\localRepository\org\springframework\spring-tx\4.3.11.RELEASE\spring-tx-4.3.11.RELEASE.jar;E:\maven\localRepository\org\springframework\boot\spring-boot-starter-web\1.5.7.RELEASE\spring-boot-starter-web-1.5.7.RELEASE.jar;E:\maven\localRepository\org\springframework\boot\spring-boot-starter-tomcat\1.5.7.RELEASE\spring-boot-starter-tomcat-1.5.7.RELEASE.jar;E:\maven\localRepository\org\apache\tomcat\embed\tomcat-embed-core\8.5.20\tomcat-embed-core-8.5.20.jar;E:\maven\localRepository\org\apache\tomcat\embed\tomcat-embed-el\8.5.20\tomcat-embed-el-8.5.20.jar;E:\maven\localRepository\org\apache\tomcat\embed\tomcat-embed-websocket\8.5.20\tomcat-embed-websocket-8.5.20.jar;E:\maven\localRepository\org\hibernate\hibernate-validator\5.3.5.Final\hibernate-validator-5.3.5.Final.jar;E:\maven\localRepository\javax\validation\validation-api\1.1.0.Final\validation-api-1.1.0.Final.jar;E:\maven\localRepository\org\jboss\logging\jboss-logging\3.3.1.Final\jboss-logging-3.3.1.Final.jar;E:\maven\localRepository\com\fasterxml\classmate\1.3.4\classmate-1.3.4.jar;E:\maven\localRepository\com\fasterxml\jackson\core\jackson-databind\2.8.10\jackson-databind-2.8.10.jar;E:\maven\localRepository\com\fasterxml\jackson\core\jackson-annotations\2.8.0\jackson-annotations-2.8.0.jar;E:\maven\localRepository\com\fasterxml\jackson\core\jackson-core\2.8.10\jackson-core-2.8.10.jar;E:\maven\localRepository\org\springframework\spring-web\4.3.11.RELEASE\spring-web-4.3.11.RELEASE.jar;E:\maven\localRepository\org\springframework\spring-aop\4.3.11.RELEASE\spring-aop-4.3.11.RELEASE.jar;E:\maven\localRepository\org\springframework\spring-context\4.3.11.RELEASE\spring-context-4.3.11.RELEASE.jar;E:\maven\localRepository\org\springframework\spring-webmvc\4.3.11.RELEASE\spring-webmvc-4.3.11.RELEASE.jar;E:\maven\localRepository\org\springframework\spring-expression\4.3.11.RELEASE\spring-expression-4.3.11.RELEASE.jar;E:\maven\localRepository\org\springframework\boot\spring-boot-starter-test\1.5.7.RELEASE\spring-boot-starter-test-1.5.7.RELEASE.jar;E:\maven\localRepository\org\springframework\boot\spring-boot-test\1.5.7.RELEASE\spring-boot-test-1.5.7.RELEASE.jar;E:\maven\localRepository\org\springframework\boot\spring-boot-test-autoconfigure\1.5.7.RELEASE\spring-boot-test-autoconfigure-1.5.7.RELEASE.jar;E:\maven\localRepository\com\jayway\jsonpath\json-path\2.2.0\json-path-2.2.0.jar;E:\maven\localRepository\net\minidev\json-smart\2.2.1\json-smart-2.2.1.jar;E:\maven\localRepository\net\minidev\accessors-smart\1.1\accessors-smart-1.1.jar;E:\maven\localRepository\org\ow2\asm\asm\5.0.3\asm-5.0.3.jar;E:\maven\localRepository\org\slf4j\slf4j-api\1.7.25\slf4j-api-1.7.25.jar;E:\maven\localRepository\junit\junit\4.12\junit-4.12.jar;E:\maven\localRepository\org\assertj\assertj-core\2.6.0\assertj-core-2.6.0.jar;E:\maven\localRepository\org\mockito\mockito-core\1.10.19\mockito-core-1.10.19.jar;E:\maven\localRepository\org\objenesis\objenesis\2.1\objenesis-2.1.jar;E:\maven\localRepository\org\hamcrest\hamcrest-core\1.3\hamcrest-core-1.3.jar;E:\maven\localRepository\org\hamcrest\hamcrest-library\1.3\hamcrest-library-1.3.jar;E:\maven\localRepository\org\skyscreamer\jsonassert\1.4.0\jsonassert-1.4.0.jar;E:\maven\localRepository\com\vaadin\external\google\android-json\0.0.20131108.vaadin1\android-json-0.0.20131108.vaadin1.jar;E:\maven\localRepository\org\springframework\spring-core\4.3.11.RELEASE\spring-core-4.3.11.RELEASE.jar;E:\maven\localRepository\org\springframework\spring-test\4.3.11.RELEASE\spring-test-4.3.11.RELEASE.jar;E:\maven\localRepository\mysql\mysql-connector-java\5.1.44\mysql-connector-java-5.1.44.jar;E:\maven\localRepository\com\alibaba\fastjson\1.2.39\fastjson-1.2.39.jar;E:\maven\localRepository\com\alibaba\druid-spring-boot-starter\1.1.4\druid-spring-boot-starter-1.1.4.jar;E:\maven\localRepository\com\alibaba\druid\1.1.4\druid-1.1.4.jar;C:\develop\java\jre\..\lib\jconsole.jar;C:\develop\java\jre\..\lib\tools.jar;E:\maven\localRepository\org\springframework\boot\spring-boot-autoconfigure\1.5.7.RELEASE\spring-boot-autoconfigure-1.5.7.RELEASE.jar;E:\maven\localRepository\com\github\pagehelper\pagehelper-spring-boot-starter\1.2.3\pagehelper-spring-boot-starter-1.2.3.jar;E:\maven\localRepository\org\mybatis\spring\boot\mybatis-spring-boot-starter\1.3.1\mybatis-spring-boot-starter-1.3.1.jar;E:\maven\localRepository\org\mybatis\spring\boot\mybatis-spring-boot-autoconfigure\1.3.1\mybatis-spring-boot-autoconfigure-1.3.1.jar;E:\maven\localRepository\org\mybatis\mybatis\3.4.5\mybatis-3.4.5.jar;E:\maven\localRepository\org\mybatis\mybatis-spring\1.3.1\mybatis-spring-1.3.1.jar;E:\maven\localRepository\com\github\pagehelper\pagehelper-spring-boot-autoconfigure\1.2.3\pagehelper-spring-boot-autoconfigure-1.2.3.jar;E:\maven\localRepository\com\github\pagehelper\pagehelper\5.1.2\pagehelper-5.1.2.jar;E:\maven\localRepository\com\github\jsqlparser\jsqlparser\1.0\jsqlparser-1.0.jar;E:\maven\localRepository\com\alibaba\dubbo\2.5.6\dubbo-2.5.6.jar;E:\maven\localRepository\org\javassist\javassist\3.21.0-GA\javassist-3.21.0-GA.jar;E:\maven\localRepository\org\jboss\netty\netty\3.2.5.Final\netty-3.2.5.Final.jar;E:\maven\localRepository\org\apache\zookeeper\zookeeper\3.4.10\zookeeper-3.4.10.jar;E:\maven\localRepository\jline\jline\0.9.94\jline-0.9.94.jar;E:\maven\localRepository\com\101tec\zkclient\0.10\zkclient-0.10.jar;E:\github\spring-boot-dubbo-mybatis\spring-boot-dubbo-mybatis-api\target\spring-boot-dubbo-mybatis-api.jar;E:\github\spring-boot-dubbo-mybatis\spring-boot-dubbo-mybatis-common\target\spring-boot-dubbo-mybatis-common.jar;, java.specification.name=Java Platform API Specification, java.class.version=52.0, sun.management.compiler=HotSpot 64-Bit Tiered Compilers, os.version=10.0, user.home=C:\Users\nice, user.timezone=GMT+08:00, java.awt.printerjob=sun.awt.windows.WPrinterJob, file.encoding=GBK, java.specification.version=1.8, java.class.path=E:\github\spring-boot-dubbo-mybatis\spring-boot-dubbo-mybatis-server\target\test-classes;E:\github\spring-boot-dubbo-mybatis\spring-boot-dubbo-mybatis-server\target\classes;E:\maven\localRepository\org\springframework\boot\spring-boot-starter-jdbc\1.5.7.RELEASE\spring-boot-starter-jdbc-1.5.7.RELEASE.jar;E:\maven\localRepository\org\springframework\boot\spring-boot-starter\1.5.7.RELEASE\spring-boot-starter-1.5.7.RELEASE.jar;E:\maven\localRepository\org\springframework\boot\spring-boot\1.5.7.RELEASE\spring-boot-1.5.7.RELEASE.jar;E:\maven\localRepository\org\springframework\boot\spring-boot-starter-logging\1.5.7.RELEASE\spring-boot-starter-logging-1.5.7.RELEASE.jar;E:\maven\localRepository\ch\qos\logback\logback-classic\1.1.11\logback-classic-1.1.11.jar;E:\maven\localRepository\ch\qos\logback\logback-core\1.1.11\logback-core-1.1.11.jar;E:\maven\localRepository\org\slf4j\jcl-over-slf4j\1.7.25\jcl-over-slf4j-1.7.25.jar;E:\maven\localRepository\org\slf4j\jul-to-slf4j\1.7.25\jul-to-slf4j-1.7.25.jar;E:\maven\localRepository\org\slf4j\log4j-over-slf4j\1.7.25\log4j-over-slf4j-1.7.25.jar;E:\maven\localRepository\org\yaml\snakeyaml\1.17\snakeyaml-1.17.jar;E:\maven\localRepository\org\apache\tomcat\tomcat-jdbc\8.5.20\tomcat-jdbc-8.5.20.jar;E:\maven\localRepository\org\apache\tomcat\tomcat-juli\8.5.20\tomcat-juli-8.5.20.jar;E:\maven\localRepos
[...]
ax\validation\validation-api\1.1.0.Final\validation-api-1.1.0.Final.jar;E:\maven\localRepository\org\jboss\logging\jboss-logging\3.3.1.Final\jboss-logging-3.3.1.Final.jar;E:\maven\localRepository\com\fasterxml\classmate\1.3.4\classmate-1.3.4.jar;E:\maven\localRepository\com\fasterxml\jackson\core\jackson-databind\2.8.10\jackson-databind-2.8.10.jar;E:\maven\localRepository\com\fasterxml\jackson\core\jackson-annotations\2.8.0\jackson-annotations-2.8.0.jar;E:\maven\localRepository\com\fasterxml\jackson\core\jackson-core\2.8.10\jackson-core-2.8.10.jar;E:\maven\localRepository\org\springframework\spring-web\4.3.11.RELEASE\spring-web-4.3.11.RELEASE.jar;E:\maven\localRepository\org\springframework\spring-aop\4.3.11.RELEASE\spring-aop-4.3.11.RELEASE.jar;E:\maven\localRepository\org\springframework\spring-context\4.3.11.RELEASE\spring-context-4.3.11.RELEASE.jar;E:\maven\localRepository\org\springframework\spring-webmvc\4.3.11.RELEASE\spring-webmvc-4.3.11.RELEASE.jar;E:\maven\localRepository\org\springframework\spring-expression\4.3.11.RELEASE\spring-expression-4.3.11.RELEASE.jar;E:\maven\localRepository\org\springframework\boot\spring-boot-starter-test\1.5.7.RELEASE\spring-boot-starter-test-1.5.7.RELEASE.jar;E:\maven\localRepository\org\springframework\boot\spring-boot-test\1.5.7.RELEASE\spring-boot-test-1.5.7.RELEASE.jar;E:\maven\localRepository\org\springframework\boot\spring-boot-test-autoconfigure\1.5.7.RELEASE\spring-boot-test-autoconfigure-1.5.7.RELEASE.jar;E:\maven\localRepository\com\jayway\jsonpath\json-path\2.2.0\json-path-2.2.0.jar;E:\maven\localRepository\net\minidev\json-smart\2.2.1\json-smart-2.2.1.jar;E:\maven\localRepository\net\minidev\accessors-smart\1.1\accessors-smart-1.1.jar;E:\maven\localRepository\org\ow2\asm\asm\5.0.3\asm-5.0.3.jar;E:\maven\localRepository\org\slf4j\slf4j-api\1.7.25\slf4j-api-1.7.25.jar;E:\maven\localRepository\junit\junit\4.12\junit-4.12.jar;E:\maven\localRepository\org\assertj\assertj-core\2.6.0\assertj-core-2.6.0.jar;E:\maven\localRepository\org\mockito\mockito-core\1.10.19\mockito-core-1.10.19.jar;E:\maven\localRepository\org\objenesis\objenesis\2.1\objenesis-2.1.jar;E:\maven\localRepository\org\hamcrest\hamcrest-core\1.3\hamcrest-core-1.3.jar;E:\maven\localRepository\org\hamcrest\hamcrest-library\1.3\hamcrest-library-1.3.jar;E:\maven\localRepository\org\skyscreamer\jsonassert\1.4.0\jsonassert-1.4.0.jar;E:\maven\localRepository\com\vaadin\external\google\android-json\0.0.20131108.vaadin1\android-json-0.0.20131108.vaadin1.jar;E:\maven\localRepository\org\springframework\spring-core\4.3.11.RELEASE\spring-core-4.3.11.RELEASE.jar;E:\maven\localRepository\org\springframework\spring-test\4.3.11.RELEASE\spring-test-4.3.11.RELEASE.jar;E:\maven\localRepository\mysql\mysql-connector-java\5.1.44\mysql-connector-java-5.1.44.jar;E:\maven\localRepository\com\alibaba\fastjson\1.2.39\fastjson-1.2.39.jar;E:\maven\localRepository\com\alibaba\druid-spring-boot-starter\1.1.4\druid-spring-boot-starter-1.1.4.jar;E:\maven\localRepository\com\alibaba\druid\1.1.4\druid-1.1.4.jar;C:\develop\java\jre\..\lib\jconsole.jar;C:\develop\java\jre\..\lib\tools.jar;E:\maven\localRepository\org\springframework\boot\spring-boot-autoconfigure\1.5.7.RELEASE\spring-boot-autoconfigure-1.5.7.RELEASE.jar;E:\maven\localRepository\com\github\pagehelper\pagehelper-spring-boot-starter\1.2.3\pagehelper-spring-boot-starter-1.2.3.jar;E:\maven\localRepository\org\mybatis\spring\boot\mybatis-spring-boot-starter\1.3.1\mybatis-spring-boot-starter-1.3.1.jar;E:\maven\localRepository\org\mybatis\spring\boot\mybatis-spring-boot-autoconfigure\1.3.1\mybatis-spring-boot-autoconfigure-1.3.1.jar;E:\maven\localRepository\org\mybatis\mybatis\3.4.5\mybatis-3.4.5.jar;E:\maven\localRepository\org\mybatis\mybatis-spring\1.3.1\mybatis-spring-1.3.1.jar;E:\maven\localRepository\com\github\pagehelper\pagehelper-spring-boot-autoconfigure\1.2.3\pagehelper-spring-boot-autoconfigure-1.2.3.jar;E:\maven\localRepository\com\github\pagehelper\pagehelper\5.1.2\pagehelper-5.1.2.jar;E:\maven\localRepository\com\github\jsqlparser\jsqlparser\1.0\jsqlparser-1.0.jar;E:\maven\localRepository\com\alibaba\dubbo\2.5.6\dubbo-2.5.6.jar;E:\maven\localRepository\org\javassist\javassist\3.21.0-GA\javassist-3.21.0-GA.jar;E:\maven\localRepository\org\jboss\netty\netty\3.2.5.Final\netty-3.2.5.Final.jar;E:\maven\localRepository\org\apache\zookeeper\zookeeper\3.4.10\zookeeper-3.4.10.jar;E:\maven\localRepository\jline\jline\0.9.94\jline-0.9.94.jar;E:\maven\localRepository\com\101tec\zkclient\0.10\zkclient-0.10.jar;E:\github\spring-boot-dubbo-mybatis\spring-boot-dubbo-mybatis-api\target\spring-boot-dubbo-mybatis-api.jar;E:\github\spring-boot-dubbo-mybatis\spring-boot-dubbo-mybatis-common\target\spring-boot-dubbo-mybatis-common.jar;, java.specification.name=Java Platform API Specification, java.class.version=52.0, sun.management.compiler=HotSpot 64-Bit Tiered Compilers, os.version=10.0, user.home=C:\Users\nice, user.timezone=GMT+08:00, java.awt.printerjob=sun.awt.windows.WPrinterJob, file.encoding=GBK, java.specification.version=1.8, java.class.path=E:\github\spring-boot-dubbo-mybatis\spring-boot-dubbo-mybatis-server\target\test-classes;E:\github\spring-boot-dubbo-mybatis\spring-boot-dubbo-mybatis-server\target\classes;E:\maven\localRepository\org\springframework\boot\spring-boot-starter-jdbc\1.5.7.RELEASE\spring-boot-starter-jdbc-1.5.7.RELEASE.jar;E:\maven\localRepository\org\springframework\boot\spring-boot-starter\1.5.7.RELEASE\spring-boot-starter-1.5.7.RELEASE.jar;E:\maven\localRepository\org\springframework\boot\spring-boot\1.5.7.RELEASE\spring-boot-1.5.7.RELEASE.jar;E:\maven\localRepository\org\springframework\boot\spring-boot-starter-logging\1.5.7.RELEASE\spring-boot-starter-logging-1.5.7.RELEASE.jar;E:\maven\localRepository\ch\qos\logback\logback-classic\1.1.11\logback-classic-1.1.11.jar;E:\maven\localRepository\ch\qos\logback\logback-core\1.1.11\logback-core-1.1.11.jar;E:\maven\localRepository\org\slf4j\jcl-over-slf4j\1.7.25\jcl-over-slf4j-1.7.25.jar;E:\maven\localRepository\org\slf4j\jul-to-slf4j\1.7.25\jul-to-slf4j-1.7.25.jar;E:\maven\localRepository\org\slf4j\log4j-over-slf4j\1.7.25\log4j-over-slf4j-1.7.25.jar;E:\maven\localRepository\org\yaml\snakeyaml\1.17\snakeyaml-1.17.jar;E:\maven\localRepository\org\apache\tomcat\tomcat-jdbc\8.5.20\tomcat-jdbc-8.5.20.jar;E:\maven\localRepository\org\apache\tomcat\tomcat-juli\8.5.20\tomcat-juli-8.5.20.jar;E:\maven\localRepository\org\springframework\spring-jdbc\4.3.11.RELEASE\spring-jdbc-4.3.11.RELEASE.jar;E:\maven\localRepository\org\springframework\spring-beans\4.3.11.RELEASE\spring-beans-4.3.11.RELEASE.jar;E:\maven\localRepository\org\springframework\spring-tx\4.3.11.RELEASE\spring-tx-4.3.11.RELEASE.jar;E:\maven\localRepository\org\springframework\boot\spring-boot-starter-web\1.5.7.RELEASE\spring-boot-starter-web-1.5.7.RELEASE.jar;E:\maven\localRepository\org\springframework\boot\spring-boot-starter-tomcat\1.5.7.RELEASE\spring-boot-starter-tomcat-1.5.7.RELEASE.jar;E:\maven\localRepository\org\apache\tomcat\embed\tomcat-embed-core\8.5.20\tomcat-embed-core-8.5.20.jar;E:\maven\localRepository\org\apache\tomcat\embed\tomcat-embed-el\8.5.20\tomcat-embed-el-8.5.20.jar;E:\maven\localRepository\org\apache\tomcat\embed\tomcat-embed-websocket\8.5.20\tomcat-embed-websocket-8.5.20.jar;E:\maven\localRepository\org\hibernate\hibernate-validator\5.3.5.Final\hibernate-validator-5.3.5.Final.jar;E:\maven\localRepository\javax\validation\validation-api\1.1.0.Final\validation-api-1.1.0.Final.jar;E:\maven\localRepository\org\jboss\logging\jboss-logging\3.3.1.Final\jboss-logging-3.3.1.Final.jar;E:\maven\localRepository\com\fasterxml\classmate\1.3.4\classmate-1.3.4.jar;E:\maven\localRepository\com\fasterxml\jackson\core\jackson-databind\2.8.10\jackson-databind-2.8.10.jar;E:\maven\localRepository\com\fasterxml\jackson\core\jackson-annotations\2.8.0\jackson-annotations-2.8.0.jar;E:\maven\localRepository\com\fasterxml\jackson\core\jackson-core\2.8.10\jackson-core-2.8.10.jar;E:\maven\localRepository\org\springframework\spring-web\4.3.11.RELEASE\spring-web-4.3.11.RELEASE.jar;E:\maven\localRepository\org\springframework\spring-aop\4.3.11.RELEASE\spring-aop-4.3.11.RELEASE.jar;E:\maven\localRepository\org\springframework\spring-context\4.3.11.RELEASE\spring-context-4.3.11.RELEASE.jar;E:\maven\localRepository\org\springframework\spring-webmvc\4.3.11.RELEASE\spring-webmvc-4.3.11.RELEASE.jar;E:\maven\localRepository\org\springframework\spring-expression\4.3.11.RELEASE\spring-expression-4.3.11.RELEASE.jar;E:\maven\localRepository\org\springframework\boot\spring-boot-starter-test\1.5.7.RELEASE\spring-boot-starter-test-1.5.7.RELEASE.jar;E:\maven\localRepository\org\springframework\boot\spring-boot-test\1.5.7.RELEASE\spring-boot-test-1.5.7.RELEASE.jar;E:\maven\localRepository\org\springframework\boot\spring-boot-test-autoconfigure\1.5.7.RELEASE\spring-boot-test-autoconfigure-1.5.7.RELEASE.jar;E:\maven\localRepository\com\jayway\jsonpath\json-path\2.2.0\json-path-2.2.0.jar;E:\maven\localRepository\net\minidev\json-smart\2.2.1\json-smart-2.2.1.jar;E:\maven\localRepository\net\minidev\accessors-smart\1.1\accessors-smart-1.1.jar;E:\maven\localRepository\org\ow2\asm\asm\5.0.3\asm-5.0.3.jar;E:\maven\localRepository\org\slf4j\slf4j-api\1.7.25\slf4j-api-1.7.25.jar;E:\maven\localRepository\junit\junit\4.12\junit-4.12.jar;E:\maven\localRepository\org\assertj\assertj-core\2.6.0\assertj-core-2.6.0.jar;E:\maven\localRepository\org\mockito\mockito-core\1.10.19\mockito-core-1.10.19.jar;E:\maven\localRepository\org\objenesis\objenesis\2.1\objenesis-2.1.jar;E:\maven\localRepository\org\hamcrest\hamcrest-core\1.3\hamcrest-core-1.3.jar;E:\maven\localRepository\org\hamcrest\hamcrest-library\1.3\hamcrest-library-1.3.jar;E:\maven\localRepository\org\skyscreamer\jsonassert\1.4.0\jsonassert-1.4.0.jar;E:\maven\localRepository\com\vaadin\external\google\android-json\0.0.20131108.vaadin1\android-json-0.0.20131108.vaadin1.jar;E:\maven\localRepository\org\springframework\spring-core\4.3.11.RELEASE\spring-core-4.3.11.RELEASE.jar;E:\maven\localRepository\org\springframework\spring-test\4.3.11.RELEASE\spring-test-4.3.11.RELEASE.jar;E:\maven\localRepository\mysql\mysql-connector-java\5.1.44\mysql-connector-java-5.1.44.jar;E:\maven\localRepository\com\alibaba\fastjson\1.2.39\fastjson-1.2.39.jar;E:\maven\localRepository\com\alibaba\druid-spring-boot-starter\1.1.4\druid-spring-boot-starter-1.1.4.jar;E:\maven\localRepository\com\alibaba\druid\1.1.4\druid-1.1.4.jar;C:\develop\java\jre\..\lib\jconsole.jar;C:\develop\java\jre\..\lib\tools.jar;E:\maven\localRepository\org\springframework\boot\spring-boot-autoconfigure\1.5.7.RELEASE\spring-boot-autoconfigure-1.5.7.RELEASE.jar;E:\maven\localRepository\com\github\pagehelper\pagehelper-spring-boot-starter\1.2.3\pagehelper-spring-boot-starter-1.2.3.jar;E:\maven\localRepository\org\mybatis\spring\boot\mybatis-spring-boot-starter\1.3.1\mybatis-spring-boot-starter-1.3.1.jar;E:\maven\localRepository\org\mybatis\spring\boot\mybatis-spring-boot-autoconfigure\1.3.1\mybatis-spring-boot-autoconfigure-1.3.1.jar;E:\maven\localRepository\org\mybatis\mybatis\3.4.5\mybatis-3.4.5.jar;E:\maven\localRepository\org\mybatis\mybatis-spring\1.3.1\mybatis-spring-1.3.1.jar;E:\maven\localRepository\com\github\pagehelper\pagehelper-spring-boot-autoconfigure\1.2.3\pagehelper-spring-boot-autoconfigure-1.2.3.jar;E:\maven\localRepository\com\github\pagehelper\pagehelper\5.1.2\pagehelper-5.1.2.jar;E:\maven\localRepository\com\github\jsqlparser\jsqlparser\1.0\jsqlparser-1.0.jar;E:\maven\localRepository\com\alibaba\dubbo\2.5.6\dubbo-2.5.6.jar;E:\maven\localRepository\org\javassist\javassist\3.21.0-GA\javassist-3.21.0-GA.jar;E:\maven\localRepository\org\jboss\netty\netty\3.2.5.Final\netty-3.2.5.Final.jar;E:\maven\localRepository\org\apache\zookeeper\zookeeper\3.4.10\zookeeper-3.4.10.jar;E:\maven\localRepository\jline\jline\0.9.94\jline-0.9.94.jar;E:\maven\localRepository\com\101tec\zkclient\0.10\zkclient-0.10.jar;E:\github\spring-boot-dubbo-mybatis\spring-boot-dubbo-mybatis-api\target\spring-boot-dubbo-mybatis-api.jar;E:\github\spring-boot-dubbo-mybatis\spring-boot-dubbo-mybatis-common\target\spring-boot-dubbo-mybatis-common.jar;, user.name=nice, java.vm.specification.version=1.8, sun.java.command=E:\github\spring-boot-dubbo-mybatis\spring-boot-dubbo-mybatis-server\target\surefire\surefirebooter8430301195719827663.jar E:\github\spring-boot-dubbo-mybatis\spring-boot-dubbo-mybatis-server\target\surefire\surefire3557334270987822383tmp E:\github\spring-boot-dubbo-mybatis\spring-boot-dubbo-mybatis-server\target\surefire\surefire_01514959879478789225tmp, java.home=C:\develop\java\jre, sun.arch.data.model=64, user.language=zh, java.specification.vendor=Oracle Corporation, awt.toolkit=sun.awt.windows.WToolkit, java.vm.info=mixed mode, java.version=1.8.0_121, java.ext.dirs=C:\develop\java\jre\lib\ext;C:\WINDOWS\Sun\Java\lib\ext, sun.boot.class.path=C:\develop\java\jre\lib\resources.jar;C:\develop\java\jre\lib\rt.jar;C:\develop\java\jre\lib\sunrsasign.jar;C:\develop\java\jre\lib\jsse.jar;C:\develop\java\jre\lib\jce.jar;C:\develop\java\jre\lib\charsets.jar;C:\develop\java\jre\lib\jfr.jar;C:\develop\java\jre\classes, java.vendor=Oracle Corporation, localRepository=E:\maven\localRepository, file.separator=\, java.vendor.url.bug=http://bugreport.sun.com/bugreport/, sun.io.unicode.encoding=UnicodeLittle, sun.cpu.endian=little, sun.desktop=windows, sun.cpu.isalist=amd64}}, SystemEnvironmentPropertySource@671467883 {name='systemEnvironment', properties={PATH=C:\common\oracle\product\11.2.0\dbhome_1\bin;C:\develop\elasticsearch\elasticsearch-5.5.1\bin;E:\common\apache-maven-3.3.9-bin\apache-maven-3.3.9\bin;C:\develop\java\\bin;C:\ProgramData\Oracle\Java\javapath;C:\Program Files (x86)\Intel\iCLS Client\;C:\Program Files\Intel\iCLS Client\;C:\windows\system32;C:\windows;C:\windows\System32\Wbem;C:\windows\System32\WindowsPowerShell\v1.0\;C:\Program Files (x86)\Intel\Intel(R) Management Engine Components\DAL;C:\Program Files\Intel\Intel(R) Management Engine Components\DAL;C:\Program Files (x86)\Intel\Intel(R) Management Engine Components\IPT;C:\Program Files\Intel\Intel(R) Management Engine Components\IPT;C:\Program Files (x86)\NVIDIA Corporation\PhysX\Common;C:\Program Files\Intel\WiFi\bin\;C:\Program Files\Common Files\Intel\WirelessCommon\;C:\WINDOWS\system32;C:\WINDOWS;C:\WINDOWS\System32\Wbem;C:\WINDOWS\System32\WindowsPowerShell\v1.0\;C:\Program Files\MySQL\MySQL Utilities 1.6\;C:\Git\cmd;C:\Git\mingw64\bin;C:\Git\usr\bin;C:\Users\nice\AppData\Local\Microsoft\WindowsApps;, USERDOMAIN_ROAMINGPROFILE=LAPTOP-HKMAU7E3, PROCESSOR_LEVEL=6, SYSTEMDRIVE=C:, BUILD=local, SESSIONNAME=Console, ALLUSERSPROFILE=C:\ProgramData, PLATFORMCODE=KV, PROCESSOR_ARCHITECTURE=AMD64, =E:=E:\github\spring-boot-dubbo-mybatis\spring-boot-dubbo-mybatis-server, MAVEN_HOME=E:\common\apache-maven-3.3.9-bin\apache-maven-3.3.9, PROGRAMFILES=C:\Program Files, MOZ_PLUGIN_PATH=C:\common\FoxitReader\plugins\, PSMODULEPATH=C:\Program Files\WindowsPowerShell\Modules;C:\WINDOWS\system32\WindowsPowerShell\v1.0\Modules, PROGRAMDATA=C:\ProgramData, USERNAME=nice, FPS_BROWSER_USER_PROFILE_STRING=Default, ONEDRIVE=C:\Users\nice\OneDrive, PATHEXT=.COM;.EXE;.BAT;.CMD;.VBS;.VBE;.JS;.JSE;.WSF;.WSH;.MSC, REGIONCODE=APJ, WINDIR=C:\WINDOWS, HOMEPATH=\Users\nice, PROCESSOR_IDENTIFIER=Intel64 Family 6 Model 94 Stepping 3, GenuineIntel, PUBLIC=C:\Users\Public, =::=::\, LOCALAPPDATA=C:\Users\nice\AppData\Local, COMMONPROGRAMFILES(X86)=C:\Program Files (x86)\Common Files, USERDOMAIN=LAPTOP-HKMAU7E3, FPS_BROWSER_APP_PROFILE_STRING=Internet Explorer, LOGONSERVER=\\LAPTOP-HKMAU7E3, SPRING_PROFILES_ACTIVE=local, JAVA_HOME=C:\develop\java\, PROMPT=$P$G, PROGRAMFILES(X86)=C:\Program Files (x86), ONLINESERVICES=Online Services, APPDATA=C:\Users\nice\AppData\Roaming, PROGRAMW6432=C:\Program Files, SYSTEMROOT=C:\WINDOWS, ES_HOME=C:\develop\elasticsearch\elasticsearch-5.5.1, OS=Windows_NT, COMMONPROGRAMW6432=C:\Program Files\Common Files, COMPUTERNAME=LAPTOP-HKMAU7E3, COMMONPROGRAMFILES=C:\Program Files\Common Files, COMSPEC=C:\WINDOWS\system32\cmd.exe, PROCESSOR_REVISION=5e03, TEMP=C:\Users\nice\AppData\Local\Temp, HOMEDRIVE=C:, USERPROFILE=C:\Users\nice, TMP=C:\Users\nice\AppData\Local\Temp, NUMBER_OF_PROCESSORS=4}}]
09:46:25.193 [main] INFO org.springframework.boot.test.context.SpringBootTestContextBootstrapper - Found @SpringBootConfiguration com.uvanix.server.Application for test class com.uvanix.server.ApplicationTests
09:46:25.194 [main] DEBUG org.springframework.boot.test.context.SpringBootTestContextBootstrapper - @TestExecutionListeners is not present for class [com.uvanix.server.ApplicationTests]: using defaults.
09:46:25.198 [main] INFO org.springframework.boot.test.context.SpringBootTestContextBootstrapper - Loaded default TestExecutionListener class names from location [META-INF/spring.factories]: [org.springframework.boot.test.mock.mockito.MockitoTestExecutionListener, org.springframework.boot.test.mock.mockito.ResetMocksTestExecutionListener, org.springframework.boot.test.autoconfigure.restdocs.RestDocsTestExecutionListener, org.springframework.boot.test.autoconfigure.web.client.MockRestServiceServerResetTestExecutionListener, org.springframework.boot.test.autoconfigure.web.servlet.MockMvcPrintOnlyOnFailureTestExecutionListener, org.springframework.boot.test.autoconfigure.web.servlet.WebDriverTestExecutionListener, org.springframework.test.context.web.ServletTestExecutionListener, org.springframework.test.context.support.DirtiesContextBeforeModesTestExecutionListener, org.springframework.test.context.support.DependencyInjectionTestExecutionListener, org.springframework.test.context.support.DirtiesContextTestExecutionListener, org.springframework.test.context.transaction.TransactionalTestExecutionListener, org.springframework.test.context.jdbc.SqlScriptsTestExecutionListener]
09:46:25.203 [main] INFO org.springframework.boot.test.context.SpringBootTestContextBootstrapper - Using TestExecutionListeners: [org.springframework.test.context.web.ServletTestExecutionListener@6b26e945, org.springframework.test.context.support.DirtiesContextBeforeModesTestExecutionListener@63a65a25, org.springframework.boot.test.autoconfigure.SpringBootDependencyInjectionTestExecutionListener@54c562f7, org.springframework.test.context.support.DirtiesContextTestExecutionListener@318ba8c8, org.springframework.test.context.transaction.TransactionalTestExecutionListener@6dbb137d, org.springframework.test.context.jdbc.SqlScriptsTestExecutionListener@3c9d0b9d, org.springframework.boot.test.mock.mockito.MockitoTestExecutionListener@43301423, org.springframework.boot.test.autoconfigure.restdocs.RestDocsTestExecutionListener@2f112965, org.springframework.boot.test.autoconfigure.web.servlet.WebDriverTestExecutionListener@1a04f701, org.springframework.boot.test.autoconfigure.web.servlet.MockMvcPrintOnlyOnFailureTestExecutionListener@4e91d63f, org.springframework.boot.test.autoconfigure.web.client.MockRestServiceServerResetTestExecutionListener@d4342c2, org.springframework.boot.test.mock.mockito.ResetMocksTestExecutionListener@2bbf180e]
09:46:25.203 [main] DEBUG org.springframework.test.annotation.ProfileValueUtils - Retrieved @ProfileValueSourceConfiguration [null] for test class [com.uvanix.server.ApplicationTests]
09:46:25.203 [main] DEBUG org.springframework.test.annotation.ProfileValueUtils - Retrieved ProfileValueSource type [class org.springframework.test.annotation.SystemProfileValueSource] for class [com.uvanix.server.ApplicationTests]
09:46:25.210 [main] DEBUG org.springframework.test.annotation.ProfileValueUtils - Retrieved @ProfileValueSourceConfiguration [null] for test class [com.uvanix.server.ApplicationTests]
09:46:25.210 [main] DEBUG org.springframework.test.annotation.ProfileValueUtils - Retrieved ProfileValueSource type [class org.springframework.test.annotation.SystemProfileValueSource] for class [com.uvanix.server.ApplicationTests]
]]></system-out>
  </testcase>
</testsuite>