<?xml version="1.0" encoding="UTF-8"?>
<testsuite name="com.uvanix.consumer.ApplicationTests" time="0" tests="1" errors="0" skipped="1" failures="0">
  <properties>
[...]
</properties>
  <testcase name="contextLoads" classname="com.uvanix.consumer.ApplicationTests" time="0">
    <skipped/>
    <system-out><![CDATA[10:02:02.968 [main] DEBUG org.springframework.test.context.junit4.SpringJUnit4ClassRunner - SpringJUnit4ClassRunner constructor called with [class com.uvanix.consumer.ApplicationTests]
10:02:02.991 [main] DEBUG org.springframework.test.context.BootstrapUtils - Instantiating CacheAwareContextLoaderDelegate from class [org.springframework.test.context.cache.DefaultCacheAwareContextLoaderDelegate]
10:02:03.005 [main] DEBUG org.springframework.test.context.BootstrapUtils - Instantiating BootstrapContext using constructor [public org.springframework.test.context.support.DefaultBootstrapContext(java.lang.Class,org.springframework.test.context.CacheAwareContextLoaderDelegate)]
10:02:03.020 [main] DEBUG org.springframework.test.context.BootstrapUtils - Instantiating TestContextBootstrapper for test class [com.uvanix.consumer.ApplicationTests] from class [org.springframework.boot.test.context.SpringBootTestContextBootstrapper]
10:02:03.033 [main] INFO org.springframework.boot.test.context.SpringBootTestContextBootstrapper - Neither @ContextConfiguration nor @ContextHierarchy found for test class [com.uvanix.consumer.ApplicationTests], using SpringBootContextLoader
10:02:03.036 [main] DEBUG org.springframework.test.context.support.AbstractContextLoader - Did not detect default resource location for test class [com.uvanix.consumer.ApplicationTests]: class path resource [com/uvanix/consumer/ApplicationTests-context.xml] does not exist
10:02:03.036 [main] DEBUG org.springframework.test.context.support.AbstractContextLoader - Did not detect default resource location for test class [com.uvanix.consumer.ApplicationTests]: class path resource [com/uvanix/consumer/ApplicationTestsContext.groovy] does not exist
10:02:03.036 [main] INFO org.springframework.test.context.support.AbstractContextLoader - Could not detect default resource locations for test class [com.uvanix.consumer.ApplicationTests]: no resource found for suffixes {-context.xml, Context.groovy}.
10:02:03.037 [main] INFO org.springframework.test.context.support.AnnotationConfigContextLoaderUtils - Could not detect default configuration classes for test class [com.uvanix.consumer.ApplicationTests]: ApplicationTests does not declare any static, non-private, non-final, nested classes annotated with @Configuration.
10:02:03.070 [main] DEBUG org.springframework.test.context.support.ActiveProfilesUtils - Could not find an 'annotation declaring class' for annotation type [org.springframework.test.context.ActiveProfiles] and class [com.uvanix.consumer.ApplicationTests]
10:02:03.077 [main] DEBUG org.springframework.core.env.StandardEnvironment - Adding PropertySource 'systemProperties' with lowest search precedence
10:02:03.078 [main] DEBUG org.springframework.core.env.StandardEnvironment - Adding PropertySource 'systemEnvironment' with lowest search precedence
10:02:03.078 [main] DEBUG org.springframework.core.env.StandardEnvironment - Initialized StandardEnvironment with PropertySources [MapPropertySource@473581465 {name='systemProperties', properties={idea.version=2017.1.4, java.runtime.name=Java(TM) SE Runtime Environment, sun.boot.library.path=C:\develop\java\jre\bin, java.vm.version=25.121-b13, java.vm.vendor=Oracle Corporation, java.vendor.url=http://java.oracle.com/, path.separator=;, java.vm.name=Java HotSpot(TM) 64-Bit Server VM, file.encoding.pkg=sun.io, user.country=CN, user.script=, sun.java.launcher=SUN_STANDARD, sun.os.patch.level=, java.vm.specification.name=Java Virtual Machine Specification, user.dir=E:\github\spring-boot-dubbo-mybatis\spring-boot-dubbo-mybatis-consumer, java.runtime.version=1.8.0_121-b13, basedir=E:\github\spring-boot-dubbo-mybatis\spring-boot-dubbo-mybatis-consumer, java.awt.graphicsenv=sun.awt.Win32GraphicsEnvironment, java.endorsed.dirs=C:\develop\java\jre\lib\endorsed, os.arch=amd64, surefire.real.class.path=E:\github\spring-boot-dubbo-mybatis\spring-boot-dubbo-mybatis-consumer\target\surefire\surefirebooter4328357533084629598.jar, java.io.tmpdir=C:\Users\nice\AppData\Local\Temp\, line.separator=
, java.vm.specification.vendor=Oracle Corporation, user.variant=, os.name=Windows 10, sun.jnu.encoding=GBK, java.library.path=C:\develop\java\jre\bin;C:\WINDOWS\Sun\Java\bin;C:\WINDOWS\system32;C:\WINDOWS;C:\common\oracle\product\11.2.0\dbhome_1\bin;C:\develop\elasticsearch\elasticsearch-5.5.1\bin;E:\common\apache-maven-3.3.9-bin\apache-maven-3.3.9\bin;C:\develop\java\\bin;C:\ProgramData\Oracle\Java\javapath;C:\Program Files (x86)\Intel\iCLS Client\;C:\Program Files\Intel\iCLS Client\;C:\windows\system32;C:\windows;C:\windows\System32\Wbem;C:\windows\System32\WindowsPowerShell\v1.0\;C:\Program Files (x86)\Intel\Intel(R) Management Engine Components\DAL;C:\Program Files\Intel\Intel(R) Management Engine Components\DAL;C:\Program Files (x86)\Intel\Intel(R) Management Engine Components\IPT;C:\Program Files\Intel\Intel(R) Management Engine Components\IPT;C:\Program Files (x86)\NVIDIA Corporation\PhysX\Common;C:\Program Files\Intel\WiFi\bin\;C:\Program Files\Common Files\Intel\WirelessCommon\;C:\WINDOWS\system32;C:\WINDOWS;C:\WINDOWS\System32\Wbem;C:\WINDOWS\System32\WindowsPowerShell\v1.0\;C:\Program Files\MySQL\MySQL Utilities 1.6\;C:\Git\cmd;C:\Git\mingw64\bin;C:\Git\usr\bin;C:\Users\nice\AppData\Local\Microsoft\WindowsApps;;., surefire.test.class.path=E:\github\spring-boot-dubbo-mybatis\spring-boot-dubbo-mybatis-consumer\target\test-classes;E:\github\spring-boot-dubbo-mybatis\spring-boot-dubbo-mybatis-consumer\target\classes;E:\maven\localRepository\org\springframework\boot\spring-boot-starter-web\1.5.7.RELEASE\spring-boot-starter-web-1.5.7.RELEASE.jar;E:\maven\localRepository\org\springframework\boot\spring-boot-starter\1.5.7.RELEASE\spring-boot-starter-1.5.7.RELEASE.jar;E:\maven\localRepository\org\springframework\boot\spring-boot\1.5.7.RELEASE\spring-boot-1.5.7.RELEASE.jar;E:\maven\localRepository\org\springframework\boot\spring-boot-autoconfigure\1.5.7.RELEASE\spring-boot-autoconfigure-1.5.7.RELEASE.jar;E:\maven\localRepository\org\springframework\boot\spring-boot-starter-logging\1.5.7.RELEASE\spring-boot-starter-logging-1.5.7.RELEASE.jar;E:\maven\localRepository\ch\qos\logback\logback-classic\1.1.11\logback-classic-1.1.11.jar;E:\maven\localRepository\ch\qos\logback\logback-core\1.1.11\logback-core-1.1.11.jar;E:\maven\localRepository\org\slf4j\jcl-over-slf4j\1.7.25\jcl-over-slf4j-1.7.25.jar;E:\maven\localRepository\org\slf4j\jul-to-slf4j\1.7.25\jul-to-slf4j-1.7.25.jar;E:\maven\localRepository\org\slf4j\log4j-over-slf4j\1.7.25\log4j-over-slf4j-1.7.25.jar;E:\maven\localRepository\org\yaml\snakeyaml\1.17\snakeyaml-1.17.jar;E:\maven\localRepository\org\springframework\boot\spring-boot-starter-tomcat\1.5.7.RELEASE\spring-boot-starter-tomcat-1.5.7.RELEASE.jar;E:\maven\localRepository\org\apache\tomcat\embed\tomcat-embed-core\8.5.20\tomcat-embed-core-8.5.20.jar;E:\maven\localRepository\org\apache\tomcat\embed\tomcat-embed-el\8.5.20\tomcat-embed-el-8.5.20.jar;E:\maven\localRepository\org\apache\tomcat\embed\tomcat-embed-websocket\8.5.20\tomcat-embed-websocket-8.5.20.jar;E:\maven\localRepository\org\hibernate\hibernate-validator\5.3.5.Final\hibernate-validator-5.3.5.Final.jar;E:\maven\localRepository\javax\validation\validation-api\1.1.0.Final\validation-api-1.1.0.Final.jar;E:\maven\localRepository\org\jboss\logging\jboss-logging\3.3.1.Final\jboss-logging-3.3.1.Final.jar;E:\maven\localRepository\com\fasterxml\classmate\1.3.4\classmate-1.3.4.jar;E:\maven\localRepository\com\fasterxml\jackson\core\jackson-databind\2.8.10\jackson-databind-2.8.10.jar;E:\maven\localRepository\com\fasterxml\jackson\core\jackson-annotations\2.8.0\jackson-annotations-2.8.0.jar;E:\maven\localRepository\com\fasterxml\jackson\core\jackson-core\2.8.10\jackson-core-2.8.10.jar;E:\maven\localRepository\org\springframework\spring-web\4.3.11.RELEASE\spring-web-4.3.11.RELEASE.jar;E:\maven\localRepository\org\springframework\spring-aop\4.3.11.RELEASE\spring-aop-4.3.11.RELEASE.jar;E:\maven\localRepository\org\springframework\spring-beans\4.3.11.RELEASE\spring-beans-4.3.11.RELEASE.jar;E:\maven\localRepository\org\springframework\spring-context\4.3.11.RELEASE\spring-context-4.3.11.RELEASE.jar;E:\maven\localRepository\org\springframework\spring-webmvc\4.3.11.RELEASE\spring-webmvc-4.3.11.RELEASE.jar;E:\maven\localRepository\org\springframework\spring-expression\4.3.11.RELEASE\spring-expression-4.3.11.RELEASE.jar;E:\maven\localRepository\org\springframework\boot\spring-boot-starter-test\1.5.7.RELEASE\spring-boot-starter-test-1.5.7.RELEASE.jar;E:\maven\localRepository\org\springframework\boot\spring-boot-test\1.5.7.RELEASE\spring-boot-test-1.5.7.RELEASE.jar;E:\maven\localRepository\org\springframework\boot\spring-boot-test-autoconfigure\1.5.7.RELEASE\spring-boot-test-autoconfigure-1.5.7.RELEASE.jar;E:\maven\localRepository\com\jayway\jsonpath\json-path\2.2.0\json-path-2.2.0.jar;E:\maven\localRepository\net\minidev\json-smart\2.2.1\json-smart-2.2.1.jar;E:\maven\localRepository\net\minidev\accessors-smart\1.1\accessors-smart-1.1.jar;E:\maven\localRepository\org\ow2\asm\asm\5.0.3\asm-5.0.3.jar;E:\maven\localRepository\org\slf4j\slf4j-api\1.7.25\slf4j-api-1.7.25.jar;E:\maven\localRepository\junit\junit\4.12\junit-4.12.jar;E:\maven\localRepository\org\assertj\assertj-core\2.6.0\assertj-core-2.6.0.jar;E:\maven\localRepository\org\mockito\mockito-core\1.10.19\mockito-core-1.10.19.jar;E:\maven\localRepository\org\objenesis\objenesis\2.1\objenesis-2.1.jar;E:\maven\localRepository\org\hamcrest\hamcrest-core\1.3\hamcrest-core-1.3.jar;E:\maven\localRepository\org\hamcrest\hamcrest-library\1.3\hamcrest-library-1.3.jar;E:\maven\localRepository\org\skyscreamer\jsonassert\1.4.0\jsonassert-1.4.0.jar;E:\maven\localRepository\com\vaadin\external\google\android-json\0.0.20131108.vaadin1\android-json-0.0.20131108.vaadin1.jar;E:\maven\localRepository\org\springframework\spring-core\4.3.11.RELEASE\spring-core-4.3.11.RELEASE.jar;E:\maven\localRepository\org\springframework\spring-test\4.3.11.RELEASE\spring-test-4.3.11.RELEASE.jar;E:\maven\localRepository\com\alibaba\fastjson\1.2.39\fastjson-1.2.39.jar;E:\maven\localRepository\com\alibaba\dubbo\2.5.6\dubbo-2.5.6.jar;E:\maven\localRepository\org\javassist\javassist\3.21.0-GA\javassist-3.21.0-GA.jar;E:\maven\localRepository\org\jboss\netty\netty\3.2.5.Final\netty-3.2.5.Final.jar;E:\maven\localRepository\org\apache\zookeeper\zookeeper\3.4.10\zookeeper-3.4.10.jar;E:\maven\localRepository\jline\jline\0.9.94\jline-0.9.94.jar;E:\maven\localRepository\com\101tec\zkclient\0.10\zkclient-0.10.jar;E:\maven\localRepository\com\uvanix\spring-boot-dubbo-mybatis-api\1.0.0\spring-boot-dubbo-mybatis-api-1.0.0.jar;E:\maven\localRepository\com\uvanix\spring-boot-dubbo-mybatis-common\1.0.0\spring-boot-dubbo-mybatis-common-1.0.0.jar;, java.specification.name=Java Platform API Specification, java.class.version=52.0, sun.management.compiler=HotSpot 64-Bit Tiered Compilers, os.version=10.0, user.home=C:\Users\nice, user.timezone=GMT+08:00, java.awt.printerjob=sun.awt.windows.WPrinterJob, file.encoding=GBK, java.specification.version=1.8, java.class.path=E:\github\spring-boot-dubbo-mybatis\spring-boot-dubbo-mybatis-consumer\target\test-classes;E:\github\spring-boot-dubbo-mybatis\spring-boot-dubbo-mybatis-consumer\target\classes;E:\maven\localRepository\org\springframework\boot\spring-boot-starter-web\1.5.7.RELEASE\spring-boot-starter-web-1.5.7.RELEASE.jar;E:\maven\localRepository\org\springframework\boot\spring-boot-starter\1.5.7.RELEASE\spring-boot-starter-1.5.7.RELEASE.jar;E:\maven\localRepository\org\springframework\boot\spring-boot\1.5.7.RELEASE\spring-boot-1.5.7.RELEASE.jar;E:\maven\localRepository\org\springframework\boot\spring-boot-autoconfigure\1.5.7.RELEASE\spring-boot-autoconfigure-1.5.7.RELEASE.jar;E:\maven\localRepository\org\springframework\boot\spring-boot-starter-logging\1.5.7.RELEASE\spring-boot-starter-logging-1.5.7.RELEASE.jar;E:\maven\localRepository\ch\qos\logback\logback-classic\1.1.11\logback-classic-1.1.11.jar;E:\maven\localRepository\ch\qos\logback\logback-core\1.1.11\logback-core-1.1.11.jar;E:\maven\localRepository\org\slf4j\jcl-over-slf4j\1.7.25\jcl-over-slf4j-1.7.25.jar;E:\maven\localRepository\org\slf4j\jul-to-slf4j\1.7.25\jul-to-slf4j-1.7.25.jar;E:\maven\localRepository\org\slf4j\log4j-over-slf4j\1.7.25\log4j-over-slf4j-1.7.25.jar;E:\maven\localRepository\org\yaml\snakeyaml\1.17\snakeyaml-1.17.jar;E:\maven\localRepository\org\springframework\boot\spring-boot-starter-tomcat\1.5.7.RELEASE\spring-boot-starter-tomcat-1.5.7.RELEASE.jar;E:\maven\localRepository\org\apache\tomcat\embed\tomcat-embed-core\8.5.20\tomcat-embed-core-8.5.20.jar;E:\maven\localRepository\org\apache\tomcat\embed\tomcat-embed-el\8.5.20\tomcat-embed-el-8.5.20.jar;E:\maven\localRepository\org\apache\tomcat\embed\tomcat-embed-websocket\8.5.20\tomcat-embed-websocket-8.5.20.jar;E:\maven\localRepository\org\hibernate\hibernate-validator\5.3.5.Final\hibernate-validator-5.3.5.Final.jar;E:\maven\localRepository\javax\validation\validation-api\1.1.0.Final\validation-api-1.1.0.Final.jar;E:\maven\localRepository\org\jboss\logging\jboss-logging\3.3.1.Final\jboss-logging-3.3.1.Final.jar;E:\maven\localRepository\com\fasterxml\classmate\1.3.4\classmate-1.3.4.jar;E:\maven\localRepository\com\fasterxml\jackson\core\jackson-databind\2.8.10\jackson-databind-2.8.10.jar;E:\maven\localRepository\com\fasterxml\jackson\core\jackson-annotations\2.8.0\jackson-annotations-2.8.0.jar;E:\maven\localRepository\com\fasterxml\jackson\core\jackson-core\2.8.10\jackson-core-2.8.10.jar;E:\maven\localRepository\org\springframework\spring-web\4.3.11.RELEASE\spring-web-4.3.11.RELEASE.jar;E:\maven\localRepository\org\springframework\spring-aop\4.3.11.RELEASE\spring-aop-4.3.11.RELEASE.jar;E:\maven\localRepository\org\springframework\spring-beans\4.3.11.RELEASE\spring-beans-4.3.11.RELEASE.jar;E:\maven\localRepository\org\springframework\spring-context\4.3.11.RELEASE\spring-context-4.3.11.RELEASE.jar;E:\maven\localRepository\org\springframework\spring-webmvc\4.3.11.RELEASE\spring-webmvc-4.3.11.RELEASE.jar;E:\maven\localRepository\org\springframework\spring-expression\4.3.11.RELEASE\spring-expression-4.3.11.RELEASE.jar;E:\maven\localRepository\org\springframework\boot\spring-boot-starter-test\1.5.7.RELEASE\spring-boot-starter-test-1.5.7.RELEASE.jar;E:\maven\localRepository\org\springframework\boot\spring-boot-test\1.5.7.RELEASE\spring-boot-test-1.5.7.RELEASE.jar;E:\maven\localRepository\org\springframework\boot\spring-boot-test-autoconfigure\1.5.7.RELEASE\spring-boot-test-autoconfigure-1.5.7.RELEASE.jar;E:\maven\localRepository\com\jayway\jsonpath\json-path\2.2.0\json-path-2.2.0.jar;E:\maven\localRepository\net\minidev\json-smart\2.2.1\json-smart-2.2.1.jar;E:\maven\localRepository\net\minidev\accessors-smart\1.1\accessors-smart-1.1.jar;E:\maven\localRepository\org\ow2\asm\asm\5.0.3\asm-5.0.3.jar;E:\maven\localRepository\org\slf4j\slf4j-api\1.7.25\slf4j-api-1.7.25.jar;E:\maven\localRepository\junit\junit\4.12\junit-4.12.jar;E:\maven\localRepository\org\assertj\assertj-core\2.6.0\assertj-core-2.6.0.jar;E:\maven\localRepository\org\mockito\mockito-core\1.10.19\mockito-core-1.10.19.jar;E:\maven\localRepository\org\objenesis\objenesis\2.1\objenesis-2.1.jar;E:\maven\localRepository\org\hamcrest\hamcrest-core\1.3\hamcrest-core-1.3.jar;E:\maven\localRepository\org\hamcrest\hamcrest-library\1.3\hamcrest-library-1.3.jar;E:\maven\localRepository\org\skyscreamer\jsonassert\1.4.0\jsonassert-1.4.0.jar;E:\maven\localRepository\com\vaadin\external\google\android-json\0.0.20131108.vaadin1\android-json-0.0.20131108.vaadin1.jar;E:\maven\localRepository\org\springframework\spring-core\4.3.11.RELEASE\spring-core-4.3.11.RELEASE.jar;E:\maven\localRepository\org\springframework\spring-test\4.3.11.RELEASE\spring-test-4.3.11.RELEASE.jar;E:\maven\localRepository\com\alibaba\fastjson\1.2.39\fastjson-1.2.39.jar;E:\maven\localRepository\com\alibaba\dubbo\2.5.6\dubbo-2.5.6.jar;E:\maven\localRepository\org\javassist\javassist\3.21.0-GA\javassist-3.21.0-GA.jar;E:\maven\localRepository\org\jboss\netty\netty\3.2.5.Final\netty-3.2.5.Final.jar;E:\maven\localRepository\org\apache\zookeeper\zookeeper\3.4.10\zookeeper-3.4.10.jar;E:\maven\localRepository\jline\jline\0.9.94\jline-0.9.94.jar;E:\maven\localRepository\com\101tec\zkclient\0.10\zkclient-0.10.jar;E:\maven\localRepository\com\uvanix\spring-boot-dubbo-mybatis-api\1.0.0\spring-boot-dubbo-mybatis-api-1.0.0.jar;E:\maven\localRepository\com\uvanix\spring-boot-dubbo-mybatis-common\1.0.0\spring-boot-dubbo-mybatis-common-1.0.0.jar;, user.name=nice, java.vm.specification.version=1.8, sun.java.command=E:\github\spring-boot-dubbo-mybatis\spring-boot-dubbo-mybatis-consumer\target\surefire\surefirebooter4328357533084629598.jar E:\github\spring-boot-dubbo-mybatis\spring-boot-dubbo-mybatis-consumer\target\surefire\surefire6045059928927876805tmp E:\github\spring-boot-dubbo-mybatis\spring-boot-dubbo-mybatis-consumer\target\surefire\surefire_0753215722053795312tmp, java.home=C:\develop\java\jre, sun.arch.data.model=64, user.language=zh, java.specification.vendor=Oracle Corporation, awt.toolkit=sun.awt.windows.WToolkit, java.vm.info=mixed mode, java.version=1.8.0_121, java.ext.dirs=C:\develop\java\jre\lib\ext;C:\WINDOWS\Sun\Java\lib\ext, sun.boot.class.path=C:\develop\java\jre\lib\resources.jar;C:\develop\java\jre\lib\rt.jar;C:\develop\java\jre\lib\sunrsasign.jar;C:\develop\java\jre\lib\jsse.jar;C:\develop\java\jre\lib\jce.jar;C:\develop\java\jre\lib\charsets.jar;C:\develop\java\jre\lib\jfr.jar;C:\develop\java\jre\classes, java.vendor=Oracle Corporation, localRepository=E:\maven\localRepository, file.separator=\, java.vendor.url.bug=http://bugreport.sun.com/bugreport/, sun.io.unicode.encoding=UnicodeLittle, sun.cpu.endian=little, sun.desktop=windows, sun.cpu.isalist=amd64}}, SystemEnvironmentPropertySource@319977154 {name='systemEnvironment', properties={PATH=C:\common\oracle\product\11.2.0\dbhome_1\bin;C:\develop\elasticsearch\elasticsearch-5.5.1\bin;E:\common\apache-maven-3.3.9-bin\apache-maven-3.3.9\bin;C:\develop\java\\bin;C:\ProgramData\Oracle\Java\javapath;C:\Program Files (x86)\Intel\iCLS Client\;C:\Program Files\Intel\iCLS Client\;C:\windows\system32;C:\windows;C:\windows\System32\Wbem;C:\windows\System32\WindowsPowerShell\v1.0\;C:\Program Files (x86)\Intel\Intel(R) Management Engine Components\DAL;C:\Program Files\Intel\Intel(R) Management Engine Components\DAL;C:\Program Files (x86)\Intel\Intel(R) Management Engine Components\IPT;C:\Program Files\Intel\Intel(R) Management Engine Components\IPT;C:\Program Files (x86)\NVIDIA Corporation\PhysX\Common;C:\Program Files\Intel\WiFi\bin\;C:\Program Files\Common Files\Intel\WirelessCommon\;C:\WINDOWS\system32;C:\WINDOWS;C:\WINDOWS\System32\Wbem;C:\WINDOWS\System32\WindowsPowerShell\v1.0\;C:\Program Files\MySQL\MySQL Utilities 1.6\;C:\Git\cmd;C:\Git\mingw64\bin;C:\Git\usr\bin;C:\Users\nice\AppData\Local\Microsoft\WindowsApps;, USERDOMAIN_ROAMINGPROFILE=LAPTOP-HKMAU7E3, PROCESSOR_LEVEL=6, SYSTEMDRIVE=C:, BUILD=local, SESSIONNAME=Console, ALLUSERSPROFILE=C:\ProgramData, PLATFORMCODE=KV, PROCESSOR_ARCHITECTURE=AMD64, =E:=E:\github\spring-boot-dubbo-mybatis\spring-boot-dubbo-mybatis-consumer, MAVEN_HOME=E:\common\apache-maven-3.3.9-bin\apache-maven-3.3.9, PROGRAMFILES=C:\Program Files, MOZ_PLUGIN_PATH=C:\common\FoxitReader\plugins\, PSMODULEPATH=C:\Program Files\WindowsPowerShell\Modules;C:\WINDOWS\system32\WindowsPowerShell\v1.0\Modules, PROGRAMDATA=C:\ProgramData, USERNAME=nice, FPS_BROWSER_USER_PROFILE_STRING=Default, ONEDRIVE=C:\Users\nice\OneDrive, PATHEXT=.COM;.EXE;.BAT;.CMD;.VBS;.VBE;.JS;.JSE;.WSF;.WSH;.MSC, REGIONCODE=APJ, WINDIR=C:\WINDOWS, HOMEPATH=\Users\nice, PROCESSOR_IDENTIFIER=Intel64 Family 6 Model 94 Stepping 3, GenuineIntel, PUBLIC=C:\Users\Public, =::=::\, LOCALAPPDATA=C:\Users\nice\AppData\Local, COMMONPROGRAMFILES(X86)=C:\Program Files (x86)\Common Files, USERDOMAIN=LAPTOP-HKMAU7E3, FPS_BROWSER_APP_PROFILE_STRING=Internet Explorer, LOGONSERVER=\\LAPTOP-HKMAU7E3, SPRING_PROFILES_ACTIVE=local, JAVA_HOME=C:\develop\java\, PROMPT=$P$G, PROGRAMFILES(X86)=C:\Program Files (x86), ONLINESERVICES=Online Services, APPDATA=C:\Users\nice\AppData\Roaming, PROGRAMW6432=C:\Program Files, SYSTEMROOT=C:\WINDOWS, ES_HOME=C:\develop\elasticsearch\elasticsearch-5.5.1, OS=Windows_NT, COMMONPROGRAMW6432=C:\Program Files\Common Files, COMPUTERNAME=LAPTOP-HKMAU7E3, COMMONPROGRAMFILES=C:\Program Files\Common Files, COMSPEC=C:\WINDOWS\system32\cmd.exe, PROCESSOR_REVISION=5e03, TEMP=C:\Users\nice\AppData\Local\Temp, HOMEDRIVE=C:, USERPROFILE=C:\Users\nice, TMP=C:\Users\nice\AppData\Local\Temp, NUMBER_OF_PROCESSORS=4}}]
10:02:03.090 [main] DEBUG org.springframework.core.io.support.PathMatchingResourcePatternResolver - Resolved classpath location [com/uvanix/consumer/] to resources [URL [file:/E:/github/spring-boot-dubbo-mybatis/spring-boot-dubbo-mybatis-consumer/target/test-classes/com/uvanix/consumer/], URL [file:/E:/github/spring-boot-dubbo-mybatis/spring-boot-dubbo-mybatis-consumer/target/classes/com/uvanix/consumer/]]
10:02:03.091 [main] DEBUG org.springframework.core.io.support.PathMatchingResourcePatternResolver - Looking for matching resources in directory tree [E:\github\spring-boot-dubbo-mybatis\spring-boot-dubbo-mybatis-consumer\target\test-classes\com\uvanix\consumer]
10:02:03.091 [main] DEBUG org.springframework.core.io.support.PathMatchingResourcePatternResolver - Searching directory [E:\github\spring-boot-dubbo-mybatis\spring-boot-dubbo-mybatis-consumer\target\test-classes\com\uvanix\consumer] for files matching pattern [E:/github/spring-boot-dubbo-mybatis/spring-boot-dubbo-mybatis-consumer/target/test-classes/com/uvanix/consumer/*.class]
10:02:03.094 [main] DEBUG org.springframework.core.io.support.PathMatchingResourcePatternResolver - Looking for matching resources in directory tree [E:\github\spring-boot-dubbo-mybatis\spring-boot-dubbo-mybatis-consumer\target\classes\com\uvanix\consumer]
10:02:03.094 [main] DEBUG org.springframework.core.io.support.PathMatchingResourcePatternResolver - Searching directory [E:\github\spring-boot-dubbo-mybatis\spring-boot-dubbo-mybatis-consumer\target\classes\com\uvanix\consumer] for files matching pattern [E:/github/spring-boot-dubbo-mybatis/spring-boot-dubbo-mybatis-consumer/target/classes/com/uvanix/consumer/*.class]
10:02:03.095 [main] DEBUG org.springframework.core.io.support.PathMatchingResourcePatternResolver - Resolved location pattern [classpath*:com/uvanix/consumer/*.class] to resources [file [E:\github\spring-boot-dubbo-mybatis\spring-boot-dubbo-mybatis-consumer\target\test-classes\com\uvanix\consumer\ApplicationTests.class], file [E:\github\spring-boot-dubbo-mybatis\spring-boot-dubbo-mybatis-consumer\target\classes\com\uvanix\consumer\Application.class]]
10:02:03.134 [main] DEBUG org.springframework.context.annotation.ClassPathScanningCandidateComponentProvider - Identified candidate component class: file [E:\github\spring-boot-dubbo-mybatis\spring-boot-dubbo-mybatis-consumer\target\classes\com\uvanix\consumer\Application.class]
10:02:03.136 [main] INFO org.springframework.boot.test.context.SpringBootTestContextBootstrapper - Found @SpringBootConfiguration com.uvanix.consumer.Application for test class com.uvanix.consumer.ApplicationTests
10:02:03.139 [main] DEBUG org.springframework.boot.test.context.SpringBootTestContextBootstrapper - @TestExecutionListeners is not present for class [com.uvanix.consumer.ApplicationTests]: using defaults.
10:02:03.143 [main] INFO org.springframework.boot.test.context.SpringBootTestContextBootstrapper - Loaded default TestExecutionListener class names from location [META-INF/spring.factories]: [org.springframework.boot.test.mock.mockito.MockitoTestExecutionListener, org.springframework.boot.test.mock.mockito.ResetMocksTestExecutionListener, org.springframework.boot.test.autoconfigure.restdocs.RestDocsTestExecutionListener, org.springframework.boot.test.autoconfigure.web.client.MockRestServiceServerResetTestExecutionListener, org.springframework.boot.test.autoconfigure.web.servlet.MockMvcPrintOnlyOnFailureTestExecutionListener, org.springframework.boot.test.autoconfigure.web.servlet.WebDriverTestExecutionListener, org.springframework.test.context.web.ServletTestExecutionListener, org.springframework.test.context.support.DirtiesContextBeforeModesTestExecutionListener, org.springframework.test.context.support.DependencyInjectionTestExecutionListener, org.springframework.test.context.support.DirtiesContextTestExecutionListener, org.springframework.test.context.transaction.TransactionalTestExecutionListener, org.springframework.test.context.jdbc.SqlScriptsTestExecutionListener]
10:02:03.152 [main] INFO org.springframework.boot.test.context.SpringBootTestContextBootstrapper - Could not instantiate TestExecutionListener [org.springframework.test.context.jdbc.SqlScriptsTestExecutionListener]. Specify custom listener classes or make the default listener classes (and their required dependencies) available. Offending class: [org/springframework/transaction/interceptor/TransactionAttribute]
10:02:03.152 [main] INFO org.springframework.boot.test.context.SpringBootTestContextBootstrapper - Could not instantiate TestExecutionListener [org.springframework.test.context.transaction.TransactionalTestExecutionListener]. Specify custom listener classes or make the default listener classes (and their required dependencies) available. Offending class: [org/springframework/transaction/interceptor/TransactionAttributeSource]
10:02:03.156 [main] INFO org.springframework.boot.test.context.SpringBootTestContextBootstrapper - Using TestExecutionListeners: [org.springframework.test.context.web.ServletTestExecutionListener@43d7741f, org.springframework.test.context.support.DirtiesContextBeforeModesTestExecutionListener@17baae6e, org.springframework.boot.test.autoconfigure.SpringBootDependencyInjectionTestExecutionListener@69379752, org.springframework.test.context.support.DirtiesContextTestExecutionListener@27fe3806, org.springframework.boot.test.mock.mockito.MockitoTestExecutionListener@5f71c76a, org.springframework.boot.test.autoconfigure.web.client.MockRestServiceServerResetTestExecutionListener@1d7acb34, org.springframework.boot.test.autoconfigure.restdocs.RestDocsTestExecutionListener@48a242ce, org.springframework.boot.test.autoconfigure.web.servlet.WebDriverTestExecutionListener@1e4a7dd4, org.springframework.boot.test.mock.mockito.ResetMocksTestExecutionListener@4f51b3e0, org.springframework.boot.test.autoconfigure.web.servlet.MockMvcPrintOnlyOnFailureTestExecutionListener@4b9e255]
10:02:03.158 [main] DEBUG org.springframework.test.context.junit4.SpringJUnit4ClassRunner - SpringJUnit4ClassRunner constructor called with [class com.uvanix.consumer.service.biz.impl.AccountBizServiceImplTest]
10:02:03.159 [main] DEBUG org.springframework.test.context.BootstrapUtils - Instantiating CacheAwareContextLoaderDelegate from class [org.springframework.test.context.cache.DefaultCacheAwareContextLoaderDelegate]
10:02:03.159 [main] DEBUG org.springframework.test.context.BootstrapUtils - Instantiating BootstrapContext using constructor [public org.springframework.test.context.support.DefaultBootstrapContext(java.lang.Class,org.springframework.test.context.CacheAwareContextLoaderDelegate)]
10:02:03.159 [main] DEBUG org.springframework.test.context.BootstrapUtils - Instantiating TestContextBootstrapper for test class [com.uvanix.consumer.service.biz.impl.AccountBizServiceImplTest] from class [org.springframework.boot.test.context.SpringBootTestContextBootstrapper]
10:02:03.160 [main] INFO org.springframework.boot.test.context.SpringBootTestContextBootstrapper - Neither @ContextConfiguration nor @ContextHierarchy found for test class [com.uvanix.consumer.service.biz.impl.AccountBizServiceImplTest], using SpringBootContextLoader
10:02:03.160 [main] DEBUG org.springframework.test.context.support.AbstractContextLoader - Did not detect default resource location for test class [com.uvanix.consumer.service.biz.impl.AccountBizServiceImplTest]: class path resource [com/uvanix/consumer/service/biz/impl/AccountBizServiceImplTest-context.xml] does not exist
10:02:03.160 [main] DEBUG org.springframework.test.context.support.AbstractContextLoader - Did not detect default resource location for test class [com.uvanix.consumer.service.biz.impl.AccountBizServiceImplTest]: class path resource [com/uvanix/consumer/service/biz/impl/AccountBizServiceImplTestContext.groovy] does not exist
10:02:03.161 [main] INFO org.springframework.test.context.support.AbstractContextLoader - Could not detect default resource locations for test class [com.uvanix.consumer.service.biz.impl.AccountBizServiceImplTest]: no resource found for suffixes {-context.xml, Context.groovy}.
10:02:03.161 [main] INFO org.springframework.test.context.support.AnnotationConfigContextLoaderUtils - Could not detect default configuration classes for test class [com.uvanix.consumer.service.biz.impl.AccountBizServiceImplTest]: AccountBizServiceImplTest does not declare any static, non-private, non-final, nested classes annotated with @Configuration.
10:02:03.166 [main] DEBUG org.springframework.test.context.support.ActiveProfilesUtils - Could not find an 'annotation declaring class' for annotation type [org.springframework.test.context.ActiveProfiles] and class [com.uvanix.consumer.service.biz.impl.AccountBizServiceImplTest]
10:02:03.166 [main] DEBUG org.springframework.core.env.StandardEnvironment - Adding PropertySource 'systemProperties' with lowest search precedence
10:02:03.166 [main] DEBUG org.springframework.core.env.StandardEnvironment - Adding PropertySource 'systemEnvironment' with lowest search precedence
10:02:03.167 [main] DEBUG org.springframework.core.env.StandardEnvironment - Initialized StandardEnvironment with PropertySources [MapPropertySource@1004095028 {name='systemProperties', properties={idea.version=2017.1.4, java.runtime.name=Java(TM) SE Runtime Environment, sun.boot.library.path=C:\develop\java\jre\bin, java.vm.version=25.121-b13, java.vm.vendor=Oracle Corporation, java.vendor.url=http://java.oracle.com/, path.separator=;, java.vm.name=Java HotSpot(TM) 64-Bit Server VM, file.encoding.pkg=sun.io, user.country=CN, user.script=, sun.java.launcher=SUN_STANDARD, sun.os.patch.level=, java.vm.specification.name=Java Virtual Machine Specification, user.dir=E:\github\spring-boot-dubbo-mybatis\spring-boot-dubbo-mybatis-consumer, java.runtime.version=1.8.0_121-b13, basedir=E:\github\spring-boot-dubbo-mybatis\spring-boot-dubbo-mybatis-consumer, java.awt.graphicsenv=sun.awt.Win32GraphicsEnvironment, java.endorsed.dirs=C:\develop\java\jre\lib\endorsed, os.arch=amd64, surefire.real.class.path=E:\github\spring-boot-dubbo-mybatis\spring-boot-dubbo-mybatis-consumer\target\surefire\surefirebooter4328357533084629598.jar, java.io.tmpdir=C:\Users\nice\AppData\Local\Temp\, line.separator=
, java.vm.specification.vendor=Oracle Corporation, user.variant=, os.name=Windows 10, sun.jnu.encoding=GBK, java.library.path=C:\develop\java\jre\bin;C:\WINDOWS\Sun\Java\bin;C:\WINDOWS\system32;C:\WINDOWS;C:\common\oracle\product\11.2.0\dbhome_1\bin;C:\develop\elasticsearch\elasticsearch-5.5.1\bin;E:\common\apache-maven-3.3.9-bin\apache-maven-3.3.9\bin;C:\develop\java\\bin;C:\ProgramData\Oracle\Java\javapath;C:\Program Files (x86)\Intel\iCLS Client\;C:\Program Files\Intel\iCLS Client\;C:\windows\system32;C:\windows;C:\windows\System32\Wbem;C:\windows\System32\WindowsPowerShell\v1.0\;C:\Program Files (x86)\Intel\Intel(R) Management Engine Components\DAL;C:\Program Files\Intel\Intel(R) Management Engine Components\DAL;C:\Program Files (x86)\Intel\Intel(R) Management Engine Components\IPT;C:\Program Files\Intel\Intel(R) Management Engine Components\IPT;C:\Program Files (x86)\NVIDIA Corporation\PhysX\Common;C:\Program Files\Intel\WiFi\bin\;C:\Program Files\Common Files\Intel\WirelessCommon\;C:\WINDOWS\system32;C:\WINDOWS;C:\WINDOWS\System32\Wbem;C:\WINDOWS\System32\WindowsPowerShell\v1.0\;C:\Program Files\MySQL\MySQL Utilities 1.6\;C:\Git\cmd;C:\Git\mingw64\bin;C:\Git\usr\bin;C:\Users\nice\AppData\Local\Microsoft\WindowsApps;;., surefire.test.class.path=E:\github\spring-boot-dubbo-mybatis\spring-boot-dubbo-mybatis-consumer\target\test-classes;E:\github\spring-boot-dubbo-mybatis\spring-boot-dubbo-mybatis-consumer\target\classes;E:\maven\localRepository\org\springframework\boot\spring-boot-starter-web\1.5.7.RELEASE\spring-boot-starter-web-1.5.7.RELEASE.jar;E:\maven\localRepository\org\springframework\boot\spring-boot-starter\1.5.7.RELEASE\spring-boot-starter-1.5.7.RELEASE.jar;E:\maven\localRepository\org\springframework\boot\spring-boot\1.5.7.RELEASE\spring-boot-1.5.7.RELEASE.jar;E:\maven\localRepository\org\springframework\boot\spring-boot-autoconfigure\1.5.7.RELEASE\spring-boot-autoconfigure-1.5.7.RELEASE.jar;E:\maven\localRepository\org\springframework\boot\spring-boot-starter-logging\1.5.7.RELEASE\spring-boot-starter-logging-1.5.7.RELEASE.jar;E:\maven\localRepository\ch\qos\logback\logback-classic\1.1.11\logback-classic-1.1.11.jar;E:\maven\localRepository\ch\qos\logback\logback-core\1.1.11\logback-core-1.1.11.jar;E:\maven\localRepository\org\slf4j\jcl-over-slf4j\1.7.25\jcl-over-slf4j-1.7.25.jar;E:\maven\localRepository\org\slf4j\jul-to-slf4j\1.7.25\jul-to-slf4j-1.7.25.jar;E:\maven\localRepository\org\slf4j\log4j-over-slf4j\1.7.25\log4j-over-slf4j-1.7.25.jar;E:\maven\localRepository\org\yaml\snakeyaml\1.17\snakeyaml-1.17.jar;E:\maven\localRepository\org\springframework\boot\spring-boot-starter-tomcat\1.5.7.RELEASE\spring-boot-starter-tomcat-1.5.7.RELEASE.jar;E:\maven\localRepository\org\apache\tomcat\embed\tomcat-embed-core\8.5.20\tomcat-embed-core-8.5.20.jar;E:\maven\localRepository\org\apache\tomcat\embed\tomcat-embed-el\8.5.20\tomcat-embed-el-8.5.20.jar;E:\maven\localRepository\org\apache\tomcat\embed\tomcat-embed-websocket\8.5.20\tomcat-embed-websocket-8.5.20.jar;E:\maven\localRepository\org\hibernate\hibernate-validator\5.3.5.Final\hibernate-validator-5.3.5.Final.jar;E:\maven\localRepository\javax\validation\validation-api\1.1.0.Final\validation-api-1.1.0.Final.jar;E:\maven\localRepository\org\jboss\logging\jboss-logging\3.3.1.Final\jboss-logging-3.3.1.Final.jar;E:\maven\localRepository\com\fasterxml\classmate\1.3.4\classmate-1.3.4.jar;E:\maven\localRepository\com\fasterxml\jackson\core\jackson-databind\2.8.10\jackson-databind-2.8.10.jar;E:\maven\localRepository\com\fasterxml\jackson\core\jackson-annotations\2.8.0\jackson-annotations-2.8.0.jar;E:\maven\localRepository\com\fasterxml\jackson\core\jackson-core\2.8.10\jackson-core-2.8.10.jar;E:\maven\localRepository\org\springframework\spring-web\4.3.11.RELEASE\spring-web-4.3.11.RELEASE.jar;E:\maven\localRepository\org\springframework\spring-aop\4.3.11.RELEASE\spring-aop-4.3.11.RELEASE.jar;E:\maven\localRepository\org\springframework\spring-beans\4.3.11.RELEASE\spring-beans-4.3.11.RELEASE.jar;E:\maven\localRepository\org\springframework\spring-context\4.3.11.RELEASE\spring-context-4.3.11.RELEASE.jar;E:\maven\localRepository\org\springframework\spring-webmvc\4.3.11.RELEASE\spring-webmvc-4.3.11.RELEASE.jar;E:\maven\localRepository\org\springframework\spring-expression\4.3.11.RELEASE\spring-expression-4.3.11.RELEASE.jar;E:\maven\localRepository\org\springframework\boot\spring-boot-starter-test\1.5.7.RELEASE\spring-boot-starter-test-1.5.7.RELEASE.jar;E:\maven\localRepository\org\springframework\boot\spring-boot-test\1.5.7.RELEASE\spring-boot-test-1.5.7.RELEASE.jar;E:\maven\localRepository\org\springframework\boot\spring-boot-test-autoconfigure\1.5.7.RELEASE\spring-boot-test-autoconfigure-1.5.7.RELEASE.jar;E:\maven\localRepository\com\jayway\jsonpath\json-path\2.2.0\json-path-2.2.0.jar;E:\maven\localRepository\net\minidev\json-smart\2.2.1\json-smart-2.2.1.jar;E:\maven\localRepository\net\minidev\accessors-smart\1.1\accessors-smart-1.1.jar;E:\maven\localRepository\org\ow2\asm\asm\5.0.3\asm-5.0.3.jar;E:\maven\localRepository\org\slf4j\slf4j-api\1.7.25\slf4j-api-1.7.25.jar;E:\maven\localRepository\junit\junit\4.12\junit-4.12.jar;E:\maven\localRepository\org\assertj\assertj-core\2.6.0\assertj-core-2.6.0.jar;E:\maven\localRepository\org\mockito\mockito-core\1.10.19\mockito-core-1.10.19.jar;E:\maven\localRepository\org\objenesis\objenesis\2.1\objenesis-2.1.jar;E:\maven\localRepository\org\hamcrest\hamcrest-core\1.3\hamcrest-core-1.3.jar;E:\maven\localRepository\org\hamcrest\hamcrest-library\1.3\hamcrest-library-1.3.jar;E:\maven\localRepository\org\skyscreamer\jsonassert\1.4.0\jsonassert-1.4.0.jar;E:\maven\localRepository\com\vaadin\external\google\android-json\0.0.20131108.vaadin1\android-json-0.0.20131108.vaadin1.jar;E:\maven\localRepository\org\springframework\spring-core\4.3.11.RELEASE\spring-core-4.3.11.RELEASE.jar;E:\maven\localRepository\org\springframework\spring-test\4.3.11.RELEASE\spring-test-4.3.11.RELEASE.jar;E:\maven\localRepository\com\alibaba\fastjson\1.2.39\fastjson-1.2.39.jar;E:\maven\localRepository\com\alibaba\dubbo\2.5.6\dubbo-2.5.6.jar;E:\maven\localRepository\org\javassist\javassist\3.21.0-GA\javassist-3.21.0-GA.jar;E:\maven\localRepository\org\jboss\netty\netty\3.2.5.Final\netty-3.2.5.Final.jar;E:\maven\localRepository\org\apache\zookeeper\zookeeper\3.4.10\zookeeper-3.4.10.jar;E:\maven\localRepository\jline\jline\0.9.94\jline-0.9.94.jar;E:\maven\localRepository\com\101tec\zkclient\0.10\zkclient-0.10.jar;E:\maven\localRepository\com\uvanix\spring-boot-dubbo-mybatis-api\1.0.0\spring-boot-dubbo-mybatis-api-1.0.0.jar;E:\maven\localRepository\com\uvanix\spring-boot-dubbo-mybatis-common\1.0.0\spring-boot-dubbo-mybatis-common-1.0.0.jar;, java.specification.name=Java Platform API Specification, java.class.version=52.0, sun.management.compiler=HotSpot 64-Bit Tiered Compilers, os.version=10.0, user.home=C:\Users\nice, user.timezone=GMT+08:00, java.awt.printerjob=sun.awt.windows.WPrinterJob, file.encoding=GBK, java.specification.version=1.8, java.class.path=E:\github\spring-boot-dubbo-mybatis\spring-boot-dubbo-mybatis-consumer\target\test-classes;E:\github\spring-boot-dubbo-mybatis\spring-boot-dubbo-mybatis-consumer\target\classes;E:\maven\localRepository\org\springframework\boot\spring-boot-starter-web\1.5.7.RELEASE\spring-boot-starter-web-1.5.7.RELEASE.jar;E:\maven\localRepository\org\springframework\boot\spring-boot-starter\1.5.7.RELEASE\spring-boot-starter-1.5.7.RELEASE.jar;E:\maven\localRepository\org\springframework\boot\spring-boot\1.5.7.RELEASE\spring-boot-1.5.7.RELEASE.jar;E:\maven\localRepository\org\springframework\boot\spring-boot-autoconfigure\1.5.7.RELEASE\spring-boot-autoconfigure-1.5.7.RELEASE.jar;E:\maven\localRepository\org\springframework\boot\spring-boot-starter-logging\1.5.7.RELEASE\spring-boot-starter-logging-1.5.7.RELEASE.jar;E:\maven\localRepository\ch\qos\logback\logback-classic\1.1.11\logback-classic-1.1.11.jar;E:\maven\localRepository\ch\qos\logback\logback-core\1.1.11\logback-core-1.1.11.jar;E:\maven\localRepository\org\slf4j\jcl-over-slf4j\1.7.25\jcl-over-slf4j-1.7.25.jar;E:\maven\localRepository\org\slf4j\jul-to-slf4j\1.7.25\jul-to-slf4j-1.7.25.jar;E:\maven\localRepository\org\slf4j\log4j-over-slf4j\1.7.25\log4j-over-slf4j-1.7.25.jar;E:\maven\localRepository\org\yaml\snakeyaml\1.17\snakeyaml-1.17.jar;E:\maven\localRepository\org\springframework\boot\spring-boot-starter-tomcat\1.5.7.RELEASE\spring-boot-starter-tomcat-1.5.7.RELEASE.jar;E:\maven\localRepository\org\apache\tomcat\embed\tomcat-embed-core\8.5.20\tomcat-embed-core-8.5.20.jar;E:\maven\localRepository\org\apache\tomcat\embed\tomcat-embed-el\8.5.20\tomcat-embed-el-8.5.20.jar;E:\maven\localRepository\org\apache\tomcat\embed\tomcat-embed-websocket\8.5.20\tomcat-embed-websocket-8.5.20.jar;E:\maven\localRepository\org\hibernate\hibernate-validator\5.3.5.Final\hibernate-validator-5.3.5.Final.jar;E:\maven\localRepository\javax\validation\validation-api\1.1.0.Final\validation-api-1.1.0.Final.jar;E:\maven\localRepository\org\jboss\logging\jboss-logging\3.3.1.Final\jboss-logging-3.3.1.Final.jar;E:\maven\localRepository\com\fasterxml\classmate\1.3.4\classmate-1.3.4.jar;E:\maven\localRepository\com\fasterxml\jackson\core\jackson-databind\2.8.10\jackson-databind-2.8.10.jar;E:\maven\localRepository\com\fasterxml\jackson\core\jackson-annotations\2.8.0\jackson-annotations-2.8.0.jar;E:\maven\localRepository\com\fasterxml\jackson\core\jackson-core\2.8.10\jackson-core-2.8.10.jar;E:\maven\localRepository\org\springframework\spring-web\4.3.11.RELEASE\spring-web-4.3.11.RELEASE.jar;E:\maven\localRepository\org\springframework\spring-aop\4.3.11.RELEASE\spring-aop-4.3.11.RELEASE.jar;E:\maven\localRepository\org\springframework\spring-beans\4.3.11.RELEASE\spring-beans-4.3.11.RELEASE.jar;E:\maven\localRepository\org\springframework\spring-context\4.3.11.RELEASE\spring-context-4.3.11.RELEASE.jar;E:\maven\localRepository\org\springframework\spring-webmvc\4.3.11.RELEASE\spring-webmvc-4.3.11.RELEASE.jar;E:\maven\localRepository\org\springframework\spring-expression\4.3.11.RELEASE\spring-expression-4.3.11.RELEASE.jar;E:\maven\localRepository\org\springframework\boot\spring-boot-starter-test\1.5.7.RELEASE\spring-boot-starter-test-1.5.7.RELEASE.jar;E:\maven\localRepository\org\springframework\boot\spring-boot-test\1.5.7.RELEASE\spring-boot-test-1.5.7.RELEASE.jar;E:\maven\localRepository\org\springframework\boot\spring-boot-test-autoconfigure\1.5.7.RELEASE\spring-boot-test-autoconfigure-1.5.7.RELEASE.jar;E:\maven\localRepository\com\jayway\jsonpath\json-path\2.2.0\json-path-2.2.0.jar;E:\maven\localRepository\net\minidev\json-smart\2.2.1\json-smart-2.2.1.jar;E:\maven\localRepository\net\minidev\accessors-smart\1.1\accessors-smart-1.1.jar;E:\maven\localRepository\org\ow2\asm\asm\5.0.3\asm-5.0.3.jar;E:\maven\localRepository\org\slf4j\slf4j-api\1.7.25\slf4j-api-1.7.25.jar;E:\maven\localRepository\junit\junit\4.12\junit-4.12.jar;E:\maven\localRepository\org\assertj\assertj-core\2.6.0\assertj-core-2.6.0.jar;E:\maven\localRepository\org\mockito\mockito-core\1.10.19\mockito-core-1.10.19.jar;E:\maven\localRepository\org\objenesis\objenesis\2.1\objenesis-2.1.jar;E:\maven\localRepository\org\hamcrest\hamcrest-core\1.3\hamcrest-core-1.3.jar;E:\maven\localRepository\org\hamcrest\hamcrest-library\1.3\hamcrest-library-1.3.jar;E:\maven\localRepository\org\skyscreamer\jsonassert\1.4.0\jsonassert-1.4.0.jar;E:\maven\localRepository\com\vaadin\external\google\android-json\0.0.20131108.vaadin1\android-json-0.0.20131108.vaadin1.jar;E:\maven\localRepository\org\springframework\spring-core\4.3.11.RELEASE\spring-core-4.3.11.RELEASE.jar;E:\maven\localRepository\org\springframework\spring-test\4.3.11.RELEASE\spring-test-4.3.11.RELEASE.jar;E:\maven\localRepository\com\alibaba\fastjson\1.2.39\fastjson-1.2.39.jar;E:\maven\localRepository\com\alibaba\dubbo\2.5.6\dubbo-2.5.6.jar;E:\maven\localRepository\org\javassist\javassist\3.21.0-GA\javassist-3.21.0-GA.jar;E:\maven\localRepository\org\jboss\netty\netty\3.2.5.Final\netty-3.2.5.Final.jar;E:\maven\localRepository\org\apache\zookeeper\zookeeper\3.4.10\zookeeper-3.4.10.jar;E:\maven\localRepository\jline\jline\0.9.94\jline-0.9.94.jar;E:\maven\localRepository\com\101tec\zkclient\0.10\zkclient-0.10.jar;E:\maven\localRepository\com\uvanix\spring-boot-dubbo-mybatis-api\1.0.0\spring-boot-dubbo-mybatis-api-1.0.0.jar;E:\maven\localRepository\com\uvanix\spring-boot-dubbo-mybatis-common\1.0.0\spring-boot-dubbo-mybatis-common-1.0.0.jar;, user.name=nice, java.vm.specification.version=1.8, sun.java.command=E:\github\spring-boot-dubbo-mybatis\spring-boot-dubbo-mybatis-consumer\target\surefire\surefirebooter4328357533084629598.jar E:\github\spring-boot-dubbo-mybatis\spring-boot-dubbo-mybatis-consumer\target\surefire\surefire6045059928927876805tmp E:\github\spring-boot-dubbo-mybatis\spring-boot-dubbo-mybatis-consumer\target\surefire\surefire_0753215722053795312tmp, java.home=C:\develop\java\jre, sun.arch.data.model=64, user.language=zh, java.specification.vendor=Oracle Corporation, awt.toolkit=sun.awt.windows.WToolkit, java.vm.info=mixed mode, java.version=1.8.0_121, java.ext.dirs=C:\develop\java\jre\lib\ext;C:\WINDOWS\Sun\Java\lib\ext, sun.boot.class.path=C:\develop\java\jre\lib\resources.jar;C:\develop\java\jre\lib\rt.jar;C:\develop\java\jre\lib\sunrsasign.jar;C:\develop\java\jre\lib\jsse.jar;C:\develop\java\jre\lib\jce.jar;C:\develop\java\jre\lib\charsets.jar;C:\develop\java\jre\lib\jfr.jar;C:\develop\java\jre\classes, java.vendor=Oracle Corporation, localRepository=E:\maven\localRepository, file.separator=\, java.vendor.url.bug=http://bugreport.sun.com/bugreport/, sun.io.unicode.encoding=UnicodeLittle, sun.cpu.endian=little, sun.desktop=windows, sun.cpu.isalist=amd64}}, SystemEnvironmentPropertySource@1487470647 {name='systemEnvironment', properties={PATH=C:\common\oracle\product\11.2.0\dbhome_1\bin;C:\develop\elasticsearch\elasticsearch-5.5.1\bin;E:\common\apache-maven-3.3.9-bin\apache-maven-3.3.9\bin;C:\develop\java\\bin;C:\ProgramData\Oracle\Java\javapath;C:\Program Files (x86)\Intel\iCLS Client\;C:\Program Files\Intel\iCLS Client\;C:\windows\system32;C:\windows;C:\windows\System32\Wbem;C:\windows\System32\WindowsPowerShell\v1.0\;C:\Program Files (x86)\Intel\Intel(R) Management Engine Components\DAL;C:\Program Files\Intel\Intel(R) Management Engine Components\DAL;C:\Program Files (x86)\Intel\Intel(R) Management Engine Components\IPT;C:\Program Files\Intel\Intel(R) Management Engine Components\IPT;C:\Program Files (x86)\NVIDIA Corporation\PhysX\Common;C:\Program Files\Intel\WiFi\bin\;C:\Program Files\Common Files\Intel\WirelessCommon\;C:\WINDOWS\system32;C:\WINDOWS;C:\WINDOWS\System32\Wbem;C:\WINDOWS\System32\WindowsPowerShell\v1.0\;C:\Program Files\MySQL\MySQL Utilities 1.6\;C:\Git\cmd;C:\Git\mingw64\bin;C:\Git\usr\bin;C:\Users\nice\AppData\Local\Microsoft\WindowsApps;, USERDOMAIN_ROAMINGPROFILE=LAPTOP-HKMAU7E3, PROCESSOR_LEVEL=6, SYSTEMDRIVE=C:, BUILD=local, SESSIONNAME=Console, ALLUSERSPROFILE=C:\ProgramData, PLATFORMCODE=KV, PROCESSOR_ARCHITECTURE=AMD64, =E:=E:\github\spring-boot-dubbo-mybatis\spring-boot-dubbo-mybatis-consumer, MAVEN_HOME=E:\common\apache-maven-3.3.9-bin\apache-maven-3.3.9, PROGRAMFILES=C:\Program Files, MOZ_PLUGIN_PATH=C:\common\FoxitReader\plugins\, PSMODULEPATH=C:\Program Files\WindowsPowerShell\Modules;C:\WINDOWS\system32\WindowsPowerShell\v1.0\Modules, PROGRAMDATA=C:\ProgramData, USERNAME=nice, FPS_BROWSER_USER_PROFILE_STRING=Default, ONEDRIVE=C:\Users\nice\OneDrive, PATHEXT=.COM;.EXE;.BAT;.CMD;.VBS;.VBE;.JS;.JSE;.WSF;.WSH;.MSC, REGIONCODE=APJ, WINDIR=C:\WINDOWS, HOMEPATH=\Users\nice, PROCESSOR_IDENTIFIER=Intel64 Family 6 Model 94 Stepping 3, GenuineIntel, PUBLIC=C:\Users\Public, =::=::\, LOCALAPPDATA=C:\Users\nice\AppData\Local, COMMONPROGRAMFILES(X86)=C:\Program Files (x86)\Common Files, USERDOMAIN=LAPTOP-HKMAU7E3, FPS_BROWSER_APP_PROFILE_STRING=Internet Explorer, LOGONSERVER=\\LAPTOP-HKMAU7E3, SPRING_PROFILES_ACTIVE=local, JAVA_HOME=C:\develop\java\, PROMPT=$P$G, PROGRAMFILES(X86)=C:\Program Files (x86), ONLINESERVICES=Online Services, APPDATA=C:\Users\nice\AppData\Roaming, PROGRAMW6432=C:\Program Files, SYSTEMROOT=C:\WINDOWS, ES_HOME=C:\develop\elasticsearch\elasticsearch-5.5.1, OS=Windows_NT, COMMONPROGRAMW6432=C:\Program Files\Common Files, COMPUTERNAME=LAPTOP-HKMAU7E3, COMMONPROGRAMFILES=C:\Program Files\Common Files, COMSPEC=C:\WINDOWS\system32\cmd.exe, PROCESSOR_REVISION=5e03, TEMP=C:\Users\nice\AppData\Local\Temp, HOMEDRIVE=C:, USERPROFILE=C:\Users\nice, TMP=C:\Users\nice\AppData\Local\Temp, NUMBER_OF_PROCESSORS=4}}]
10:02:03.169 [main] DEBUG org.springframework.core.io.support.PathMatchingResourcePatternResolver - Resolved classpath location [com/uvanix/consumer/service/biz/impl/] to resources [URL [file:/E:/github/spring-boot-dubbo-mybatis/spring-boot-dubbo-mybatis-consumer/target/test-classes/com/uvanix/consumer/service/biz/impl/], URL [file:/E:/github/spring-boot-dubbo-mybatis/spring-boot-dubbo-mybatis-consumer/target/classes/com/uvanix/consumer/service/biz/impl/]]
10:02:03.169 [main] DEBUG org.springframework.core.io.support.PathMatchingResourcePatternResolver - Looking for matching resources in directory tree [E:\github\spring-boot-dubbo-mybatis\spring-boot-dubbo-mybatis-consumer\target\test-classes\com\uvanix\consumer\service\biz\impl]
10:02:03.169 [main] DEBUG org.springframework.core.io.support.PathMatchingResourcePatternResolver - Searching directory [E:\github\spring-boot-dubbo-mybatis\spring-boot-dubbo-mybatis-consumer\target\test-classes\com\uvanix\consumer\service\biz\impl] for files matching pattern [E:/github/spring-boot-dubbo-mybatis/spring-boot-dubbo-mybatis-consumer/target/test-classes/com/uvanix/consumer/service/biz/impl/*.class]
10:02:03.172 [main] DEBUG org.springframework.core.io.support.PathMatchingResourcePatternResolver - Looking for matching resources in directory tree [E:\github\spring-boot-dubbo-mybatis\spring-boot-dubbo-mybatis-consumer\target\classes\com\uvanix\consumer\service\biz\impl]
10:02:03.172 [main] DEBUG org.springframework.core.io.support.PathMatchingResourcePatternResolver - Searching directory [E:\github\spring-boot-dubbo-mybatis\spring-boot-dubbo-mybatis-consumer\target\classes\com\uvanix\consumer\service\biz\impl] for files matching pattern [E:/github/spring-boot-dubbo-mybatis/spring-boot-dubbo-mybatis-consumer/target/classes/com/uvanix/consumer/service/biz/impl/*.class]
10:02:03.173 [main] DEBUG org.springframework.core.io.support.PathMatchingResourcePatternResolver - Resolved location pattern [classpath*:com/uvanix/consumer/service/biz/impl/*.class] to resources [file [E:\github\spring-boot-dubbo-mybatis\spring-boot-dubbo-mybatis-consumer\target\test-classes\com\uvanix\consumer\service\biz\impl\AccountBizServiceImplTest.class], file [E:\github\spring-boot-dubbo-mybatis\spring-boot-dubbo-mybatis-consumer\target\classes\com\uvanix\consumer\service\biz\impl\AccountBizServiceImpl.class]]
10:02:03.177 [main] DEBUG org.springframework.core.io.support.PathMatchingResourcePatternResolver - Resolved classpath location [com/uvanix/consumer/service/biz/] to resources [URL [file:/E:/github/spring-boot-dubbo-mybatis/spring-boot-dubbo-mybatis-consumer/target/test-classes/com/uvanix/consumer/service/biz/], URL [file:/E:/github/spring-boot-dubbo-mybatis/spring-boot-dubbo-mybatis-consumer/target/classes/com/uvanix/consumer/service/biz/]]
10:02:03.177 [main] DEBUG org.springframework.core.io.support.PathMatchingResourcePatternResolver - Looking for matching resources in directory tree [E:\github\spring-boot-dubbo-mybatis\spring-boot-dubbo-mybatis-consumer\target\test-classes\com\uvanix\consumer\service\biz]
10:02:03.178 [main] DEBUG org.springframework.core.io.support.PathMatchingResourcePatternResolver - Searching directory [E:\github\spring-boot-dubbo-mybatis\spring-boot-dubbo-mybatis-consumer\target\test-classes\com\uvanix\consumer\service\biz] for files matching pattern [E:/github/spring-boot-dubbo-mybatis/spring-boot-dubbo-mybatis-consumer/target/test-classes/com/uvanix/consumer/service/biz/*.class]
10:02:03.178 [main] DEBUG org.springframework.core.io.support.PathMatchingResourcePatternResolver - Looking for matching resources in directory tree [E:\github\spring-boot-dubbo-mybatis\spring-boot-dubbo-mybatis-consumer\target\classes\com\uvanix\consumer\service\biz]
10:02:03.178 [main] DEBUG org.springframework.core.io.support.PathMatchingResourcePatternResolver - Searching directory [E:\github\spring-boot-dubbo-mybatis\spring-boot-dubbo-mybatis-consumer\target\classes\com\uvanix\consumer\service\biz] for files matching pattern [E:/github/spring-boot-dubbo-mybatis/spring-boot-dubbo-mybatis-consumer/target/classes/com/uvanix/consumer/service/biz/*.class]
10:02:03.180 [main] DEBUG org.springframework.core.io.support.PathMatchingResourcePatternResolver - Resolved location pattern [classpath*:com/uvanix/consumer/service/biz/*.class] to resources [file [E:\github\spring-boot-dubbo-mybatis\spring-boot-dubbo-mybatis-consumer\target\classes\com\uvanix\consumer\service\biz\AccountBizService.class]]
10:02:03.181 [main] DEBUG org.springframework.core.io.support.PathMatchingResourcePatternResolver - Resolved classpath location [com/uvanix/consumer/service/] to resources [URL [file:/E:/github/spring-boot-dubbo-mybatis/spring-boot-dubbo-mybatis-consumer/target/test-classes/com/uvanix/consumer/service/], URL [file:/E:/github/spring-boot-dubbo-mybatis/spring-boot-dubbo-mybatis-consumer/target/classes/com/uvanix/consumer/service/]]
10:02:03.181 [main] DEBUG org.springframework.core.io.support.PathMatchingResourcePatternResolver - Looking for matching resources in directory tree [E:\github\spring-boot-dubbo-mybatis\spring-boot-dubbo-mybatis-consumer\target\test-classes\com\uvanix\consumer\service]
10:02:03.181 [main] DEBUG org.springframework.core.io.support.PathMatchingResourcePatternResolver - Searching directory [E:\github\spring-boot-dubbo-mybatis\spring-boot-dubbo-mybatis-consumer\target\test-classes\com\uvanix\consumer\service] for files matching pattern [E:/github/spring-boot-dubbo-mybatis/spring-boot-dubbo-mybatis-consumer/target/test-classes/com/uvanix/consumer/service/*.class]
10:02:03.181 [main] DEBUG org.springframework.core.io.support.PathMatchingResourcePatternResolver - Looking for matching resources in directory tree [E:\github\spring-boot-dubbo-mybatis\spring-boot-dubbo-mybatis-consumer\target\classes\com\uvanix\consumer\service]
10:02:03.182 [main] DEBUG org.springframework.core.io.support.PathMatchingResourcePatternResolver - Searching directory [E:\github\spring-boot-dubbo-mybatis\spring-boot-dubbo-mybatis-consumer\target\classes\com\uvanix\consumer\service] for files matching pattern [E:/github/spring-boot-dubbo-mybatis/spring-boot-dubbo-mybatis-consumer/target/classes/com/uvanix/consumer/service/*.class]
10:02:03.183 [main] DEBUG org.springframework.core.io.support.PathMatchingResourcePatternResolver - Resolved location pattern [classpath*:com/uvanix/consumer/service/*.class] to resources []
10:02:03.183 [main] DEBUG org.springframework.core.io.support.PathMatchingResourcePatternResolver - Resolved classpath location [com/uvanix/consumer/] to resources [URL [file:/E:/github/spring-boot-dubbo-mybatis/spring-boot-dubbo-mybatis-consumer/target/test-classes/com/uvanix/consumer/], URL [file:/E:/github/spring-boot-dubbo-mybatis/spring-boot-dubbo-mybatis-consumer/target/classes/com/uvanix/consumer/]]
10:02:03.183 [main] DEBUG org.springframework.core.io.support.PathMatchingResourcePatternResolver - Looking for matching resources in directory tree [E:\github\spring-boot-dubbo-mybatis\spring-boot-dubbo-mybatis-consumer\target\test-classes\com\uvanix\consumer]
10:02:03.183 [main] DEBUG org.springframework.core.io.support.PathMatchingResourcePatternResolver - Searching directory [E:\github\spring-boot-dubbo-mybatis\spring-boot-dubbo-mybatis-consumer\target\test-classes\com\uvanix\consumer] for files matching pattern [E:/github/spring-boot-dubbo-mybatis/spring-boot-dubbo-mybatis-consumer/target/test-classes/com/uvanix/consumer/*.class]
10:02:03.184 [main] DEBUG org.springframework.core.io.support.PathMatchingResourcePatternResolver - Looking for matching resources in directory tree [E:\github\spring-boot-dubbo-mybatis\spring-boot-dubbo-mybatis-consumer\target\classes\com\uvanix\consumer]
10:02:03.184 [main] DEBUG org.springframework.core.io.support.PathMatchingResourcePatternResolver - Searching directory [E:\github\spring-boot-dubbo-mybatis\spring-boot-dubbo-mybatis-consumer\target\classes\com\uvanix\consumer] for files matching pattern [E:/github/spring-boot-dubbo-mybatis/spring-boot-dubbo-mybatis-consumer/target/classes/com/uvanix/consumer/*.class]
10:02:03.186 [main] DEBUG org.springframework.core.io.support.PathMatchingResourcePatternResolver - Resolved location pattern [classpath*:com/uvanix/consumer/*.class] to resources [file [E:\github\spring-boot-dubbo-mybatis\spring-boot-dubbo-mybatis-consumer\target\test-classes\com\uvanix\consumer\ApplicationTests.class], file [E:\github\spring-boot-dubbo-mybatis\spring-boot-dubbo-mybatis-consumer\target\classes\com\uvanix\consumer\Application.class]]
10:02:03.189 [main] DEBUG org.springframework.context.annotation.ClassPathScanningCandidateComponentProvider - Identified candidate component class: file [E:\github\spring-boot-dubbo-mybatis\spring-boot-dubbo-mybatis-consumer\target\classes\com\uvanix\consumer\Application.class]
10:02:03.190 [main] INFO org.springframework.boot.test.context.SpringBootTestContextBootstrapper - Found @SpringBootConfiguration com.uvanix.consumer.Application for test class com.uvanix.consumer.service.biz.impl.AccountBizServiceImplTest
10:02:03.193 [main] DEBUG org.springframework.boot.test.context.SpringBootTestContextBootstrapper - @TestExecutionListeners is not present for class [com.uvanix.consumer.service.biz.impl.AccountBizServiceImplTest]: using defaults.
10:02:03.195 [main] INFO org.springframework.boot.test.context.SpringBootTestContextBootstrapper - Loaded default TestExecutionListener class names from location [META-INF/spring.factories]: [org.springframework.boot.test.mock.mockito.MockitoTestExecutionListener, org.springframework.boot.test.mock.mockito.ResetMocksTestExecutionListener, org.springframework.boot.test.autoconfigure.restdocs.RestDocsTestExecutionListener, org.springframework.boot.test.autoconfigure.web.client.MockRestServiceServerResetTestExecutionListener, org.springframework.boot.test.autoconfigure.web.servlet.MockMvcPrintOnlyOnFailureTestExecutionListener, org.springframework.boot.test.autoconfigure.web.servlet.WebDriverTestExecutionListener, org.springframework.test.context.web.ServletTestExecutionListener, org.springframework.test.context.support.DirtiesContextBeforeModesTestExecutionListener, org.springframework.test.context.support.DependencyInjectionTestExecutionListener, org.springframework.test.context.support.DirtiesContextTestExecutionListener, org.springframework.test.context.transaction.TransactionalTestExecutionListener, org.springframework.test.context.jdbc.SqlScriptsTestExecutionListener]
10:02:03.201 [main] INFO org.springframework.boot.test.context.SpringBootTestContextBootstrapper - Could not instantiate TestExecutionListener [org.springframework.test.context.jdbc.SqlScriptsTestExecutionListener]. Specify custom listener classes or make the default listener classes (and their required dependencies) available. Offending class: [org/springframework/transaction/interceptor/TransactionAttribute]
10:02:03.201 [main] INFO org.springframework.boot.test.context.SpringBootTestContextBootstrapper - Could not instantiate TestExecutionListener [org.springframework.test.context.transaction.TransactionalTestExecutionListener]. Specify custom listener classes or make the default listener classes (and their required dependencies) available. Offending class: [org/springframework/transaction/interceptor/TransactionAttributeSource]
10:02:03.202 [main] INFO org.springframework.boot.test.context.SpringBootTestContextBootstrapper - Using TestExecutionListeners: [org.springframework.test.context.web.ServletTestExecutionListener@76329302, org.springframework.test.context.support.DirtiesContextBeforeModesTestExecutionListener@5e25a92e, org.springframework.boot.test.autoconfigure.SpringBootDependencyInjectionTestExecutionListener@4df828d7, org.springframework.test.context.support.DirtiesContextTestExecutionListener@b59d31, org.springframework.boot.test.mock.mockito.MockitoTestExecutionListener@62fdb4a6, org.springframework.boot.test.autoconfigure.web.client.MockRestServiceServerResetTestExecutionListener@11e21d0e, org.springframework.boot.test.autoconfigure.restdocs.RestDocsTestExecutionListener@1dd02175, org.springframework.boot.test.autoconfigure.web.servlet.WebDriverTestExecutionListener@31206beb, org.springframework.boot.test.mock.mockito.ResetMocksTestExecutionListener@3e77a1ed, org.springframework.boot.test.autoconfigure.web.servlet.MockMvcPrintOnlyOnFailureTestExecutionListener@3ffcd140]
10:02:03.205 [main] DEBUG org.springframework.test.annotation.ProfileValueUtils - Retrieved @ProfileValueSourceConfiguration [null] for test class [com.uvanix.consumer.ApplicationTests]
10:02:03.206 [main] DEBUG org.springframework.test.annotation.ProfileValueUtils - Retrieved ProfileValueSource type [class org.springframework.test.annotation.SystemProfileValueSource] for class [com.uvanix.consumer.ApplicationTests]
10:02:03.207 [main] DEBUG org.springframework.test.annotation.ProfileValueUtils - Retrieved @ProfileValueSourceConfiguration [null] for test class [com.uvanix.consumer.service.biz.impl.AccountBizServiceImplTest]
10:02:03.209 [main] DEBUG org.springframework.test.annotation.ProfileValueUtils - Retrieved ProfileValueSource type [class org.springframework.test.annotation.SystemProfileValueSource] for class [com.uvanix.consumer.service.biz.impl.AccountBizServiceImplTest]
10:02:03.212 [main] DEBUG org.springframework.test.context.junit4.SpringJUnit4ClassRunner - SpringJUnit4ClassRunner constructor called with [class com.uvanix.consumer.ApplicationTests]
10:02:03.212 [main] DEBUG org.springframework.test.context.BootstrapUtils - Instantiating CacheAwareContextLoaderDelegate from class [org.springframework.test.context.cache.DefaultCacheAwareContextLoaderDelegate]
10:02:03.212 [main] DEBUG org.springframework.test.context.BootstrapUtils - Instantiating BootstrapContext using constructor [public org.springframework.test.context.support.DefaultBootstrapContext(java.lang.Class,org.springframework.test.context.CacheAwareContextLoaderDelegate)]
10:02:03.213 [main] DEBUG org.springframework.test.context.BootstrapUtils - Instantiating TestContextBootstrapper for test class [com.uvanix.consumer.ApplicationTests] from class [org.springframework.boot.test.context.SpringBootTestContextBootstrapper]
10:02:03.213 [main] INFO org.springframework.boot.test.context.SpringBootTestContextBootstrapper - Neither @ContextConfiguration nor @ContextHierarchy found for test class [com.uvanix.consumer.ApplicationTests], using SpringBootContextLoader
10:02:03.213 [main] DEBUG org.springframework.test.context.support.AbstractContextLoader - Did not detect default resource location for test class [com.uvanix.consumer.ApplicationTests]: class path resource [com/uvanix/consumer/ApplicationTests-context.xml] does not exist
10:02:03.214 [main] DEBUG org.springframework.test.context.support.AbstractContextLoader - Did not detect default resource location for test class [com.uvanix.consumer.ApplicationTests]: class path resource [com/uvanix/consumer/ApplicationTestsContext.groovy] does not exist
10:02:03.214 [main] INFO org.springframework.test.context.support.AbstractContextLoader - Could not detect default resource locations for test class [com.uvanix.consumer.ApplicationTests]: no resource found for suffixes {-context.xml, Context.groovy}.
10:02:03.214 [main] INFO org.springframework.test.context.support.AnnotationConfigContextLoaderUtils - Could not detect default configuration classes for test class [com.uvanix.consumer.ApplicationTests]: ApplicationTests does not declare any static, non-private, non-final, nested classes annotated with @Configuration.
10:02:03.220 [main] DEBUG org.springframework.test.context.support.ActiveProfilesUtils - Could not find an 'annotation declaring class' for annotation type [org.springframework.test.context.ActiveProfiles] and class [com.uvanix.consumer.ApplicationTests]
10:02:03.224 [main] DEBUG org.springframework.core.env.StandardEnvironment - Adding PropertySource 'systemProperties' with lowest search precedence
10:02:03.224 [main] DEBUG org.springframework.core.env.StandardEnvironment - Adding PropertySource 'systemEnvironment' with lowest search precedence
10:02:03.225 [main] DEBUG org.springframework.core.env.StandardEnvironment - Initialized StandardEnvironment with PropertySources [MapPropertySource@341853399 {name='systemProperties', properties={idea.version=2017.1.4, java.runtime.name=Java(TM) SE Runtime Environment, sun.boot.library.path=C:\develop\java\jre\bin, java.vm.version=25.121-b13, java.vm.vendor=Oracle Corporation, java.vendor.url=http://java.oracle.com/, path.separator=;, java.vm.name=Java HotSpot(TM) 64-Bit Server VM, file.encoding.pkg=sun.io, user.country=CN, user.script=, sun.java.launcher=SUN_STANDARD, sun.os.patch.level=, java.vm.specification.name=Java Virtual Machine Specification, user.dir=E:\github\spring-boot-dubbo-mybatis\spring-boot-dubbo-mybatis-consumer, java.runtime.version=1.8.0_121-b13, basedir=E:\github\spring-boot-dubbo-mybatis\spring-boot-dubbo-mybatis-consumer, java.awt.graphicsenv=sun.awt.Win32GraphicsEnvironment, java.endorsed.dirs=C:\develop\java\jre\lib\endorsed, os.arch=amd64, surefire.real.class.path=E:\github\spring-boot-dubbo-mybatis\spring-boot-dubbo-mybatis-consumer\target\surefire\surefirebooter4328357533084629598.jar, java.io.tmpdir=C:\Users\nice\AppData\Local\Temp\, line.separator=
, java.vm.specification.vendor=Oracle Corporation, user.variant=, os.name=Windows 10, sun.jnu.encoding=GBK, java.library.path=C:\develop\java\jre\bin;C:\WINDOWS\Sun\Java\bin;C:\WINDOWS\system32;C:\WINDOWS;C:\common\oracle\product\11.2.0\dbhome_1\bin;C:\develop\elasticsearch\elasticsearch-5.5.1\bin;E:\common\apache-maven-3.3.9-bin\apache-maven-3.3.9\bin;C:\develop\java\\bin;C:\ProgramData\Oracle\Java\javapath;C:\Program Files (x86)\Intel\iCLS Client\;C:\Program Files\Intel\iCLS Client\;C:\windows\system32;C:\windows;C:\windows\System32\Wbem;C:\windows\System32\WindowsPowerShell\v1.0\;C:\Program Files (x86)\Intel\Intel(R) Management Engine Components\DAL;C:\Program Files\Intel\Intel(R) Management Engine Components\DAL;C:\Program Files (x86)\Intel\Intel(R) Management Engine Components\IPT;C:\Program Files\Intel\Intel(R) Management Engine Components\IPT;C:\Program Files (x86)\NVIDIA Corporation\PhysX\Common;C:\Program Files\Intel\WiFi\bin\;C:\Program Files\Common Files\Intel\WirelessCommon\;C:\WINDOWS\system32;C:\WINDOWS;C:\WINDOWS\System32\Wbem;C:\WINDOWS\System32\WindowsPowerShell\v1.0\;C:\Program Files\MySQL\MySQL Utilities 1.6\;C:\Git\cmd;C:\Git\mingw64\bin;C:\Git\usr\bin;C:\Users\nice\AppData\Local\Microsoft\WindowsApps;;., surefire.test.class.path=E:\github\spring-boot-dubbo-mybatis\spring-boot-dubbo-mybatis-consumer\target\test-classes;E:\github\spring-boot-dubbo-mybatis\spring-boot-dubbo-mybatis-consumer\target\classes;E:\maven\localRepository\org\springframework\boot\spring-boot-starter-web\1.5.7.RELEASE\spring-boot-starter-web-1.5.7.RELEASE.jar;E:\maven\localRepository\org\springframework\boot\spring-boot-starter\1.5.7.RELEASE\spring-boot-starter-1.5.7.RELEASE.jar;E:\maven\localRepository\org\springframework\boot\spring-boot\1.5.7.RELEASE\spring-boot-1.5.7.RELEASE.jar;E:\maven\localRepository\org\springframework\boot\spring-boot-autoconfigure\1.5.7.RELEASE\spring-boot-autoconfigure-1.5.7.RELEASE.jar;E:\maven\localRepository\org\springframework\boot\spring-boot-starter-logging\1.5.7.RELEASE\spring-boot-starter-logging-1.5.7.RELEASE.jar;E:\maven\localRepository\ch\qos\logback\logback-classic\1.1.11\logback-classic-1.1.11.jar;E:\maven\localRepository\ch\qos\logback\logback-core\1.1.11\logback-core-1.1.11.jar;E:\maven\localRepository\org\slf4j\jcl-over-slf4j\1.7.25\jcl-over-slf4j-1.7.25.jar;E:\maven\localRepository\org\slf4j\jul-to-slf4j\1.7.25\jul-to-slf4j-1.7.25.jar;E:\maven\localRepository\org\slf4j\log4j-over-slf4j\1.7.25\log4j-over-slf4j-1.7.25.jar;E:\maven\localRepository\org\yaml\snakeyaml\1.17\snakeyaml-1.17.jar;E:\maven\localRepository\org\springframework\boot\spring-boot-starter-tomcat\1.5.7.RELEASE\spring-boot-starter-tomcat-1.5.7.RELEASE.jar;E:\maven\localRepository\org\apache\tomcat\embed\tomcat-embed-core\8.5.20\tomcat-embed-core-8.5.20.jar;E:\maven\localRepository\org\apache\tomcat\embed\tomcat-embed-el\8.5.20\tomcat-embed-el-8.5.20.jar;E:\maven\localRepository\org\apache\tomcat\embed\tomcat-embed-websocket\8.5.20\tomcat-embed-websocket-8.5.20.jar;E:\maven\localRepository\org\hibernate\hibernate-validator\5.3.5.Final\hibernate-validator-5.3.5.Final.jar;E:\maven\localRepository\javax\validation\validation-api\1.1.0.Final\validation-api-1.1.0.Final.jar;E:\maven\localRepository\org\jboss\logging\jboss-logging\3.3.1.Final\jboss-logging-3.3.1.Final.jar;E:\maven\localRepository\com\fasterxml\classmate\1.3.4\classmate-1.3.4.jar;E:\maven\localRepository\com\fasterxml\jackson\core\jackson-databind\2.8.10\jackson-databind-2.8.10.jar;E:\maven\localRepository\com\fasterxml\jackson\core\jackson-annotations\2.8.0\jackson-annotations-2.8.0.jar;E:\maven\localRepository\com\fasterxml\jackson\core\jackson-core\2.8.10\jackson-core-2.8.10.jar;E:\maven\localRepository\org\springframework\spring-web\4.3.11.RELEASE\spring-web-4.3.11.RELEASE.jar;E:\maven\localRepository\org\springframework\spring-aop\4.3.11.RELEASE\spring-aop-4.3.11.RELEASE.jar;E:\maven\localRepository\org\springframework\spring-beans\4.3.11.RELEASE\spring-beans-4.3.11.RELEASE.jar;E:\maven\localRepository\org\springframework\spring-context\4.3.11.RELEASE\spring-context-4.3.11.RELEASE.jar;E:\maven\localRepository\org\springframework\spring-webmvc\4.3.11.RELEASE\spring-webmvc-4.3.11.RELEASE.jar;E:\maven\localRepository\org\springframework\spring-expression\4.3.11.RELEASE\spring-expression-4.3.11.RELEASE.jar;E:\maven\localRepository\org\springframework\boot\spring-boot-starter-test\1.5.7.RELEASE\spring-boot-starter-test-1.5.7.RELEASE.jar;E:\maven\localRepository\org\springframework\boot\spring-boot-test\1.5.7.RELEASE\spring-boot-test-1.5.7.RELEASE.jar;E:\maven\localRepository\org\springframework\boot\spring-boot-test-autoconfigure\1.5.7.RELEASE\spring-boot-test-autoconfigure-1.5.7.RELEASE.jar;E:\maven\localRepository\com\jayway\jsonpath\json-path\2.2.0\json-path-2.2.0.jar;E:\maven\localRepository\net\minidev\json-smart\2.2.1\json-smart-2.2.1.jar;E:\maven\localRepository\net\minidev\accessors-smart\1.1\accessors-smart-1.1.jar;E:\maven\localRepository\org\ow2\asm\asm\5.0.3\asm-5.0.3.jar;E:\maven\localRepository\org\slf4j\slf4j-api\1.7.25\slf4j-api-1.7.25.jar;E:\maven\localRepository\junit\junit\4.12\junit-4.12.jar;E:\maven\localRepository\org\assertj\assertj-core\2.6.0\assertj-core-2.6.0.jar;E:\maven\localRepository\org\mockito\mockito-core\1.10.19\mockito-core-1.10.19.jar;E:\maven\localRepository\org\objenesis\objenesis\2.1\objenesis-2.1.jar;E:\maven\localRepository\org\hamcrest\hamcrest-core\1.3\hamcrest-core-1.3.jar;E:\maven\localRepository\org\hamcrest\hamcrest-library\1.3\hamcrest-library-1.3.jar;E:\maven\localRepository\org\skyscreamer\jsonassert\1.4.0\jsonassert-1.4.0.jar;E:\maven\localRepository\com\vaadin\external\google\android-json\0.0.20131108.vaadin1\android-json-0.0.20131108.vaadin1.jar;E:\maven\localRepository\org\springframework\spring-core\4.3.11.RELEASE\spring-core-4.3.11.RELEASE.jar;E:\maven\localRepository\org\springframework\spring-test\4.3.11.RELEASE\spring-test-4.3.11.RELEASE.jar;E:\maven\localRepository\com\alibaba\fastjson\1.2.39\fastjson-1.2.39.jar;E:\maven\localRepository\com\alibaba\dubbo\2.5.6\dubbo-2.5.6.jar;E:\maven\localRepository\org\javassist\javassist\3.21.0-GA\javassist-3.21.0-GA.jar;E:\maven\localRepository\org\jboss\netty\netty\3.2.5.Final\netty-3.2.5.Final.jar;E:\maven\localRepository\org\apache\zookeeper\zookeeper\3.4.10\zookeeper-3.4.10.jar;E:\maven\localRepository\jline\jline\0.9.94\jline-0.9.94.jar;E:\maven\localRepository\com\101tec\zkclient\0.10\zkclient-0.10.jar;E:\maven\localRepository\com\uvanix\spring-boot-dubbo-mybatis-api\1.0.0\spring-boot-dubbo-mybatis-api-1.0.0.jar;E:\maven\localRepository\com\uvanix\spring-boot-dubbo-mybatis-common\1.0.0\spring-boot-dubbo-mybatis-common-1.0.0.jar;, java.specification.name=Java Platform API Specification, java.class.version=52.0, sun.management.compiler=HotSpot 64-Bit Tiered Compilers, os.version=10.0, user.home=C:\Users\nice, user.timezone=GMT+08:00, java.awt.printerjob=sun.awt.windows.WPrinterJob, file.encoding=GBK, java.specification.version=1.8, java.class.path=E:\github\spring-boot-dubbo-mybatis\spring-boot-dubbo-mybatis-consumer\target\test-classes;E:\github\spring-boot-dubbo-mybatis\spring-boot-dubbo-mybatis-consumer\target\classes;E:\maven\localRepository\org\springframework\boot\spring-boot-starter-web\1.5.7.RELEASE\spring-boot-starter-web-1.5.7.RELEASE.jar;E:\maven\localRepository\org\springframework\boot\spring-boot-starter\1.5.7.RELEASE\spring-boot-starter-1.5.7.RELEASE.jar;E:\maven\localRepository\org\springframework\boot\spring-boot\1.5.7.RELEASE\spring-boot-1.5.7.RELEASE.jar;E:\maven\localRepository\org\springframework\boot\spring-boot-autoconfigure\1.5.7.RELEASE\spring-boot-autoconfigure-1.5.7.RELEASE.jar;E:\maven\localRepository\org\springframework\boot\spring-boot-starter-logging\1.5.7.RELEASE\spring-boot-starter-logging-1.5.7.RELEASE.jar;E:\maven\localRepository\ch\qos\logback\logback-classic\1.1.11\logback-classic-1.1.11.jar;E:\maven\localRepository\ch\qos\logback\logback-core\1.1.11\logback-core-1.1.11.jar;E:\maven\localRepository\org\slf4j\jcl-over-slf4j\1.7.25\jcl-over-slf4j-1.7.25.jar;E:\maven\localRepository\org\slf4j\jul-to-slf4j\1.7.25\jul-to-slf4j-1.7.25.jar;E:\maven\localRepository\org\slf4j\log4j-over-slf4j\1.7.25\log4j-over-slf4j-1.7.25.jar;E:\maven\localRepository\org\yaml\snakeyaml\1.17\snakeyaml-1.17.jar;E:\maven\localRepository\org\springframework\boot\spring-boot-starter-tomcat\1.5.7.RELEASE\spring-boot-starter-tomcat-1.5.7.RELEASE.jar;E:\maven\localRepository\org\apache\tomcat\embed\tomcat-embed-core\8.5.20\tomcat-embed-core-8.5.20.jar;E:\maven\localRepository\org\apache\tomcat\embed\tomcat-embed-el\8.5.20\tomcat-embed-el-8.5.20.jar;E:\maven\localRepository\org\apache\tomcat\embed\tomcat-embed-websocket\8.5.20\tomcat-embed-websocket-8.5.20.jar;E:\maven\localRepository\org\hibernate\hibernate-validator\5.3.5.Final\hibernate-validator-5.3.5.Final.jar;E:\maven\localRepository\javax\validation\validation-api\1.1.0.Final\validation-api-1.1.0.Final.jar;E:\maven\localRepository\org\jboss\logging\jboss-logging\3.3.1.Final\jboss-logging-3.3.1.Final.jar;E:\maven\localRepository\com\fasterxml\classmate\1.3.4\classmate-1.3.4.jar;E:\maven\localRepository\com\fasterxml\jackson\core\jackson-databind\2.8.10\jackson-databind-2.8.10.jar;E:\maven\localRepository\com\fasterxml\jackson\core\jackson-annotations\2.8.0\jackson-annotations-2.8.0.jar;E:\maven\localRepository\com\fasterxml\jackson\core\jackson-core\2.8.10\jackson-core-2.8.10.jar;E:\maven\localRepository\org\springframework\spring-web\4.3.11.RELEASE\spring-web-4.3.11.RELEASE.jar;E:\maven\localRepository\org\springframework\spring-aop\4.3.11.RELEASE\spring-aop-4.3.11.RELEASE.jar;E:\maven\localRepository\org\springframework\spring-beans\4.3.11.RELEASE\spring-beans-4.3.11.RELEASE.jar;E:\maven\localRepository\org\springframework\spring-context\4.3.11.RELEASE\spring-context-4.3.11.RELEASE.jar;E:\maven\localRepository\org\springframework\spring-webmvc\4.3.11.RELEASE\spring-webmvc-4.3.11.RELEASE.jar;E:\maven\localRepository\org\springframework\spring-expression\4.3.11.RELEASE\spring-expression-4.3.11.RELEASE.jar;E:\maven\localRepository\org\springframework\boot\spring-boot-starter-test\1.5.7.RELEASE\spring-boot-starter-test-1.5.7.RELEASE.jar;E:\maven\localRepository\org\springframework\boot\spring-boot-test\1.5.7.RELEASE\spring-boot-test-1.5.7.RELEASE.jar;E:\maven\localRepository\org\springframework\boot\spring-boot-test-autoconfigure\1.5.7.RELEASE\spring-boot-test-autoconfigure-1.5.7.RELEASE.jar;E:\maven\localRepository\com\jayway\jsonpath\json-path\2.2.0\json-path-2.2.0.jar;E:\maven\localRepository\net\minidev\json-smart\2.2.1\json-smart-2.2.1.jar;E:\maven\localRepository\net\minidev\accessors-smart\1.1\accessors-smart-1.1.jar;E:\maven\localRepository\org\ow2\asm\asm\5.0.3\asm-5.0.3.jar;E:\maven\localRepository\org\slf4j\slf4j-api\1.7.25\slf4j-api-1.7.25.jar;E:\maven\localRepository\junit\junit\4.12\junit-4.12.jar;E:\maven\localRepository\org\assertj\assertj-core\2.6.0\assertj-core-2.6.0.jar;E:\maven\localRepository\org\mockito\mockito-core\1.10.19\mockito-core-1.10.19.jar;E:\maven\localRepository\org\objenesis\objenesis\2.1\objenesis-2.1.jar;E:\maven\localRepository\org\hamcrest\hamcrest-core\1.3\hamcrest-core-1.3.jar;E:\maven\localRepository\org\hamcrest\hamcrest-library\1.3\hamcrest-library-1.3.jar;E:\maven\localRepository\org\skyscreamer\jsonassert\1.4.0\jsonassert-1.4.0.jar;E:\maven\localRepository\com\vaadin\external\google\android-json\0.0.20131108.vaadin1\android-json-0.0.20131108.vaadin1.jar;E:\maven\localRepository\org\springframework\spring-core\4.3.11.RELEASE\spring-core-4.3.11.RELEASE.jar;E:\maven\localRepository\org\springframework\spring-test\4.3.11.RELEASE\spring-test-4.3.11.RELEASE.jar;E:\maven\localRepository\com\alibaba\fastjson\1.2.39\fastjson-1.2.39.jar;E:\maven\localRepository\com\alibaba\dubbo\2.5.6\dubbo-2.5.6.jar;E:\maven\localRepository\org\javassist\javassist\3.21.0-GA\javassist-3.21.0-GA.jar;E:\maven\localRepository\org\jboss\netty\netty\3.2.5.Final\netty-3.2.5.Final.jar;E:\maven\localRepository\org\apache\zookeeper\zookeeper\3.4.10\zookeeper-3.4.10.jar;E:\maven\localRepository\jline\jline\0.9.94\jline-0.9.94.jar;E:\maven\localRepository\com\101tec\zkclient\0.10\zkclient-0.10.jar;E:\maven\localRepository\com\uvanix\spring-boot-dubbo-mybatis-api\1.0.0\spring-boot-dubbo-mybatis-api-1.0.0.jar;E:\maven\localRepository\com\uvanix\spring-boot-dubbo-mybatis-common\1.0.0\spring-boot-dubbo-mybatis-common-1.0.0.jar;, user.name=nice, java.vm.specification.version=1.8, sun.java.command=E:\github\spring-boot-dubbo-mybatis\spring-boot-dubbo-mybatis-consumer\target\surefire\surefirebooter4328357533084629598.jar E:\github\spring-boot-dubbo-mybatis\spring-boot-dubbo-mybatis-consumer\target\surefire\surefire6045059928927876805tmp E:\github\spring-boot-dubbo-mybatis\spring-boot-dubbo-mybatis-consumer\target\surefire\surefire_0753215722053795312tmp, java.home=C:\develop\java\jre, sun.arch.data.model=64, user.language=zh, java.specification.vendor=Oracle Corporation, awt.toolkit=sun.awt.windows.WToolkit, java.vm.info=mixed mode, java.version=1.8.0_121, java.ext.dirs=C:\develop\java\jre\lib\ext;C:\WINDOWS\Sun\Java\lib\ext, sun.boot.class.path=C:\develop\java\jre\lib\resources.jar;C:\develop\java\jre\lib\rt.jar;C:\develop\java\jre\lib\sunrsasign.jar;C:\develop\java\jre\lib\jsse.jar;C:\develop\java\jre\lib\jce.jar;C:\develop\java\jre\lib\charsets.jar;C:\develop\java\jre\lib\jfr.jar;C:\develop\java\jre\classes, java.vendor=Oracle Corporation, localRepository=E:\maven\localRepository, file.separator=\, java.vendor.url.bug=http://bugreport.sun.com/bugreport/, sun.io.unicode.encoding=UnicodeLittle, sun.cpu.endian=little, sun.desktop=windows, sun.cpu.isalist=amd64}}, SystemEnvironmentPropertySource@513700442 {name='systemEnvironment', properties={PATH=C:\common\oracle\product\11.2.0\dbhome_1\bin;C:\develop\elasticsearch\elasticsearch-5.5.1\bin;E:\common\apache-maven-3.3.9-bin\apache-maven-3.3.9\bin;C:\develop\java\\bin;C:\ProgramData\Oracle\Java\javapath;C:\Program Files (x86)\Intel\iCLS Client\;C:\Program Files\Intel\iCLS Client\;C:\windows\system32;C:\windows;C:\windows\System32\Wbem;C:\windows\System32\WindowsPowerShell\v1.0\;C:\Program Files (x86)\Intel\Intel(R) Management Engine Components\DAL;C:\Program Files\Intel\Intel(R) Management Engine Components\DAL;C:\Program Files (x86)\Intel\Intel(R) Management Engine Components\IPT;C:\Program Files\Intel\Intel(R) Management Engine Components\IPT;C:\Program Files (x86)\NVIDIA Corporation\PhysX\Common;C:\Program Files\Intel\WiFi\bin\;C:\Program Files\Common Files\Intel\WirelessCommon\;C:\WINDOWS\system32;C:\WINDOWS;C:\WINDOWS\System32\Wbem;C:\WINDOWS\System32\WindowsPowerShell\v1.0\;C:\Program Files\MySQL\MySQL Utilities 1.6\;C:\Git\cmd;C:\Git\mingw64\bin;C:\Git\usr\bin;C:\Users\nice\AppData\Local\Microsoft\WindowsApps;, USERDOMAIN_ROAMINGPROFILE=LAPTOP-HKMAU7E3, PROCESSOR_LEVEL=6, SYSTEMDRIVE=C:, BUILD=local, SESSIONNAME=Console, ALLUSERSPROFILE=C:\ProgramData, PLATFORMCODE=KV, PROCESSOR_ARCHITECTURE=AMD64, =E:=E:\github\spring-boot-dubbo-mybatis\spring-boot-dubbo-mybatis-consumer, MAVEN_HOME=E:\common\apache-maven-3.3.9-bin\apache-maven-3.3.9, PROGRAMFILES=C:\Program Files, MOZ_PLUGIN_PATH=C:\common\FoxitReader\plugins\, PSMODULEPATH=C:\Program Files\WindowsPowerShell\Modules;C:\WINDOWS\system32\WindowsPowerShell\v1.0\Modules, PROGRAMDATA=C:\ProgramData, USERNAME=nice, FPS_BROWSER_USER_PROFILE_STRING=Default, ONEDRIVE=C:\Users\nice\OneDrive, PATHEXT=.COM;.EXE;.BAT;.CMD;.VBS;.VBE;.JS;.JSE;.WSF;.WSH;.MSC, REGIONCODE=APJ, WINDIR=C:\WINDOWS, HOMEPATH=\Users\nice, PROCESSOR_IDENTIFIER=Intel64 Family 6 Model 94 Stepping 3, GenuineIntel, PUBLIC=C:\Users\Public, =::=::\, LOCALAPPDATA=C:\Users\nice\AppData\Local, COMMONPROGRAMFILES(X86)=C:\Program Files (x86)\Common Files, USERDOMAIN=LAPTOP-HKMAU7E3, FPS_BROWSER_APP_PROFILE_STRING=Internet Explorer, LOGONSERVER=\\LAPTOP-HKMAU7E3, SPRING_PROFILES_ACTIVE=local, JAVA_HOME=C:\develop\java\, PROMPT=$P$G, PROGRAMFILES(X86)=C:\Program Files (x86), ONLINESERVICES=Online Services, APPDATA=C:\Users\nice\AppData\Roaming, PROGRAMW6432=C:\Program Files, SYSTEMROOT=C:\WINDOWS, ES_HOME=C:\develop\elasticsearch\elasticsearch-5.5.1, OS=Windows_NT, COMMONPROGRAMW6432=C:\Program Files\Common Files, COMPUTERNAME=LAPTOP-HKMAU7E3, COMMONPROGRAMFILES=C:\Program Files\Common Files, COMSPEC=C:\WINDOWS\system32\cmd.exe, PROCESSOR_REVISION=5e03, TEMP=C:\Users\nice\AppData\Local\Temp, HOMEDRIVE=C:, USERPROFILE=C:\Users\nice, TMP=C:\Users\nice\AppData\Local\Temp, NUMBER_OF_PROCESSORS=4}}]
10:02:03.226 [main] INFO org.springframework.boot.test.context.SpringBootTestContextBootstrapper - Found @SpringBootConfiguration com.uvanix.consumer.Application for test class com.uvanix.consumer.ApplicationTests
10:02:03.226 [main] DEBUG org.springframework.boot.test.context.SpringBootTestContextBootstrapper - @TestExecutionListeners is not present for class [com.uvanix.consumer.ApplicationTests]: using defaults.
10:02:03.231 [main] INFO org.springframework.boot.test.context.SpringBootTestContextBootstrapper - Loaded default TestExecutionListener class names from location [META-INF/spring.factories]: [org.springframework.boot.test.mock.mockito.MockitoTestExecutionListener, org.springframework.boot.test.mock.mockito.ResetMocksTestExecutionListener, org.springframework.boot.test.autoconfigure.restdocs.RestDocsTestExecutionListener, org.springframework.boot.test.autoconfigure.web.client.MockRestServiceServerResetTestExecutionListener, org.springframework.boot.test.autoconfigure.web.servlet.MockMvcPrintOnlyOnFailureTestExecutionListener, org.springframework.boot.test.autoconfigure.web.servlet.WebDriverTestExecutionListener, org.springframework.test.context.web.ServletTestExecutionListener, org.springframework.test.context.support.DirtiesContextBeforeModesTestExecutionListener, org.springframework.test.context.support.DependencyInjectionTestExecutionListener, org.springframework.test.context.support.DirtiesContextTestExecutionListener, org.springframework.test.context.transaction.TransactionalTestExecutionListener, org.springframework.test.context.jdbc.SqlScriptsTestExecutionListener]
10:02:03.235 [main] INFO org.springframework.boot.test.context.SpringBootTestContextBootstrapper - Could not instantiate TestExecutionListener [org.springframework.test.context.jdbc.SqlScriptsTestExecutionListener]. Specify custom listener classes or make the default listener classes (and their required dependencies) available. Offending class: [org/springframework/transaction/interceptor/TransactionAttribute]
10:02:03.236 [main] INFO org.springframework.boot.test.context.SpringBootTestContextBootstrapper - Could not instantiate TestExecutionListener [org.springframework.test.context.transaction.TransactionalTestExecutionListener]. Specify custom listener classes or make the default listener classes (and their required dependencies) available. Offending class: [org/springframework/transaction/interceptor/TransactionAttributeSource]
10:02:03.236 [main] INFO org.springframework.boot.test.context.SpringBootTestContextBootstrapper - Using TestExecutionListeners: [org.springframework.test.context.web.ServletTestExecutionListener@429bd883, org.springframework.test.context.support.DirtiesContextBeforeModesTestExecutionListener@4d49af10, org.springframework.boot.test.autoconfigure.SpringBootDependencyInjectionTestExecutionListener@279ad2e3, org.springframework.test.context.support.DirtiesContextTestExecutionListener@58134517, org.springframework.boot.test.mock.mockito.MockitoTestExecutionListener@4450d156, org.springframework.boot.test.autoconfigure.web.client.MockRestServiceServerResetTestExecutionListener@4461c7e3, org.springframework.boot.test.autoconfigure.restdocs.RestDocsTestExecutionListener@351d0846, org.springframework.boot.test.autoconfigure.web.servlet.WebDriverTestExecutionListener@77e4c80f, org.springframework.boot.test.mock.mockito.ResetMocksTestExecutionListener@35fc6dc4, org.springframework.boot.test.autoconfigure.web.servlet.MockMvcPrintOnlyOnFailureTestExecutionListener@7fe8ea47]
10:02:03.236 [main] DEBUG org.springframework.test.annotation.ProfileValueUtils - Retrieved @ProfileValueSourceConfiguration [null] for test class [com.uvanix.consumer.ApplicationTests]
10:02:03.237 [main] DEBUG org.springframework.test.annotation.ProfileValueUtils - Retrieved ProfileValueSource type [class org.springframework.test.annotation.SystemProfileValueSource] for class [com.uvanix.consumer.ApplicationTests]
10:02:03.238 [main] DEBUG org.springframework.test.annotation.ProfileValueUtils - Retrieved @ProfileValueSourceConfiguration [null] for test class [com.uvanix.consumer.ApplicationTests]
10:02:03.238 [main] DEBUG org.springframework.test.annotation.ProfileValueUtils - Retrieved ProfileValueSource type [class org.springframework.test.annotation.SystemProfileValueSource] for class [com.uvanix.consumer.ApplicationTests]
]]></system-out>
  </testcase>
</testsuite>